[0.114s] Invoking command in '/workspaces/irobot_workspace/build/turtlebot3_cartographer': CMAKE_PREFIX_PATH=/opt/ros/humble /usr/bin/cmake /workspaces/irobot_workspace/src/turtlebot3/turtlebot3_cartographer -DCMAKE_BUILD_TYPE=RelWithDebInfo -DCMAKE_EXPORT_COMPILE_COMMANDS=On -Wall -Wextra -Wpedantic -DAMENT_CMAKE_SYMLINK_INSTALL=1 -DCMAKE_INSTALL_PREFIX=/workspaces/irobot_workspace/install
[0.234s] -- The C compiler identification is GNU 11.4.0
[0.321s] -- The CXX compiler identification is GNU 11.4.0
[0.326s] -- Detecting C compiler ABI info
[0.379s] -- Detecting C compiler ABI info - done
[0.384s] -- Check for working C compiler: /usr/bin/cc - skipped
[0.384s] -- Detecting C compile features
[0.386s] -- Detecting C compile features - done
[0.389s] -- Detecting CXX compiler ABI info
[0.446s] -- Detecting CXX compiler ABI info - done
[0.452s] -- Check for working CXX compiler: /usr/bin/c++ - skipped
[0.452s] -- Detecting CXX compile features
[0.452s] -- Detecting CXX compile features - done
[0.459s] -- Found ament_cmake: 1.3.7 (/opt/ros/humble/share/ament_cmake/cmake)
[0.559s] -- Found Python3: /usr/bin/python3.10 (found version "3.10.12") found components: Interpreter 
[0.614s] -- Override CMake install command with custom implementation using symlinks instead of copying resources
[0.697s] -- Configuring done
[0.699s] -- Generating done
[0.700s] [33mCMake Warning:
[0.700s]   Manually-specified variables were not used by the project:
[0.700s] 
[0.700s]     CMAKE_EXPORT_COMPILE_COMMANDS
[0.700s] 
[0.700s] [0m
[0.700s] -- Build files have been written to: /workspaces/irobot_workspace/build/turtlebot3_cartographer
[0.706s] Invoked command in '/workspaces/irobot_workspace/build/turtlebot3_cartographer' returned '0': CMAKE_PREFIX_PATH=/opt/ros/humble /usr/bin/cmake /workspaces/irobot_workspace/src/turtlebot3/turtlebot3_cartographer -DCMAKE_BUILD_TYPE=RelWithDebInfo -DCMAKE_EXPORT_COMPILE_COMMANDS=On -Wall -Wextra -Wpedantic -DAMENT_CMAKE_SYMLINK_INSTALL=1 -DCMAKE_INSTALL_PREFIX=/workspaces/irobot_workspace/install
[0.707s] Invoking command in '/workspaces/irobot_workspace/build/turtlebot3_cartographer': CMAKE_PREFIX_PATH=/opt/ros/humble /usr/bin/cmake --build /workspaces/irobot_workspace/build/turtlebot3_cartographer -- -j20 -l20
[0.730s] Invoked command in '/workspaces/irobot_workspace/build/turtlebot3_cartographer' returned '0': CMAKE_PREFIX_PATH=/opt/ros/humble /usr/bin/cmake --build /workspaces/irobot_workspace/build/turtlebot3_cartographer -- -j20 -l20
[0.752s] Invoking command in '/workspaces/irobot_workspace/build/turtlebot3_cartographer': CMAKE_PREFIX_PATH=/opt/ros/humble /usr/bin/cmake --install /workspaces/irobot_workspace/build/turtlebot3_cartographer
[0.757s] -- Install configuration: "RelWithDebInfo"
[0.758s] -- Execute custom install script
[0.758s] -- Symlinking: /workspaces/irobot_workspace/install/share/turtlebot3_cartographer/config/turtlebot3_lds_2d.lua
[0.768s] -- Symlinking: /workspaces/irobot_workspace/install/share/turtlebot3_cartographer/launch/cartographer.launch.py
[0.774s] -- Symlinking: /workspaces/irobot_workspace/install/share/turtlebot3_cartographer/launch/occupancy_grid.launch.py
[0.781s] -- Symlinking: /workspaces/irobot_workspace/install/share/turtlebot3_cartographer/rviz/tb3_cartographer.rviz
[0.790s] -- Symlinking: /workspaces/irobot_workspace/install/share/ament_index/resource_index/package_run_dependencies/turtlebot3_cartographer
[0.798s] -- Symlinking: /workspaces/irobot_workspace/install/share/ament_index/resource_index/parent_prefix_path/turtlebot3_cartographer
[0.809s] -- Symlinking: /workspaces/irobot_workspace/install/share/turtlebot3_cartographer/environment/ament_prefix_path.sh
[0.820s] -- Symlinking: /workspaces/irobot_workspace/install/share/turtlebot3_cartographer/environment/ament_prefix_path.dsv
[0.829s] -- Symlinking: /workspaces/irobot_workspace/install/share/turtlebot3_cartographer/environment/path.sh
[0.838s] -- Symlinking: /workspaces/irobot_workspace/install/share/turtlebot3_cartographer/environment/path.dsv
[0.848s] -- Symlinking: /workspaces/irobot_workspace/install/share/turtlebot3_cartographer/local_setup.bash
[0.856s] -- Symlinking: /workspaces/irobot_workspace/install/share/turtlebot3_cartographer/local_setup.sh
[0.862s] -- Symlinking: /workspaces/irobot_workspace/install/share/turtlebot3_cartographer/local_setup.zsh
[0.869s] -- Symlinking: /workspaces/irobot_workspace/install/share/turtlebot3_cartographer/local_setup.dsv
[0.878s] -- Symlinking: /workspaces/irobot_workspace/install/share/turtlebot3_cartographer/package.dsv
[0.884s] -- Symlinking: /workspaces/irobot_workspace/install/share/ament_index/resource_index/packages/turtlebot3_cartographer
[0.895s] -- Symlinking: /workspaces/irobot_workspace/install/share/turtlebot3_cartographer/cmake/turtlebot3_cartographerConfig.cmake
[0.901s] -- Symlinking: /workspaces/irobot_workspace/install/share/turtlebot3_cartographer/cmake/turtlebot3_cartographerConfig-version.cmake
[0.912s] -- Symlinking: /workspaces/irobot_workspace/install/share/turtlebot3_cartographer/package.xml
[0.923s] Invoked command in '/workspaces/irobot_workspace/build/turtlebot3_cartographer' returned '0': CMAKE_PREFIX_PATH=/opt/ros/humble /usr/bin/cmake --install /workspaces/irobot_workspace/build/turtlebot3_cartographer
