[0.038s] Invoking command in '/workspaces/irobot_workspace/build/create_robot': CMAKE_PREFIX_PATH=${CMAKE_PREFIX_PATH}:/opt/ros/humble PKG_CONFIG_PATH=/workspaces/irobot_workspace/install/lib/x86_64-linux-gnu/pkgconfig:/workspaces/irobot_workspace/install/lib/pkgconfig PYTHONPATH=/workspaces/irobot_workspace/install/lib/python3.10/site-packages:/workspaces/irobot_workspace/build/turtlebot3_teleop:/workspaces/irobot_workspace/build/turtlebot3_example:/workspaces/irobot_workspace/install/local/lib/python3.10/dist-packages:/opt/ros/humble/local/lib/python3.10/dist-packages:/opt/ros/humble/lib/python3.10/site-packages /usr/bin/cmake /workspaces/irobot_workspace/src/create_robot/create_robot -DCMAKE_BUILD_TYPE=RelWithDebInfo -DCMAKE_EXPORT_COMPILE_COMMANDS=On -Wall -Wextra -Wpedantic -DAMENT_CMAKE_SYMLINK_INSTALL=1 -DCMAKE_INSTALL_PREFIX=/workspaces/irobot_workspace/install
[0.069s] -- The C compiler identification is GNU 11.4.0
[0.102s] -- The CXX compiler identification is GNU 11.4.0
[0.107s] -- Detecting C compiler ABI info
[0.146s] -- Detecting C compiler ABI info - done
[0.150s] -- Check for working C compiler: /usr/bin/cc - skipped
[0.150s] -- Detecting C compile features
[0.150s] -- Detecting C compile features - done
[0.152s] -- Detecting CXX compiler ABI info
[0.198s] -- Detecting CXX compiler ABI info - done
[0.203s] -- Check for working CXX compiler: /usr/bin/c++ - skipped
[0.203s] -- Detecting CXX compile features
[0.203s] -- Detecting CXX compile features - done
[0.205s] -- Found ament_cmake: 1.3.7 (/opt/ros/humble/share/ament_cmake/cmake)
[0.303s] -- Found Python3: /usr/bin/python3.10 (found version "3.10.12") found components: Interpreter 
[0.345s] -- Override CMake install command with custom implementation using symlinks instead of copying resources
[0.411s] -- Configuring done
[0.413s] -- Generating done
[0.413s] [33mCMake Warning:
[0.413s]   Manually-specified variables were not used by the project:
[0.413s] 
[0.413s]     CMAKE_EXPORT_COMPILE_COMMANDS
[0.413s] 
[0.413s] [0m
[0.413s] -- Build files have been written to: /workspaces/irobot_workspace/build/create_robot
[0.417s] Invoked command in '/workspaces/irobot_workspace/build/create_robot' returned '0': CMAKE_PREFIX_PATH=${CMAKE_PREFIX_PATH}:/opt/ros/humble PKG_CONFIG_PATH=/workspaces/irobot_workspace/install/lib/x86_64-linux-gnu/pkgconfig:/workspaces/irobot_workspace/install/lib/pkgconfig PYTHONPATH=/workspaces/irobot_workspace/install/lib/python3.10/site-packages:/workspaces/irobot_workspace/build/turtlebot3_teleop:/workspaces/irobot_workspace/build/turtlebot3_example:/workspaces/irobot_workspace/install/local/lib/python3.10/dist-packages:/opt/ros/humble/local/lib/python3.10/dist-packages:/opt/ros/humble/lib/python3.10/site-packages /usr/bin/cmake /workspaces/irobot_workspace/src/create_robot/create_robot -DCMAKE_BUILD_TYPE=RelWithDebInfo -DCMAKE_EXPORT_COMPILE_COMMANDS=On -Wall -Wextra -Wpedantic -DAMENT_CMAKE_SYMLINK_INSTALL=1 -DCMAKE_INSTALL_PREFIX=/workspaces/irobot_workspace/install
[0.418s] Invoking command in '/workspaces/irobot_workspace/build/create_robot': CMAKE_PREFIX_PATH=${CMAKE_PREFIX_PATH}:/opt/ros/humble PKG_CONFIG_PATH=/workspaces/irobot_workspace/install/lib/x86_64-linux-gnu/pkgconfig:/workspaces/irobot_workspace/install/lib/pkgconfig PYTHONPATH=/workspaces/irobot_workspace/install/lib/python3.10/site-packages:/workspaces/irobot_workspace/build/turtlebot3_teleop:/workspaces/irobot_workspace/build/turtlebot3_example:/workspaces/irobot_workspace/install/local/lib/python3.10/dist-packages:/opt/ros/humble/local/lib/python3.10/dist-packages:/opt/ros/humble/lib/python3.10/site-packages /usr/bin/cmake --build /workspaces/irobot_workspace/build/create_robot -- -j20 -l20
[0.438s] Invoked command in '/workspaces/irobot_workspace/build/create_robot' returned '0': CMAKE_PREFIX_PATH=${CMAKE_PREFIX_PATH}:/opt/ros/humble PKG_CONFIG_PATH=/workspaces/irobot_workspace/install/lib/x86_64-linux-gnu/pkgconfig:/workspaces/irobot_workspace/install/lib/pkgconfig PYTHONPATH=/workspaces/irobot_workspace/install/lib/python3.10/site-packages:/workspaces/irobot_workspace/build/turtlebot3_teleop:/workspaces/irobot_workspace/build/turtlebot3_example:/workspaces/irobot_workspace/install/local/lib/python3.10/dist-packages:/opt/ros/humble/local/lib/python3.10/dist-packages:/opt/ros/humble/lib/python3.10/site-packages /usr/bin/cmake --build /workspaces/irobot_workspace/build/create_robot -- -j20 -l20
[0.450s] Invoking command in '/workspaces/irobot_workspace/build/create_robot': CMAKE_PREFIX_PATH=${CMAKE_PREFIX_PATH}:/opt/ros/humble PKG_CONFIG_PATH=/workspaces/irobot_workspace/install/lib/x86_64-linux-gnu/pkgconfig:/workspaces/irobot_workspace/install/lib/pkgconfig PYTHONPATH=/workspaces/irobot_workspace/install/lib/python3.10/site-packages:/workspaces/irobot_workspace/build/turtlebot3_teleop:/workspaces/irobot_workspace/build/turtlebot3_example:/workspaces/irobot_workspace/install/local/lib/python3.10/dist-packages:/opt/ros/humble/local/lib/python3.10/dist-packages:/opt/ros/humble/lib/python3.10/site-packages /usr/bin/cmake --install /workspaces/irobot_workspace/build/create_robot
[0.454s] -- Install configuration: "RelWithDebInfo"
[0.454s] -- Execute custom install script
[0.454s] -- Symlinking: /workspaces/irobot_workspace/install/share/ament_index/resource_index/package_run_dependencies/create_robot
[0.458s] -- Symlinking: /workspaces/irobot_workspace/install/share/ament_index/resource_index/parent_prefix_path/create_robot
[0.463s] -- Symlinking: /workspaces/irobot_workspace/install/share/create_robot/environment/ament_prefix_path.sh
[0.467s] -- Symlinking: /workspaces/irobot_workspace/install/share/create_robot/environment/ament_prefix_path.dsv
[0.472s] -- Symlinking: /workspaces/irobot_workspace/install/share/create_robot/environment/path.sh
[0.475s] -- Symlinking: /workspaces/irobot_workspace/install/share/create_robot/environment/path.dsv
[0.479s] -- Symlinking: /workspaces/irobot_workspace/install/share/create_robot/local_setup.bash
[0.484s] -- Symlinking: /workspaces/irobot_workspace/install/share/create_robot/local_setup.sh
[0.488s] -- Symlinking: /workspaces/irobot_workspace/install/share/create_robot/local_setup.zsh
[0.493s] -- Symlinking: /workspaces/irobot_workspace/install/share/create_robot/local_setup.dsv
[0.498s] -- Symlinking: /workspaces/irobot_workspace/install/share/create_robot/package.dsv
[0.502s] -- Symlinking: /workspaces/irobot_workspace/install/share/ament_index/resource_index/packages/create_robot
[0.506s] -- Symlinking: /workspaces/irobot_workspace/install/share/create_robot/cmake/create_robotConfig.cmake
[0.510s] -- Symlinking: /workspaces/irobot_workspace/install/share/create_robot/cmake/create_robotConfig-version.cmake
[0.514s] -- Symlinking: /workspaces/irobot_workspace/install/share/create_robot/package.xml
[0.520s] Invoked command in '/workspaces/irobot_workspace/build/create_robot' returned '0': CMAKE_PREFIX_PATH=${CMAKE_PREFIX_PATH}:/opt/ros/humble PKG_CONFIG_PATH=/workspaces/irobot_workspace/install/lib/x86_64-linux-gnu/pkgconfig:/workspaces/irobot_workspace/install/lib/pkgconfig PYTHONPATH=/workspaces/irobot_workspace/install/lib/python3.10/site-packages:/workspaces/irobot_workspace/build/turtlebot3_teleop:/workspaces/irobot_workspace/build/turtlebot3_example:/workspaces/irobot_workspace/install/local/lib/python3.10/dist-packages:/opt/ros/humble/local/lib/python3.10/dist-packages:/opt/ros/humble/lib/python3.10/site-packages /usr/bin/cmake --install /workspaces/irobot_workspace/build/create_robot
