[0.053s] Invoking command in '/workspaces/irobot_workspace/build/turtlebot3_simulations': CMAKE_PREFIX_PATH=${CMAKE_PREFIX_PATH}:/opt/ros/humble PYTHONPATH=/workspaces/irobot_workspace/install/lib/python3.10/site-packages:/workspaces/irobot_workspace/build/turtlebot3_teleop:/workspaces/irobot_workspace/build/turtlebot3_example:/workspaces/irobot_workspace/install/local/lib/python3.10/dist-packages:/opt/ros/humble/local/lib/python3.10/dist-packages:/opt/ros/humble/lib/python3.10/site-packages /usr/bin/cmake --build /workspaces/irobot_workspace/build/turtlebot3_simulations -- -j20 -l20
[0.139s] Invoked command in '/workspaces/irobot_workspace/build/turtlebot3_simulations' returned '0': CMAKE_PREFIX_PATH=${CMAKE_PREFIX_PATH}:/opt/ros/humble PYTHONPATH=/workspaces/irobot_workspace/install/lib/python3.10/site-packages:/workspaces/irobot_workspace/build/turtlebot3_teleop:/workspaces/irobot_workspace/build/turtlebot3_example:/workspaces/irobot_workspace/install/local/lib/python3.10/dist-packages:/opt/ros/humble/local/lib/python3.10/dist-packages:/opt/ros/humble/lib/python3.10/site-packages /usr/bin/cmake --build /workspaces/irobot_workspace/build/turtlebot3_simulations -- -j20 -l20
[0.157s] Invoking command in '/workspaces/irobot_workspace/build/turtlebot3_simulations': CMAKE_PREFIX_PATH=${CMAKE_PREFIX_PATH}:/opt/ros/humble PYTHONPATH=/workspaces/irobot_workspace/install/lib/python3.10/site-packages:/workspaces/irobot_workspace/build/turtlebot3_teleop:/workspaces/irobot_workspace/build/turtlebot3_example:/workspaces/irobot_workspace/install/local/lib/python3.10/dist-packages:/opt/ros/humble/local/lib/python3.10/dist-packages:/opt/ros/humble/lib/python3.10/site-packages /usr/bin/cmake --install /workspaces/irobot_workspace/build/turtlebot3_simulations
[0.165s] -- Install configuration: "RelWithDebInfo"
[0.165s] -- Execute custom install script
[0.166s] -- Up-to-date symlink: /workspaces/irobot_workspace/install/share/ament_index/resource_index/package_run_dependencies/turtlebot3_simulations
[0.166s] -- Up-to-date symlink: /workspaces/irobot_workspace/install/share/ament_index/resource_index/parent_prefix_path/turtlebot3_simulations
[0.166s] -- Up-to-date symlink: /workspaces/irobot_workspace/install/share/turtlebot3_simulations/environment/ament_prefix_path.sh
[0.166s] -- Up-to-date symlink: /workspaces/irobot_workspace/install/share/turtlebot3_simulations/environment/ament_prefix_path.dsv
[0.166s] -- Up-to-date symlink: /workspaces/irobot_workspace/install/share/turtlebot3_simulations/environment/path.sh
[0.166s] -- Up-to-date symlink: /workspaces/irobot_workspace/install/share/turtlebot3_simulations/environment/path.dsv
[0.166s] -- Up-to-date symlink: /workspaces/irobot_workspace/install/share/turtlebot3_simulations/local_setup.bash
[0.167s] -- Up-to-date symlink: /workspaces/irobot_workspace/install/share/turtlebot3_simulations/local_setup.sh
[0.167s] -- Up-to-date symlink: /workspaces/irobot_workspace/install/share/turtlebot3_simulations/local_setup.zsh
[0.167s] -- Up-to-date symlink: /workspaces/irobot_workspace/install/share/turtlebot3_simulations/local_setup.dsv
[0.167s] -- Symlinking: /workspaces/irobot_workspace/install/share/turtlebot3_simulations/package.dsv
[0.189s] -- Up-to-date symlink: /workspaces/irobot_workspace/install/share/ament_index/resource_index/packages/turtlebot3_simulations
[0.189s] -- Up-to-date symlink: /workspaces/irobot_workspace/install/share/turtlebot3_simulations/cmake/turtlebot3_simulationsConfig.cmake
[0.190s] -- Up-to-date symlink: /workspaces/irobot_workspace/install/share/turtlebot3_simulations/cmake/turtlebot3_simulationsConfig-version.cmake
[0.190s] -- Up-to-date symlink: /workspaces/irobot_workspace/install/share/turtlebot3_simulations/package.xml
[0.229s] Invoked command in '/workspaces/irobot_workspace/build/turtlebot3_simulations' returned '0': CMAKE_PREFIX_PATH=${CMAKE_PREFIX_PATH}:/opt/ros/humble PYTHONPATH=/workspaces/irobot_workspace/install/lib/python3.10/site-packages:/workspaces/irobot_workspace/build/turtlebot3_teleop:/workspaces/irobot_workspace/build/turtlebot3_example:/workspaces/irobot_workspace/install/local/lib/python3.10/dist-packages:/opt/ros/humble/local/lib/python3.10/dist-packages:/opt/ros/humble/lib/python3.10/site-packages /usr/bin/cmake --install /workspaces/irobot_workspace/build/turtlebot3_simulations
