[0.034s] Invoking command in '/workspaces/irobot_workspace/build/turtlebot3': AMENT_PREFIX_PATH=/workspaces/irobot_workspace/install:${AMENT_PREFIX_PATH} CMAKE_PREFIX_PATH=/workspaces/irobot_workspace/install:/opt/ros/humble LD_LIBRARY_PATH=/workspaces/irobot_workspace/install/lib:${LD_LIBRARY_PATH} PYTHONPATH=/workspaces/irobot_workspace/install/lib/python3.10/site-packages:/workspaces/irobot_workspace/build/turtlebot3_example:/workspaces/irobot_workspace/build/turtlebot3_teleop:/workspaces/irobot_workspace/install/local/lib/python3.10/dist-packages:${PYTHONPATH} /usr/bin/cmake /workspaces/irobot_workspace/src/turtlebot3/turtlebot3 -DCMAKE_BUILD_TYPE=RelWithDebInfo -DCMAKE_EXPORT_COMPILE_COMMANDS=On -Wall -Wextra -Wpedantic -DAMENT_CMAKE_SYMLINK_INSTALL=1 -DCMAKE_INSTALL_PREFIX=/workspaces/irobot_workspace/install
[0.068s] -- The C compiler identification is GNU 11.4.0
[0.103s] -- The CXX compiler identification is GNU 11.4.0
[0.108s] -- Detecting C compiler ABI info
[0.151s] -- Detecting C compiler ABI info - done
[0.155s] -- Check for working C compiler: /usr/bin/cc - skipped
[0.155s] -- Detecting C compile features
[0.155s] -- Detecting C compile features - done
[0.157s] -- Detecting CXX compiler ABI info
[0.207s] -- Detecting CXX compiler ABI info - done
[0.212s] -- Check for working CXX compiler: /usr/bin/c++ - skipped
[0.212s] -- Detecting CXX compile features
[0.212s] -- Detecting CXX compile features - done
[0.214s] -- Found ament_cmake: 1.3.7 (/opt/ros/humble/share/ament_cmake/cmake)
[0.312s] -- Found Python3: /usr/bin/python3.10 (found version "3.10.12") found components: Interpreter 
[0.358s] -- Override CMake install command with custom implementation using symlinks instead of copying resources
[0.423s] -- Configuring done
[0.425s] -- Generating done
[0.425s] [33mCMake Warning:
[0.425s]   Manually-specified variables were not used by the project:
[0.425s] 
[0.425s]     CMAKE_EXPORT_COMPILE_COMMANDS
[0.426s] 
[0.426s] [0m
[0.426s] -- Build files have been written to: /workspaces/irobot_workspace/build/turtlebot3
[0.429s] Invoked command in '/workspaces/irobot_workspace/build/turtlebot3' returned '0': AMENT_PREFIX_PATH=/workspaces/irobot_workspace/install:${AMENT_PREFIX_PATH} CMAKE_PREFIX_PATH=/workspaces/irobot_workspace/install:/opt/ros/humble LD_LIBRARY_PATH=/workspaces/irobot_workspace/install/lib:${LD_LIBRARY_PATH} PYTHONPATH=/workspaces/irobot_workspace/install/lib/python3.10/site-packages:/workspaces/irobot_workspace/build/turtlebot3_example:/workspaces/irobot_workspace/build/turtlebot3_teleop:/workspaces/irobot_workspace/install/local/lib/python3.10/dist-packages:${PYTHONPATH} /usr/bin/cmake /workspaces/irobot_workspace/src/turtlebot3/turtlebot3 -DCMAKE_BUILD_TYPE=RelWithDebInfo -DCMAKE_EXPORT_COMPILE_COMMANDS=On -Wall -Wextra -Wpedantic -DAMENT_CMAKE_SYMLINK_INSTALL=1 -DCMAKE_INSTALL_PREFIX=/workspaces/irobot_workspace/install
[0.430s] Invoking command in '/workspaces/irobot_workspace/build/turtlebot3': AMENT_PREFIX_PATH=/workspaces/irobot_workspace/install:${AMENT_PREFIX_PATH} CMAKE_PREFIX_PATH=/workspaces/irobot_workspace/install:/opt/ros/humble LD_LIBRARY_PATH=/workspaces/irobot_workspace/install/lib:${LD_LIBRARY_PATH} PYTHONPATH=/workspaces/irobot_workspace/install/lib/python3.10/site-packages:/workspaces/irobot_workspace/build/turtlebot3_example:/workspaces/irobot_workspace/build/turtlebot3_teleop:/workspaces/irobot_workspace/install/local/lib/python3.10/dist-packages:${PYTHONPATH} /usr/bin/cmake --build /workspaces/irobot_workspace/build/turtlebot3 -- -j20 -l20
[0.451s] Invoked command in '/workspaces/irobot_workspace/build/turtlebot3' returned '0': AMENT_PREFIX_PATH=/workspaces/irobot_workspace/install:${AMENT_PREFIX_PATH} CMAKE_PREFIX_PATH=/workspaces/irobot_workspace/install:/opt/ros/humble LD_LIBRARY_PATH=/workspaces/irobot_workspace/install/lib:${LD_LIBRARY_PATH} PYTHONPATH=/workspaces/irobot_workspace/install/lib/python3.10/site-packages:/workspaces/irobot_workspace/build/turtlebot3_example:/workspaces/irobot_workspace/build/turtlebot3_teleop:/workspaces/irobot_workspace/install/local/lib/python3.10/dist-packages:${PYTHONPATH} /usr/bin/cmake --build /workspaces/irobot_workspace/build/turtlebot3 -- -j20 -l20
[0.466s] Invoking command in '/workspaces/irobot_workspace/build/turtlebot3': AMENT_PREFIX_PATH=/workspaces/irobot_workspace/install:${AMENT_PREFIX_PATH} CMAKE_PREFIX_PATH=/workspaces/irobot_workspace/install:/opt/ros/humble LD_LIBRARY_PATH=/workspaces/irobot_workspace/install/lib:${LD_LIBRARY_PATH} PYTHONPATH=/workspaces/irobot_workspace/install/lib/python3.10/site-packages:/workspaces/irobot_workspace/build/turtlebot3_example:/workspaces/irobot_workspace/build/turtlebot3_teleop:/workspaces/irobot_workspace/install/local/lib/python3.10/dist-packages:${PYTHONPATH} /usr/bin/cmake --install /workspaces/irobot_workspace/build/turtlebot3
[0.470s] -- Install configuration: "RelWithDebInfo"
[0.471s] -- Execute custom install script
[0.471s] -- Symlinking: /workspaces/irobot_workspace/install/share/ament_index/resource_index/package_run_dependencies/turtlebot3
[0.476s] -- Symlinking: /workspaces/irobot_workspace/install/share/ament_index/resource_index/parent_prefix_path/turtlebot3
[0.481s] -- Symlinking: /workspaces/irobot_workspace/install/share/turtlebot3/environment/ament_prefix_path.sh
[0.486s] -- Symlinking: /workspaces/irobot_workspace/install/share/turtlebot3/environment/ament_prefix_path.dsv
[0.491s] -- Symlinking: /workspaces/irobot_workspace/install/share/turtlebot3/environment/path.sh
[0.495s] -- Symlinking: /workspaces/irobot_workspace/install/share/turtlebot3/environment/path.dsv
[0.500s] -- Symlinking: /workspaces/irobot_workspace/install/share/turtlebot3/local_setup.bash
[0.505s] -- Symlinking: /workspaces/irobot_workspace/install/share/turtlebot3/local_setup.sh
[0.510s] -- Symlinking: /workspaces/irobot_workspace/install/share/turtlebot3/local_setup.zsh
[0.515s] -- Symlinking: /workspaces/irobot_workspace/install/share/turtlebot3/local_setup.dsv
[0.519s] -- Symlinking: /workspaces/irobot_workspace/install/share/turtlebot3/package.dsv
[0.524s] -- Symlinking: /workspaces/irobot_workspace/install/share/ament_index/resource_index/packages/turtlebot3
[0.529s] -- Symlinking: /workspaces/irobot_workspace/install/share/turtlebot3/cmake/turtlebot3Config.cmake
[0.534s] -- Symlinking: /workspaces/irobot_workspace/install/share/turtlebot3/cmake/turtlebot3Config-version.cmake
[0.539s] -- Symlinking: /workspaces/irobot_workspace/install/share/turtlebot3/package.xml
[0.545s] Invoked command in '/workspaces/irobot_workspace/build/turtlebot3' returned '0': AMENT_PREFIX_PATH=/workspaces/irobot_workspace/install:${AMENT_PREFIX_PATH} CMAKE_PREFIX_PATH=/workspaces/irobot_workspace/install:/opt/ros/humble LD_LIBRARY_PATH=/workspaces/irobot_workspace/install/lib:${LD_LIBRARY_PATH} PYTHONPATH=/workspaces/irobot_workspace/install/lib/python3.10/site-packages:/workspaces/irobot_workspace/build/turtlebot3_example:/workspaces/irobot_workspace/build/turtlebot3_teleop:/workspaces/irobot_workspace/install/local/lib/python3.10/dist-packages:${PYTHONPATH} /usr/bin/cmake --install /workspaces/irobot_workspace/build/turtlebot3
