[0.126s] Invoking command in '/workspaces/irobot_workspace/build/dynamixel_sdk_custom_interfaces': CMAKE_PREFIX_PATH=/opt/ros/humble /usr/bin/cmake --build /workspaces/irobot_workspace/build/dynamixel_sdk_custom_interfaces -- -j20 -l20
[0.168s] [35m[1mConsolidate compiler generated dependencies of target dynamixel_sdk_custom_interfaces__rosidl_generator_c[0m
[0.173s] [  2%] Built target dynamixel_sdk_custom_interfaces__cpp
[0.176s] [ 12%] Built target dynamixel_sdk_custom_interfaces__rosidl_generator_c
[0.178s] [ 12%] Built target ament_cmake_python_symlink_dynamixel_sdk_custom_interfaces
[0.187s] [35m[1mConsolidate compiler generated dependencies of target dynamixel_sdk_custom_interfaces__rosidl_typesupport_fastrtps_cpp[0m
[0.187s] [35m[1mConsolidate compiler generated dependencies of target dynamixel_sdk_custom_interfaces__rosidl_typesupport_introspection_cpp[0m
[0.187s] [35m[1mConsolidate compiler generated dependencies of target dynamixel_sdk_custom_interfaces__rosidl_typesupport_cpp[0m
[0.189s] [35m[1mConsolidate compiler generated dependencies of target dynamixel_sdk_custom_interfaces__rosidl_typesupport_introspection_c[0m
[0.192s] [35m[1mConsolidate compiler generated dependencies of target dynamixel_sdk_custom_interfaces__rosidl_typesupport_c[0m
[0.194s] [35m[1mConsolidate compiler generated dependencies of target dynamixel_sdk_custom_interfaces__rosidl_typesupport_fastrtps_c[0m
[0.199s] [ 23%] Built target dynamixel_sdk_custom_interfaces__rosidl_typesupport_introspection_c
[0.200s] [ 51%] Built target dynamixel_sdk_custom_interfaces__rosidl_typesupport_introspection_cpp
[0.200s] [ 53%] Built target dynamixel_sdk_custom_interfaces__rosidl_typesupport_fastrtps_cpp
[0.200s] [ 38%] Built target dynamixel_sdk_custom_interfaces__rosidl_typesupport_cpp
[0.201s] [ 64%] Built target dynamixel_sdk_custom_interfaces__rosidl_typesupport_c
[0.208s] [ 74%] Built target dynamixel_sdk_custom_interfaces__rosidl_typesupport_fastrtps_c
[0.223s] [ 74%] Built target dynamixel_sdk_custom_interfaces
[0.242s] [ 76%] Built target dynamixel_sdk_custom_interfaces__py
[0.252s] [35m[1mConsolidate compiler generated dependencies of target dynamixel_sdk_custom_interfaces__rosidl_generator_py[0m
[0.263s] [ 84%] Built target dynamixel_sdk_custom_interfaces__rosidl_generator_py
[0.274s] [35m[1mConsolidate compiler generated dependencies of target dynamixel_sdk_custom_interfaces__rosidl_typesupport_introspection_c__pyext[0m
[0.275s] [35m[1mConsolidate compiler generated dependencies of target dynamixel_sdk_custom_interfaces__rosidl_typesupport_c__pyext[0m
[0.275s] [35m[1mConsolidate compiler generated dependencies of target dynamixel_sdk_custom_interfaces__rosidl_typesupport_fastrtps_c__pyext[0m
[0.285s] [ 94%] Built target dynamixel_sdk_custom_interfaces__rosidl_typesupport_c__pyext
[0.285s] [ 94%] Built target dynamixel_sdk_custom_interfaces__rosidl_typesupport_introspection_c__pyext
[0.285s] [100%] Built target dynamixel_sdk_custom_interfaces__rosidl_typesupport_fastrtps_c__pyext
[0.343s] running egg_info
[0.344s] writing dynamixel_sdk_custom_interfaces.egg-info/PKG-INFO
[0.345s] writing dependency_links to dynamixel_sdk_custom_interfaces.egg-info/dependency_links.txt
[0.345s] writing top-level names to dynamixel_sdk_custom_interfaces.egg-info/top_level.txt
[0.346s] reading manifest file 'dynamixel_sdk_custom_interfaces.egg-info/SOURCES.txt'
[0.347s] writing manifest file 'dynamixel_sdk_custom_interfaces.egg-info/SOURCES.txt'
[0.371s] [100%] Built target ament_cmake_python_build_dynamixel_sdk_custom_interfaces_egg
[0.394s] Invoked command in '/workspaces/irobot_workspace/build/dynamixel_sdk_custom_interfaces' returned '0': CMAKE_PREFIX_PATH=/opt/ros/humble /usr/bin/cmake --build /workspaces/irobot_workspace/build/dynamixel_sdk_custom_interfaces -- -j20 -l20
[0.591s] Invoking command in '/workspaces/irobot_workspace/build/dynamixel_sdk_custom_interfaces': CMAKE_PREFIX_PATH=/opt/ros/humble /usr/bin/cmake --install /workspaces/irobot_workspace/build/dynamixel_sdk_custom_interfaces
[0.717s] -- Install configuration: "RelWithDebInfo"
[0.717s] -- Execute custom install script
[0.717s] -- Up-to-date symlink: /workspaces/irobot_workspace/install/share/ament_index/resource_index/rosidl_interfaces/dynamixel_sdk_custom_interfaces
[0.717s] -- Up-to-date symlink: /workspaces/irobot_workspace/install/include/dynamixel_sdk_custom_interfaces/dynamixel_sdk_custom_interfaces/msg/detail/set_position__functions.h
[0.717s] -- Up-to-date symlink: /workspaces/irobot_workspace/install/include/dynamixel_sdk_custom_interfaces/dynamixel_sdk_custom_interfaces/msg/detail/set_position__struct.h
[0.718s] -- Up-to-date symlink: /workspaces/irobot_workspace/install/include/dynamixel_sdk_custom_interfaces/dynamixel_sdk_custom_interfaces/msg/detail/set_position__type_support.h
[0.718s] -- Up-to-date symlink: /workspaces/irobot_workspace/install/include/dynamixel_sdk_custom_interfaces/dynamixel_sdk_custom_interfaces/msg/rosidl_generator_c__visibility_control.h
[0.719s] -- Up-to-date symlink: /workspaces/irobot_workspace/install/include/dynamixel_sdk_custom_interfaces/dynamixel_sdk_custom_interfaces/msg/set_position.h
[0.719s] -- Up-to-date symlink: /workspaces/irobot_workspace/install/include/dynamixel_sdk_custom_interfaces/dynamixel_sdk_custom_interfaces/srv/detail/get_position__functions.h
[0.719s] -- Up-to-date symlink: /workspaces/irobot_workspace/install/include/dynamixel_sdk_custom_interfaces/dynamixel_sdk_custom_interfaces/srv/detail/get_position__struct.h
[0.719s] -- Up-to-date symlink: /workspaces/irobot_workspace/install/include/dynamixel_sdk_custom_interfaces/dynamixel_sdk_custom_interfaces/srv/detail/get_position__type_support.h
[0.719s] -- Up-to-date symlink: /workspaces/irobot_workspace/install/include/dynamixel_sdk_custom_interfaces/dynamixel_sdk_custom_interfaces/srv/get_position.h
[0.719s] -- Up-to-date symlink: /workspaces/irobot_workspace/install/share/dynamixel_sdk_custom_interfaces/environment/library_path.sh
[0.720s] -- Up-to-date symlink: /workspaces/irobot_workspace/install/share/dynamixel_sdk_custom_interfaces/environment/library_path.dsv
[0.720s] -- Up-to-date symlink: /workspaces/irobot_workspace/install/include/dynamixel_sdk_custom_interfaces/dynamixel_sdk_custom_interfaces/msg/detail/set_position__rosidl_typesupport_fastrtps_c.h
[0.720s] -- Up-to-date symlink: /workspaces/irobot_workspace/install/include/dynamixel_sdk_custom_interfaces/dynamixel_sdk_custom_interfaces/msg/rosidl_typesupport_fastrtps_c__visibility_control.h
[0.720s] -- Up-to-date symlink: /workspaces/irobot_workspace/install/include/dynamixel_sdk_custom_interfaces/dynamixel_sdk_custom_interfaces/srv/detail/get_position__rosidl_typesupport_fastrtps_c.h
[0.720s] -- Up-to-date symlink: /workspaces/irobot_workspace/install/include/dynamixel_sdk_custom_interfaces/dynamixel_sdk_custom_interfaces/msg/detail/set_position__builder.hpp
[0.720s] -- Up-to-date symlink: /workspaces/irobot_workspace/install/include/dynamixel_sdk_custom_interfaces/dynamixel_sdk_custom_interfaces/msg/detail/set_position__struct.hpp
[0.720s] -- Up-to-date symlink: /workspaces/irobot_workspace/install/include/dynamixel_sdk_custom_interfaces/dynamixel_sdk_custom_interfaces/msg/detail/set_position__traits.hpp
[0.720s] -- Up-to-date symlink: /workspaces/irobot_workspace/install/include/dynamixel_sdk_custom_interfaces/dynamixel_sdk_custom_interfaces/msg/set_position.hpp
[0.721s] -- Up-to-date symlink: /workspaces/irobot_workspace/install/include/dynamixel_sdk_custom_interfaces/dynamixel_sdk_custom_interfaces/srv/detail/get_position__builder.hpp
[0.721s] -- Up-to-date symlink: /workspaces/irobot_workspace/install/include/dynamixel_sdk_custom_interfaces/dynamixel_sdk_custom_interfaces/srv/detail/get_position__struct.hpp
[0.721s] -- Up-to-date symlink: /workspaces/irobot_workspace/install/include/dynamixel_sdk_custom_interfaces/dynamixel_sdk_custom_interfaces/srv/detail/get_position__traits.hpp
[0.721s] -- Up-to-date symlink: /workspaces/irobot_workspace/install/include/dynamixel_sdk_custom_interfaces/dynamixel_sdk_custom_interfaces/srv/get_position.hpp
[0.721s] -- Up-to-date symlink: /workspaces/irobot_workspace/install/include/dynamixel_sdk_custom_interfaces/dynamixel_sdk_custom_interfaces/msg/detail/set_position__rosidl_typesupport_fastrtps_cpp.hpp
[0.723s] -- Up-to-date symlink: /workspaces/irobot_workspace/install/include/dynamixel_sdk_custom_interfaces/dynamixel_sdk_custom_interfaces/msg/rosidl_typesupport_fastrtps_cpp__visibility_control.h
[0.723s] -- Up-to-date symlink: /workspaces/irobot_workspace/install/include/dynamixel_sdk_custom_interfaces/dynamixel_sdk_custom_interfaces/srv/detail/get_position__rosidl_typesupport_fastrtps_cpp.hpp
[0.723s] -- Up-to-date symlink: /workspaces/irobot_workspace/install/include/dynamixel_sdk_custom_interfaces/dynamixel_sdk_custom_interfaces/msg/detail/set_position__rosidl_typesupport_introspection_c.h
[0.723s] -- Up-to-date symlink: /workspaces/irobot_workspace/install/include/dynamixel_sdk_custom_interfaces/dynamixel_sdk_custom_interfaces/msg/rosidl_typesupport_introspection_c__visibility_control.h
[0.723s] -- Up-to-date symlink: /workspaces/irobot_workspace/install/include/dynamixel_sdk_custom_interfaces/dynamixel_sdk_custom_interfaces/srv/detail/get_position__rosidl_typesupport_introspection_c.h
[0.723s] -- Up-to-date symlink: /workspaces/irobot_workspace/install/include/dynamixel_sdk_custom_interfaces/dynamixel_sdk_custom_interfaces/msg/detail/set_position__rosidl_typesupport_introspection_cpp.hpp
[0.723s] -- Up-to-date symlink: /workspaces/irobot_workspace/install/include/dynamixel_sdk_custom_interfaces/dynamixel_sdk_custom_interfaces/srv/detail/get_position__rosidl_typesupport_introspection_cpp.hpp
[0.723s] -- Up-to-date symlink: /workspaces/irobot_workspace/install/share/dynamixel_sdk_custom_interfaces/environment/pythonpath.sh
[0.723s] -- Up-to-date symlink: /workspaces/irobot_workspace/install/share/dynamixel_sdk_custom_interfaces/environment/pythonpath.dsv
[0.723s] -- Up-to-date symlink: /workspaces/irobot_workspace/install/local/lib/python3.10/dist-packages/dynamixel_sdk_custom_interfaces-3.7.60-py3.10.egg-info/PKG-INFO
[0.724s] -- Up-to-date symlink: /workspaces/irobot_workspace/install/local/lib/python3.10/dist-packages/dynamixel_sdk_custom_interfaces-3.7.60-py3.10.egg-info/SOURCES.txt
[0.724s] -- Up-to-date symlink: /workspaces/irobot_workspace/install/local/lib/python3.10/dist-packages/dynamixel_sdk_custom_interfaces-3.7.60-py3.10.egg-info/dependency_links.txt
[0.724s] -- Up-to-date symlink: /workspaces/irobot_workspace/install/local/lib/python3.10/dist-packages/dynamixel_sdk_custom_interfaces-3.7.60-py3.10.egg-info/top_level.txt
[0.724s] -- Up-to-date symlink: /workspaces/irobot_workspace/install/local/lib/python3.10/dist-packages/dynamixel_sdk_custom_interfaces/__init__.py
[0.724s] -- Up-to-date symlink: /workspaces/irobot_workspace/install/local/lib/python3.10/dist-packages/dynamixel_sdk_custom_interfaces/_dynamixel_sdk_custom_interfaces_s.ep.rosidl_typesupport_c.c
[0.724s] -- Up-to-date symlink: /workspaces/irobot_workspace/install/local/lib/python3.10/dist-packages/dynamixel_sdk_custom_interfaces/_dynamixel_sdk_custom_interfaces_s.ep.rosidl_typesupport_fastrtps_c.c
[0.724s] -- Up-to-date symlink: /workspaces/irobot_workspace/install/local/lib/python3.10/dist-packages/dynamixel_sdk_custom_interfaces/_dynamixel_sdk_custom_interfaces_s.ep.rosidl_typesupport_introspection_c.c
[0.724s] -- Up-to-date symlink: /workspaces/irobot_workspace/install/local/lib/python3.10/dist-packages/dynamixel_sdk_custom_interfaces/dynamixel_sdk_custom_interfaces_s__rosidl_typesupport_c.cpython-310-x86_64-linux-gnu.so
[0.724s] -- Up-to-date symlink: /workspaces/irobot_workspace/install/local/lib/python3.10/dist-packages/dynamixel_sdk_custom_interfaces/dynamixel_sdk_custom_interfaces_s__rosidl_typesupport_fastrtps_c.cpython-310-x86_64-linux-gnu.so
[0.725s] -- Up-to-date symlink: /workspaces/irobot_workspace/install/local/lib/python3.10/dist-packages/dynamixel_sdk_custom_interfaces/dynamixel_sdk_custom_interfaces_s__rosidl_typesupport_introspection_c.cpython-310-x86_64-linux-gnu.so
[0.725s] -- Up-to-date symlink: /workspaces/irobot_workspace/install/local/lib/python3.10/dist-packages/dynamixel_sdk_custom_interfaces/libdynamixel_sdk_custom_interfaces__rosidl_generator_py.so
[0.725s] -- Up-to-date symlink: /workspaces/irobot_workspace/install/local/lib/python3.10/dist-packages/dynamixel_sdk_custom_interfaces/msg/__init__.py
[0.725s] -- Up-to-date symlink: /workspaces/irobot_workspace/install/local/lib/python3.10/dist-packages/dynamixel_sdk_custom_interfaces/msg/_set_position.py
[0.725s] -- Up-to-date symlink: /workspaces/irobot_workspace/install/local/lib/python3.10/dist-packages/dynamixel_sdk_custom_interfaces/msg/_set_position_s.c
[0.725s] -- Up-to-date symlink: /workspaces/irobot_workspace/install/local/lib/python3.10/dist-packages/dynamixel_sdk_custom_interfaces/srv/__init__.py
[0.725s] -- Up-to-date symlink: /workspaces/irobot_workspace/install/local/lib/python3.10/dist-packages/dynamixel_sdk_custom_interfaces/srv/_get_position.py
[0.725s] -- Up-to-date symlink: /workspaces/irobot_workspace/install/local/lib/python3.10/dist-packages/dynamixel_sdk_custom_interfaces/srv/_get_position_s.c
[0.725s] -- Up-to-date symlink: /workspaces/irobot_workspace/install/local/lib/python3.10/dist-packages/dynamixel_sdk_custom_interfaces/dynamixel_sdk_custom_interfaces_s__rosidl_typesupport_fastrtps_c.cpython-310-x86_64-linux-gnu.so
[0.725s] -- Up-to-date symlink: /workspaces/irobot_workspace/install/local/lib/python3.10/dist-packages/dynamixel_sdk_custom_interfaces/dynamixel_sdk_custom_interfaces_s__rosidl_typesupport_introspection_c.cpython-310-x86_64-linux-gnu.so
[0.726s] -- Up-to-date symlink: /workspaces/irobot_workspace/install/local/lib/python3.10/dist-packages/dynamixel_sdk_custom_interfaces/dynamixel_sdk_custom_interfaces_s__rosidl_typesupport_c.cpython-310-x86_64-linux-gnu.so
[0.726s] -- Up-to-date symlink: /workspaces/irobot_workspace/install/share/dynamixel_sdk_custom_interfaces/msg/SetPosition.idl
[0.726s] -- Up-to-date symlink: /workspaces/irobot_workspace/install/share/dynamixel_sdk_custom_interfaces/srv/GetPosition.idl
[0.726s] -- Up-to-date symlink: /workspaces/irobot_workspace/install/share/dynamixel_sdk_custom_interfaces/msg/SetPosition.msg
[0.726s] -- Up-to-date symlink: /workspaces/irobot_workspace/install/share/dynamixel_sdk_custom_interfaces/srv/GetPosition.srv
[0.726s] -- Up-to-date symlink: /workspaces/irobot_workspace/install/share/dynamixel_sdk_custom_interfaces/srv/GetPosition_Request.msg
[0.726s] -- Up-to-date symlink: /workspaces/irobot_workspace/install/share/dynamixel_sdk_custom_interfaces/srv/GetPosition_Response.msg
[0.727s] -- Up-to-date symlink: /workspaces/irobot_workspace/install/share/ament_index/resource_index/package_run_dependencies/dynamixel_sdk_custom_interfaces
[0.727s] -- Up-to-date symlink: /workspaces/irobot_workspace/install/share/ament_index/resource_index/parent_prefix_path/dynamixel_sdk_custom_interfaces
[0.727s] -- Up-to-date symlink: /workspaces/irobot_workspace/install/share/dynamixel_sdk_custom_interfaces/environment/ament_prefix_path.sh
[0.727s] -- Up-to-date symlink: /workspaces/irobot_workspace/install/share/dynamixel_sdk_custom_interfaces/environment/ament_prefix_path.dsv
[0.727s] -- Up-to-date symlink: /workspaces/irobot_workspace/install/share/dynamixel_sdk_custom_interfaces/environment/path.sh
[0.727s] -- Up-to-date symlink: /workspaces/irobot_workspace/install/share/dynamixel_sdk_custom_interfaces/environment/path.dsv
[0.727s] -- Up-to-date symlink: /workspaces/irobot_workspace/install/share/dynamixel_sdk_custom_interfaces/local_setup.bash
[0.727s] -- Up-to-date symlink: /workspaces/irobot_workspace/install/share/dynamixel_sdk_custom_interfaces/local_setup.sh
[0.728s] -- Up-to-date symlink: /workspaces/irobot_workspace/install/share/dynamixel_sdk_custom_interfaces/local_setup.zsh
[0.728s] -- Up-to-date symlink: /workspaces/irobot_workspace/install/share/dynamixel_sdk_custom_interfaces/local_setup.dsv
[0.728s] -- Symlinking: /workspaces/irobot_workspace/install/share/dynamixel_sdk_custom_interfaces/package.dsv
[0.728s] -- Up-to-date symlink: /workspaces/irobot_workspace/install/share/ament_index/resource_index/packages/dynamixel_sdk_custom_interfaces
[0.728s] -- Up-to-date symlink: /workspaces/irobot_workspace/install/share/dynamixel_sdk_custom_interfaces/cmake/rosidl_cmake-extras.cmake
[0.728s] -- Up-to-date symlink: /workspaces/irobot_workspace/install/share/dynamixel_sdk_custom_interfaces/cmake/ament_cmake_export_dependencies-extras.cmake
[0.728s] -- Up-to-date symlink: /workspaces/irobot_workspace/install/share/dynamixel_sdk_custom_interfaces/cmake/ament_cmake_export_include_directories-extras.cmake
[0.728s] -- Up-to-date symlink: /workspaces/irobot_workspace/install/share/dynamixel_sdk_custom_interfaces/cmake/ament_cmake_export_libraries-extras.cmake
[0.728s] -- Up-to-date symlink: /workspaces/irobot_workspace/install/share/dynamixel_sdk_custom_interfaces/cmake/ament_cmake_export_targets-extras.cmake
[0.729s] -- Up-to-date symlink: /workspaces/irobot_workspace/install/share/dynamixel_sdk_custom_interfaces/cmake/rosidl_cmake_export_typesupport_targets-extras.cmake
[0.729s] -- Up-to-date symlink: /workspaces/irobot_workspace/install/share/dynamixel_sdk_custom_interfaces/cmake/rosidl_cmake_export_typesupport_libraries-extras.cmake
[0.729s] -- Up-to-date symlink: /workspaces/irobot_workspace/install/share/dynamixel_sdk_custom_interfaces/cmake/dynamixel_sdk_custom_interfacesConfig.cmake
[0.729s] -- Up-to-date symlink: /workspaces/irobot_workspace/install/share/dynamixel_sdk_custom_interfaces/cmake/dynamixel_sdk_custom_interfacesConfig-version.cmake
[0.729s] -- Up-to-date symlink: /workspaces/irobot_workspace/install/share/dynamixel_sdk_custom_interfaces/package.xml
[0.729s] -- Up-to-date: /workspaces/irobot_workspace/install/lib/libdynamixel_sdk_custom_interfaces__rosidl_generator_c.so
[0.729s] -- Up-to-date: /workspaces/irobot_workspace/install/lib/libdynamixel_sdk_custom_interfaces__rosidl_typesupport_fastrtps_c.so
[0.729s] -- Up-to-date: /workspaces/irobot_workspace/install/lib/libdynamixel_sdk_custom_interfaces__rosidl_typesupport_fastrtps_cpp.so
[0.729s] -- Up-to-date: /workspaces/irobot_workspace/install/lib/libdynamixel_sdk_custom_interfaces__rosidl_typesupport_introspection_c.so
[0.729s] -- Up-to-date: /workspaces/irobot_workspace/install/lib/libdynamixel_sdk_custom_interfaces__rosidl_typesupport_c.so
[0.730s] -- Up-to-date: /workspaces/irobot_workspace/install/lib/libdynamixel_sdk_custom_interfaces__rosidl_typesupport_introspection_cpp.so
[0.730s] -- Up-to-date: /workspaces/irobot_workspace/install/lib/libdynamixel_sdk_custom_interfaces__rosidl_typesupport_cpp.so
[0.730s] Listing '/workspaces/irobot_workspace/install/local/lib/python3.10/dist-packages/dynamixel_sdk_custom_interfaces'...
[0.730s] Listing '/workspaces/irobot_workspace/install/local/lib/python3.10/dist-packages/dynamixel_sdk_custom_interfaces/msg'...
[0.730s] Listing '/workspaces/irobot_workspace/install/local/lib/python3.10/dist-packages/dynamixel_sdk_custom_interfaces/srv'...
[0.730s] -- Up-to-date: /workspaces/irobot_workspace/install/lib/libdynamixel_sdk_custom_interfaces__rosidl_generator_py.so
[0.730s] -- Up-to-date: /workspaces/irobot_workspace/install/share/dynamixel_sdk_custom_interfaces/cmake/export_dynamixel_sdk_custom_interfaces__rosidl_generator_cExport.cmake
[0.730s] -- Up-to-date: /workspaces/irobot_workspace/install/share/dynamixel_sdk_custom_interfaces/cmake/export_dynamixel_sdk_custom_interfaces__rosidl_generator_cExport-relwithdebinfo.cmake
[0.730s] -- Up-to-date: /workspaces/irobot_workspace/install/share/dynamixel_sdk_custom_interfaces/cmake/export_dynamixel_sdk_custom_interfaces__rosidl_typesupport_fastrtps_cExport.cmake
[0.730s] -- Up-to-date: /workspaces/irobot_workspace/install/share/dynamixel_sdk_custom_interfaces/cmake/export_dynamixel_sdk_custom_interfaces__rosidl_typesupport_fastrtps_cExport-relwithdebinfo.cmake
[0.730s] -- Up-to-date: /workspaces/irobot_workspace/install/share/dynamixel_sdk_custom_interfaces/cmake/export_dynamixel_sdk_custom_interfaces__rosidl_generator_cppExport.cmake
[0.731s] -- Up-to-date: /workspaces/irobot_workspace/install/share/dynamixel_sdk_custom_interfaces/cmake/export_dynamixel_sdk_custom_interfaces__rosidl_typesupport_fastrtps_cppExport.cmake
[0.731s] -- Up-to-date: /workspaces/irobot_workspace/install/share/dynamixel_sdk_custom_interfaces/cmake/export_dynamixel_sdk_custom_interfaces__rosidl_typesupport_fastrtps_cppExport-relwithdebinfo.cmake
[0.731s] -- Up-to-date: /workspaces/irobot_workspace/install/share/dynamixel_sdk_custom_interfaces/cmake/dynamixel_sdk_custom_interfaces__rosidl_typesupport_introspection_cExport.cmake
[0.731s] -- Up-to-date: /workspaces/irobot_workspace/install/share/dynamixel_sdk_custom_interfaces/cmake/dynamixel_sdk_custom_interfaces__rosidl_typesupport_introspection_cExport-relwithdebinfo.cmake
[0.731s] -- Up-to-date: /workspaces/irobot_workspace/install/share/dynamixel_sdk_custom_interfaces/cmake/dynamixel_sdk_custom_interfaces__rosidl_typesupport_cExport.cmake
[0.731s] -- Up-to-date: /workspaces/irobot_workspace/install/share/dynamixel_sdk_custom_interfaces/cmake/dynamixel_sdk_custom_interfaces__rosidl_typesupport_cExport-relwithdebinfo.cmake
[0.731s] -- Up-to-date: /workspaces/irobot_workspace/install/share/dynamixel_sdk_custom_interfaces/cmake/dynamixel_sdk_custom_interfaces__rosidl_typesupport_introspection_cppExport.cmake
[0.731s] -- Up-to-date: /workspaces/irobot_workspace/install/share/dynamixel_sdk_custom_interfaces/cmake/dynamixel_sdk_custom_interfaces__rosidl_typesupport_introspection_cppExport-relwithdebinfo.cmake
[0.731s] -- Up-to-date: /workspaces/irobot_workspace/install/share/dynamixel_sdk_custom_interfaces/cmake/dynamixel_sdk_custom_interfaces__rosidl_typesupport_cppExport.cmake
[0.731s] -- Up-to-date: /workspaces/irobot_workspace/install/share/dynamixel_sdk_custom_interfaces/cmake/dynamixel_sdk_custom_interfaces__rosidl_typesupport_cppExport-relwithdebinfo.cmake
[0.732s] -- Up-to-date: /workspaces/irobot_workspace/install/share/dynamixel_sdk_custom_interfaces/cmake/export_dynamixel_sdk_custom_interfaces__rosidl_generator_pyExport.cmake
[0.732s] -- Up-to-date: /workspaces/irobot_workspace/install/share/dynamixel_sdk_custom_interfaces/cmake/export_dynamixel_sdk_custom_interfaces__rosidl_generator_pyExport-relwithdebinfo.cmake
[0.877s] Invoked command in '/workspaces/irobot_workspace/build/dynamixel_sdk_custom_interfaces' returned '0': CMAKE_PREFIX_PATH=/opt/ros/humble /usr/bin/cmake --install /workspaces/irobot_workspace/build/dynamixel_sdk_custom_interfaces
