[1.243s] Invoking command in '/workspaces/irobot_workspace/build/turtlebot3_teleop': PYTHONPATH=/workspaces/irobot_workspace/build/turtlebot3_teleop/prefix_override:/workspaces/irobot_workspace/install/lib/python3.10/site-packages:${PYTHONPATH} /usr/bin/python3 setup.py develop --editable --build-directory /workspaces/irobot_workspace/build/turtlebot3_teleop/build --no-deps install_data
[1.492s] running develop
[1.493s] /usr/lib/python3/dist-packages/setuptools/command/easy_install.py:158: EasyInstallDeprecationWarning: easy_install command is deprecated. Use build and pip and other standards-based tools.
[1.494s]   warnings.warn(
[1.495s] /usr/lib/python3/dist-packages/setuptools/command/install.py:34: SetuptoolsDeprecationWarning: setup.py install is deprecated. Use build and pip and other standards-based tools.
[1.496s]   warnings.warn(
[1.607s] running egg_info
[1.608s] writing turtlebot3_teleop.egg-info/PKG-INFO
[1.608s] writing dependency_links to turtlebot3_teleop.egg-info/dependency_links.txt
[1.609s] writing entry points to turtlebot3_teleop.egg-info/entry_points.txt
[1.609s] writing requirements to turtlebot3_teleop.egg-info/requires.txt
[1.609s] writing top-level names to turtlebot3_teleop.egg-info/top_level.txt
[1.611s] reading manifest file 'turtlebot3_teleop.egg-info/SOURCES.txt'
[1.612s] writing manifest file 'turtlebot3_teleop.egg-info/SOURCES.txt'
[1.614s] running build_ext
[1.615s] Creating /workspaces/irobot_workspace/install/lib/python3.10/site-packages/turtlebot3-teleop.egg-link (link to .)
[1.616s] Installing teleop_keyboard script to /workspaces/irobot_workspace/install/lib/turtlebot3_teleop
[1.616s] 
[1.617s] Installed /workspaces/irobot_workspace/build/turtlebot3_teleop
[1.617s] running install_data
[1.936s] Invoked command in '/workspaces/irobot_workspace/build/turtlebot3_teleop' returned '0': PYTHONPATH=/workspaces/irobot_workspace/build/turtlebot3_teleop/prefix_override:/workspaces/irobot_workspace/install/lib/python3.10/site-packages:${PYTHONPATH} /usr/bin/python3 setup.py develop --editable --build-directory /workspaces/irobot_workspace/build/turtlebot3_teleop/build --no-deps install_data
