-- The C compiler identification is GNU 11.4.0
-- The CXX compiler identification is GNU 11.4.0
-- Detecting C compiler ABI info
-- Detecting C compiler ABI info - done
-- Check for working C compiler: /usr/bin/cc - skipped
-- Detecting C compile features
-- Detecting C compile features - done
-- Detecting CXX compiler ABI info
-- Detecting CXX compiler ABI info - done
-- Check for working CXX compiler: /usr/bin/c++ - skipped
-- Detecting CXX compile features
-- Detecting CXX compile features - done
-- Found ament_cmake: 1.3.7 (/opt/ros/humble/share/ament_cmake/cmake)
-- Found Python3: /usr/bin/python3.10 (found version "3.10.12") found components: Interpreter 
-- Override CMake install command with custom implementation using symlinks instead of copying resources
-- Configuring done
-- Generating done
-- Build files have been written to: /workspaces/irobot_workspace/build/create_bringup
-- Install configuration: "RelWithDebInfo"
-- Execute custom install script
-- Symlinking: /workspaces/irobot_workspace/install/share/create_bringup/config/default.yaml
-- Symlinking: /workspaces/irobot_workspace/install/share/create_bringup/config/dualshock4.yaml
-- Symlinking: /workspaces/irobot_workspace/install/share/create_bringup/config/log710.yaml
-- Symlinking: /workspaces/irobot_workspace/install/share/create_bringup/config/xbox360.yaml
-- Symlinking: /workspaces/irobot_workspace/install/share/create_bringup/launch/create_1.launch
-- Symlinking: /workspaces/irobot_workspace/install/share/create_bringup/launch/create_2.launch
-- Symlinking: /workspaces/irobot_workspace/install/share/create_bringup/launch/joy_teleop.launch
-- Symlinking: /workspaces/irobot_workspace/install/share/create_bringup/launch/roomba_400.launch
-- Symlinking: /workspaces/irobot_workspace/install/share/ament_index/resource_index/package_run_dependencies/create_bringup
-- Symlinking: /workspaces/irobot_workspace/install/share/ament_index/resource_index/parent_prefix_path/create_bringup
-- Symlinking: /workspaces/irobot_workspace/install/share/create_bringup/environment/ament_prefix_path.sh
-- Symlinking: /workspaces/irobot_workspace/install/share/create_bringup/environment/ament_prefix_path.dsv
-- Symlinking: /workspaces/irobot_workspace/install/share/create_bringup/environment/path.sh
-- Symlinking: /workspaces/irobot_workspace/install/share/create_bringup/environment/path.dsv
-- Symlinking: /workspaces/irobot_workspace/install/share/create_bringup/local_setup.bash
-- Symlinking: /workspaces/irobot_workspace/install/share/create_bringup/local_setup.sh
-- Symlinking: /workspaces/irobot_workspace/install/share/create_bringup/local_setup.zsh
-- Symlinking: /workspaces/irobot_workspace/install/share/create_bringup/local_setup.dsv
-- Symlinking: /workspaces/irobot_workspace/install/share/create_bringup/package.dsv
-- Symlinking: /workspaces/irobot_workspace/install/share/ament_index/resource_index/packages/create_bringup
-- Symlinking: /workspaces/irobot_workspace/install/share/create_bringup/cmake/create_bringupConfig.cmake
-- Symlinking: /workspaces/irobot_workspace/install/share/create_bringup/cmake/create_bringupConfig-version.cmake
-- Symlinking: /workspaces/irobot_workspace/install/share/create_bringup/package.xml
