[0.036s] Invoking command in '/workspaces/irobot_workspace/build/create_bringup': CMAKE_PREFIX_PATH=${CMAKE_PREFIX_PATH}:/opt/ros/humble PKG_CONFIG_PATH=/workspaces/irobot_workspace/install/lib/x86_64-linux-gnu/pkgconfig:/workspaces/irobot_workspace/install/lib/pkgconfig PYTHONPATH=/workspaces/irobot_workspace/install/lib/python3.10/site-packages:/workspaces/irobot_workspace/build/turtlebot3_teleop:/workspaces/irobot_workspace/build/turtlebot3_example:/workspaces/irobot_workspace/install/local/lib/python3.10/dist-packages:/opt/ros/humble/local/lib/python3.10/dist-packages:/opt/ros/humble/lib/python3.10/site-packages /usr/bin/cmake /workspaces/irobot_workspace/src/create_robot/create_bringup -DCMAKE_BUILD_TYPE=RelWithDebInfo -DCMAKE_EXPORT_COMPILE_COMMANDS=On -Wall -Wextra -Wpedantic -DAMENT_CMAKE_SYMLINK_INSTALL=1 -DCMAKE_INSTALL_PREFIX=/workspaces/irobot_workspace/install
[0.066s] -- The C compiler identification is GNU 11.4.0
[0.102s] -- The CXX compiler identification is GNU 11.4.0
[0.107s] -- Detecting C compiler ABI info
[0.144s] -- Detecting C compiler ABI info - done
[0.148s] -- Check for working C compiler: /usr/bin/cc - skipped
[0.148s] -- Detecting C compile features
[0.149s] -- Detecting C compile features - done
[0.151s] -- Detecting CXX compiler ABI info
[0.195s] -- Detecting CXX compiler ABI info - done
[0.199s] -- Check for working CXX compiler: /usr/bin/c++ - skipped
[0.199s] -- Detecting CXX compile features
[0.199s] -- Detecting CXX compile features - done
[0.201s] -- Found ament_cmake: 1.3.7 (/opt/ros/humble/share/ament_cmake/cmake)
[0.293s] -- Found Python3: /usr/bin/python3.10 (found version "3.10.12") found components: Interpreter 
[0.334s] -- Override CMake install command with custom implementation using symlinks instead of copying resources
[0.396s] -- Configuring done
[0.398s] -- Generating done
[0.398s] [33mCMake Warning:
[0.398s]   Manually-specified variables were not used by the project:
[0.398s] 
[0.398s]     CMAKE_EXPORT_COMPILE_COMMANDS
[0.398s] 
[0.398s] [0m
[0.398s] -- Build files have been written to: /workspaces/irobot_workspace/build/create_bringup
[0.401s] Invoked command in '/workspaces/irobot_workspace/build/create_bringup' returned '0': CMAKE_PREFIX_PATH=${CMAKE_PREFIX_PATH}:/opt/ros/humble PKG_CONFIG_PATH=/workspaces/irobot_workspace/install/lib/x86_64-linux-gnu/pkgconfig:/workspaces/irobot_workspace/install/lib/pkgconfig PYTHONPATH=/workspaces/irobot_workspace/install/lib/python3.10/site-packages:/workspaces/irobot_workspace/build/turtlebot3_teleop:/workspaces/irobot_workspace/build/turtlebot3_example:/workspaces/irobot_workspace/install/local/lib/python3.10/dist-packages:/opt/ros/humble/local/lib/python3.10/dist-packages:/opt/ros/humble/lib/python3.10/site-packages /usr/bin/cmake /workspaces/irobot_workspace/src/create_robot/create_bringup -DCMAKE_BUILD_TYPE=RelWithDebInfo -DCMAKE_EXPORT_COMPILE_COMMANDS=On -Wall -Wextra -Wpedantic -DAMENT_CMAKE_SYMLINK_INSTALL=1 -DCMAKE_INSTALL_PREFIX=/workspaces/irobot_workspace/install
[0.403s] Invoking command in '/workspaces/irobot_workspace/build/create_bringup': CMAKE_PREFIX_PATH=${CMAKE_PREFIX_PATH}:/opt/ros/humble PKG_CONFIG_PATH=/workspaces/irobot_workspace/install/lib/x86_64-linux-gnu/pkgconfig:/workspaces/irobot_workspace/install/lib/pkgconfig PYTHONPATH=/workspaces/irobot_workspace/install/lib/python3.10/site-packages:/workspaces/irobot_workspace/build/turtlebot3_teleop:/workspaces/irobot_workspace/build/turtlebot3_example:/workspaces/irobot_workspace/install/local/lib/python3.10/dist-packages:/opt/ros/humble/local/lib/python3.10/dist-packages:/opt/ros/humble/lib/python3.10/site-packages /usr/bin/cmake --build /workspaces/irobot_workspace/build/create_bringup -- -j20 -l20
[0.422s] Invoked command in '/workspaces/irobot_workspace/build/create_bringup' returned '0': CMAKE_PREFIX_PATH=${CMAKE_PREFIX_PATH}:/opt/ros/humble PKG_CONFIG_PATH=/workspaces/irobot_workspace/install/lib/x86_64-linux-gnu/pkgconfig:/workspaces/irobot_workspace/install/lib/pkgconfig PYTHONPATH=/workspaces/irobot_workspace/install/lib/python3.10/site-packages:/workspaces/irobot_workspace/build/turtlebot3_teleop:/workspaces/irobot_workspace/build/turtlebot3_example:/workspaces/irobot_workspace/install/local/lib/python3.10/dist-packages:/opt/ros/humble/local/lib/python3.10/dist-packages:/opt/ros/humble/lib/python3.10/site-packages /usr/bin/cmake --build /workspaces/irobot_workspace/build/create_bringup -- -j20 -l20
[0.434s] Invoking command in '/workspaces/irobot_workspace/build/create_bringup': CMAKE_PREFIX_PATH=${CMAKE_PREFIX_PATH}:/opt/ros/humble PKG_CONFIG_PATH=/workspaces/irobot_workspace/install/lib/x86_64-linux-gnu/pkgconfig:/workspaces/irobot_workspace/install/lib/pkgconfig PYTHONPATH=/workspaces/irobot_workspace/install/lib/python3.10/site-packages:/workspaces/irobot_workspace/build/turtlebot3_teleop:/workspaces/irobot_workspace/build/turtlebot3_example:/workspaces/irobot_workspace/install/local/lib/python3.10/dist-packages:/opt/ros/humble/local/lib/python3.10/dist-packages:/opt/ros/humble/lib/python3.10/site-packages /usr/bin/cmake --install /workspaces/irobot_workspace/build/create_bringup
[0.437s] -- Install configuration: "RelWithDebInfo"
[0.437s] -- Execute custom install script
[0.438s] -- Symlinking: /workspaces/irobot_workspace/install/share/create_bringup/config/default.yaml
[0.443s] -- Symlinking: /workspaces/irobot_workspace/install/share/create_bringup/config/dualshock4.yaml
[0.447s] -- Symlinking: /workspaces/irobot_workspace/install/share/create_bringup/config/log710.yaml
[0.452s] -- Symlinking: /workspaces/irobot_workspace/install/share/create_bringup/config/xbox360.yaml
[0.457s] -- Symlinking: /workspaces/irobot_workspace/install/share/create_bringup/launch/create_1.launch
[0.461s] -- Symlinking: /workspaces/irobot_workspace/install/share/create_bringup/launch/create_2.launch
[0.466s] -- Symlinking: /workspaces/irobot_workspace/install/share/create_bringup/launch/joy_teleop.launch
[0.470s] -- Symlinking: /workspaces/irobot_workspace/install/share/create_bringup/launch/roomba_400.launch
[0.475s] -- Symlinking: /workspaces/irobot_workspace/install/share/ament_index/resource_index/package_run_dependencies/create_bringup
[0.479s] -- Symlinking: /workspaces/irobot_workspace/install/share/ament_index/resource_index/parent_prefix_path/create_bringup
[0.484s] -- Symlinking: /workspaces/irobot_workspace/install/share/create_bringup/environment/ament_prefix_path.sh
[0.488s] -- Symlinking: /workspaces/irobot_workspace/install/share/create_bringup/environment/ament_prefix_path.dsv
[0.493s] -- Symlinking: /workspaces/irobot_workspace/install/share/create_bringup/environment/path.sh
[0.497s] -- Symlinking: /workspaces/irobot_workspace/install/share/create_bringup/environment/path.dsv
[0.501s] -- Symlinking: /workspaces/irobot_workspace/install/share/create_bringup/local_setup.bash
[0.505s] -- Symlinking: /workspaces/irobot_workspace/install/share/create_bringup/local_setup.sh
[0.509s] -- Symlinking: /workspaces/irobot_workspace/install/share/create_bringup/local_setup.zsh
[0.513s] -- Symlinking: /workspaces/irobot_workspace/install/share/create_bringup/local_setup.dsv
[0.517s] -- Symlinking: /workspaces/irobot_workspace/install/share/create_bringup/package.dsv
[0.522s] -- Symlinking: /workspaces/irobot_workspace/install/share/ament_index/resource_index/packages/create_bringup
[0.527s] -- Symlinking: /workspaces/irobot_workspace/install/share/create_bringup/cmake/create_bringupConfig.cmake
[0.532s] -- Symlinking: /workspaces/irobot_workspace/install/share/create_bringup/cmake/create_bringupConfig-version.cmake
[0.537s] -- Symlinking: /workspaces/irobot_workspace/install/share/create_bringup/package.xml
[0.546s] Invoked command in '/workspaces/irobot_workspace/build/create_bringup' returned '0': CMAKE_PREFIX_PATH=${CMAKE_PREFIX_PATH}:/opt/ros/humble PKG_CONFIG_PATH=/workspaces/irobot_workspace/install/lib/x86_64-linux-gnu/pkgconfig:/workspaces/irobot_workspace/install/lib/pkgconfig PYTHONPATH=/workspaces/irobot_workspace/install/lib/python3.10/site-packages:/workspaces/irobot_workspace/build/turtlebot3_teleop:/workspaces/irobot_workspace/build/turtlebot3_example:/workspaces/irobot_workspace/install/local/lib/python3.10/dist-packages:/opt/ros/humble/local/lib/python3.10/dist-packages:/opt/ros/humble/lib/python3.10/site-packages /usr/bin/cmake --install /workspaces/irobot_workspace/build/create_bringup
