[0.076s] Invoking command in '/workspaces/irobot_workspace/build/turtlebot3_navigation2': CMAKE_PREFIX_PATH=/opt/ros/humble /usr/bin/cmake /workspaces/irobot_workspace/src/turtlebot3/turtlebot3_navigation2 -DCMAKE_BUILD_TYPE=RelWithDebInfo -DCMAKE_EXPORT_COMPILE_COMMANDS=On -Wall -Wextra -Wpedantic -DAMENT_CMAKE_SYMLINK_INSTALL=1 -DCMAKE_INSTALL_PREFIX=/workspaces/irobot_workspace/install
[0.192s] -- The C compiler identification is GNU 11.4.0
[0.273s] -- The CXX compiler identification is GNU 11.4.0
[0.284s] -- Detecting C compiler ABI info
[0.337s] -- Detecting C compiler ABI info - done
[0.342s] -- Check for working C compiler: /usr/bin/cc - skipped
[0.342s] -- Detecting C compile features
[0.343s] -- Detecting C compile features - done
[0.347s] -- Detecting CXX compiler ABI info
[0.401s] -- Detecting CXX compiler ABI info - done
[0.405s] -- Check for working CXX compiler: /usr/bin/c++ - skipped
[0.405s] -- Detecting CXX compile features
[0.406s] -- Detecting CXX compile features - done
[0.417s] -- Found ament_cmake: 1.3.7 (/opt/ros/humble/share/ament_cmake/cmake)
[0.515s] -- Found Python3: /usr/bin/python3.10 (found version "3.10.12") found components: Interpreter 
[0.573s] -- Override CMake install command with custom implementation using symlinks instead of copying resources
[0.654s] -- Configuring done
[0.656s] -- Generating done
[0.657s] [33mCMake Warning:
[0.657s]   Manually-specified variables were not used by the project:
[0.657s] 
[0.657s]     CMAKE_EXPORT_COMPILE_COMMANDS
[0.657s] 
[0.657s] [0m
[0.658s] -- Build files have been written to: /workspaces/irobot_workspace/build/turtlebot3_navigation2
[0.662s] Invoked command in '/workspaces/irobot_workspace/build/turtlebot3_navigation2' returned '0': CMAKE_PREFIX_PATH=/opt/ros/humble /usr/bin/cmake /workspaces/irobot_workspace/src/turtlebot3/turtlebot3_navigation2 -DCMAKE_BUILD_TYPE=RelWithDebInfo -DCMAKE_EXPORT_COMPILE_COMMANDS=On -Wall -Wextra -Wpedantic -DAMENT_CMAKE_SYMLINK_INSTALL=1 -DCMAKE_INSTALL_PREFIX=/workspaces/irobot_workspace/install
[0.663s] Invoking command in '/workspaces/irobot_workspace/build/turtlebot3_navigation2': CMAKE_PREFIX_PATH=/opt/ros/humble /usr/bin/cmake --build /workspaces/irobot_workspace/build/turtlebot3_navigation2 -- -j20 -l20
[0.684s] Invoked command in '/workspaces/irobot_workspace/build/turtlebot3_navigation2' returned '0': CMAKE_PREFIX_PATH=/opt/ros/humble /usr/bin/cmake --build /workspaces/irobot_workspace/build/turtlebot3_navigation2 -- -j20 -l20
[0.708s] Invoking command in '/workspaces/irobot_workspace/build/turtlebot3_navigation2': CMAKE_PREFIX_PATH=/opt/ros/humble /usr/bin/cmake --install /workspaces/irobot_workspace/build/turtlebot3_navigation2
[0.714s] -- Install configuration: "RelWithDebInfo"
[0.715s] -- Execute custom install script
[0.715s] -- Symlinking: /workspaces/irobot_workspace/install/share/turtlebot3_navigation2/launch/navigation2.launch.py
[0.726s] -- Symlinking: /workspaces/irobot_workspace/install/share/turtlebot3_navigation2/map/map.pgm
[0.732s] -- Symlinking: /workspaces/irobot_workspace/install/share/turtlebot3_navigation2/map/map.yaml
[0.739s] -- Symlinking: /workspaces/irobot_workspace/install/share/turtlebot3_navigation2/param/burger.yaml
[0.759s] -- Symlinking: /workspaces/irobot_workspace/install/share/turtlebot3_navigation2/param/waffle.yaml
[0.766s] -- Symlinking: /workspaces/irobot_workspace/install/share/turtlebot3_navigation2/param/waffle_pi.yaml
[0.778s] -- Symlinking: /workspaces/irobot_workspace/install/share/turtlebot3_navigation2/rviz/tb3_navigation2.rviz
[0.790s] -- Symlinking: /workspaces/irobot_workspace/install/share/ament_index/resource_index/package_run_dependencies/turtlebot3_navigation2
[0.802s] -- Symlinking: /workspaces/irobot_workspace/install/share/ament_index/resource_index/parent_prefix_path/turtlebot3_navigation2
[0.811s] -- Symlinking: /workspaces/irobot_workspace/install/share/turtlebot3_navigation2/environment/ament_prefix_path.sh
[0.819s] -- Symlinking: /workspaces/irobot_workspace/install/share/turtlebot3_navigation2/environment/ament_prefix_path.dsv
[0.827s] -- Symlinking: /workspaces/irobot_workspace/install/share/turtlebot3_navigation2/environment/path.sh
[0.834s] -- Symlinking: /workspaces/irobot_workspace/install/share/turtlebot3_navigation2/environment/path.dsv
[0.842s] -- Symlinking: /workspaces/irobot_workspace/install/share/turtlebot3_navigation2/local_setup.bash
[0.852s] -- Symlinking: /workspaces/irobot_workspace/install/share/turtlebot3_navigation2/local_setup.sh
[0.860s] -- Symlinking: /workspaces/irobot_workspace/install/share/turtlebot3_navigation2/local_setup.zsh
[0.866s] -- Symlinking: /workspaces/irobot_workspace/install/share/turtlebot3_navigation2/local_setup.dsv
[0.875s] -- Symlinking: /workspaces/irobot_workspace/install/share/turtlebot3_navigation2/package.dsv
[0.885s] -- Symlinking: /workspaces/irobot_workspace/install/share/ament_index/resource_index/packages/turtlebot3_navigation2
[0.893s] -- Symlinking: /workspaces/irobot_workspace/install/share/turtlebot3_navigation2/cmake/turtlebot3_navigation2Config.cmake
[0.903s] -- Symlinking: /workspaces/irobot_workspace/install/share/turtlebot3_navigation2/cmake/turtlebot3_navigation2Config-version.cmake
[0.911s] -- Symlinking: /workspaces/irobot_workspace/install/share/turtlebot3_navigation2/package.xml
[0.954s] Invoked command in '/workspaces/irobot_workspace/build/turtlebot3_navigation2' returned '0': CMAKE_PREFIX_PATH=/opt/ros/humble /usr/bin/cmake --install /workspaces/irobot_workspace/build/turtlebot3_navigation2
