[0.137s] Invoking command in '/workspaces/irobot_workspace/build/dynamixel_sdk_custom_interfaces': CMAKE_PREFIX_PATH=/opt/ros/humble /usr/bin/cmake /workspaces/irobot_workspace/src/DynamixelSDK/dynamixel_sdk_custom_interfaces -DCMAKE_BUILD_TYPE=RelWithDebInfo -DCMAKE_EXPORT_COMPILE_COMMANDS=On -Wall -Wextra -Wpedantic -DAMENT_CMAKE_SYMLINK_INSTALL=1 -DCMAKE_INSTALL_PREFIX=/workspaces/irobot_workspace/install
[0.262s] -- The C compiler identification is GNU 11.4.0
[0.348s] -- The CXX compiler identification is GNU 11.4.0
[0.353s] -- Detecting C compiler ABI info
[0.408s] -- Detecting C compiler ABI info - done
[0.414s] -- Check for working C compiler: /usr/bin/cc - skipped
[0.414s] -- Detecting C compile features
[0.414s] -- Detecting C compile features - done
[0.417s] -- Detecting CXX compiler ABI info
[0.472s] -- Detecting CXX compiler ABI info - done
[0.477s] -- Check for working CXX compiler: /usr/bin/c++ - skipped
[0.478s] -- Detecting CXX compile features
[0.478s] -- Detecting CXX compile features - done
[0.487s] -- Found ament_cmake: 1.3.7 (/opt/ros/humble/share/ament_cmake/cmake)
[0.590s] -- Found Python3: /usr/bin/python3.10 (found version "3.10.12") found components: Interpreter 
[0.641s] -- Override CMake install command with custom implementation using symlinks instead of copying resources
[0.673s] -- Found builtin_interfaces: 1.2.1 (/opt/ros/humble/share/builtin_interfaces/cmake)
[0.705s] -- Found rosidl_generator_c: 3.1.5 (/opt/ros/humble/share/rosidl_generator_c/cmake)
[0.712s] -- Found rosidl_adapter: 3.1.5 (/opt/ros/humble/share/rosidl_adapter/cmake)
[0.721s] -- Found rosidl_generator_cpp: 3.1.5 (/opt/ros/humble/share/rosidl_generator_cpp/cmake)
[0.740s] -- Using all available rosidl_typesupport_c: rosidl_typesupport_fastrtps_c;rosidl_typesupport_introspection_c
[0.759s] -- Using all available rosidl_typesupport_cpp: rosidl_typesupport_fastrtps_cpp;rosidl_typesupport_introspection_cpp
[0.783s] -- Found rosidl_default_generators: 1.2.0 (/opt/ros/humble/share/rosidl_default_generators/cmake)
[1.072s] -- Found ament_cmake_ros: 0.10.0 (/opt/ros/humble/share/ament_cmake_ros/cmake)
[1.303s] -- Using all available rosidl_typesupport_c: rosidl_typesupport_fastrtps_c;rosidl_typesupport_introspection_c
[1.378s] -- Using all available rosidl_typesupport_cpp: rosidl_typesupport_fastrtps_cpp;rosidl_typesupport_introspection_cpp
[1.393s] -- Found PythonInterp: /usr/bin/python3 (found suitable version "3.10.12", minimum required is "3.6") 
[1.396s] -- Found python_cmake_module: 0.10.0 (/opt/ros/humble/share/python_cmake_module/cmake)
[1.409s] -- Found PythonLibs: /usr/lib/x86_64-linux-gnu/libpython3.10.so (found suitable version "3.10.12", minimum required is "3.5") 
[1.409s] -- Using PYTHON_EXECUTABLE: /usr/bin/python3
[1.409s] -- Using PYTHON_INCLUDE_DIRS: /usr/include/python3.10
[1.409s] -- Using PYTHON_LIBRARIES: /usr/lib/x86_64-linux-gnu/libpython3.10.so
[1.420s] -- Found PythonExtra: .so  
[1.449s] -- Configuring done
[1.481s] -- Generating done
[1.482s] -- Build files have been written to: /workspaces/irobot_workspace/build/dynamixel_sdk_custom_interfaces
[1.487s] Invoked command in '/workspaces/irobot_workspace/build/dynamixel_sdk_custom_interfaces' returned '0': CMAKE_PREFIX_PATH=/opt/ros/humble /usr/bin/cmake /workspaces/irobot_workspace/src/DynamixelSDK/dynamixel_sdk_custom_interfaces -DCMAKE_BUILD_TYPE=RelWithDebInfo -DCMAKE_EXPORT_COMPILE_COMMANDS=On -Wall -Wextra -Wpedantic -DAMENT_CMAKE_SYMLINK_INSTALL=1 -DCMAKE_INSTALL_PREFIX=/workspaces/irobot_workspace/install
[1.489s] Invoking command in '/workspaces/irobot_workspace/build/dynamixel_sdk_custom_interfaces': CMAKE_PREFIX_PATH=/opt/ros/humble /usr/bin/cmake --build /workspaces/irobot_workspace/build/dynamixel_sdk_custom_interfaces -- -j20 -l20
[1.512s] [  2%] [34m[1mGenerating C code for ROS interfaces[0m
[1.517s] [  5%] [34m[1mGenerating C++ code for ROS interfaces[0m
[1.523s] [  5%] Built target ament_cmake_python_symlink_dynamixel_sdk_custom_interfaces
[1.674s] running egg_info
[1.675s] creating dynamixel_sdk_custom_interfaces.egg-info
[1.676s] writing dynamixel_sdk_custom_interfaces.egg-info/PKG-INFO
[1.676s] writing dependency_links to dynamixel_sdk_custom_interfaces.egg-info/dependency_links.txt
[1.676s] writing top-level names to dynamixel_sdk_custom_interfaces.egg-info/top_level.txt
[1.676s] writing manifest file 'dynamixel_sdk_custom_interfaces.egg-info/SOURCES.txt'
[1.679s] reading manifest file 'dynamixel_sdk_custom_interfaces.egg-info/SOURCES.txt'
[1.679s] writing manifest file 'dynamixel_sdk_custom_interfaces.egg-info/SOURCES.txt'
[1.703s] [  5%] Built target ament_cmake_python_build_dynamixel_sdk_custom_interfaces_egg
[1.809s] [  5%] Built target dynamixel_sdk_custom_interfaces__cpp
[1.814s] [  7%] [34m[1mGenerating C++ type support dispatch for ROS interfaces[0m
[1.815s] [ 10%] [34m[1mGenerating C++ type support for eProsima Fast-RTPS[0m
[1.815s] [ 12%] [34m[1mGenerating C++ introspection for ROS interfaces[0m
[1.819s] [ 15%] [32mBuilding C object CMakeFiles/dynamixel_sdk_custom_interfaces__rosidl_generator_c.dir/rosidl_generator_c/dynamixel_sdk_custom_interfaces/msg/detail/set_position__functions.c.o[0m
[1.820s] [ 17%] [32mBuilding C object CMakeFiles/dynamixel_sdk_custom_interfaces__rosidl_generator_c.dir/rosidl_generator_c/dynamixel_sdk_custom_interfaces/srv/detail/get_position__functions.c.o[0m
[1.933s] [ 20%] [32m[1mLinking C shared library libdynamixel_sdk_custom_interfaces__rosidl_generator_c.so[0m
[1.959s] [ 20%] Built target dynamixel_sdk_custom_interfaces__rosidl_generator_c
[1.966s] [ 23%] [34m[1mGenerating C type support dispatch for ROS interfaces[0m
[1.966s] [ 25%] [34m[1mGenerating C type support for eProsima Fast-RTPS[0m
[1.967s] [ 28%] [34m[1mGenerating C introspection for ROS interfaces[0m
[2.059s] [ 30%] [32mBuilding CXX object CMakeFiles/dynamixel_sdk_custom_interfaces__rosidl_typesupport_introspection_cpp.dir/rosidl_typesupport_introspection_cpp/dynamixel_sdk_custom_interfaces/msg/detail/set_position__type_support.cpp.o[0m
[2.060s] [ 33%] [32mBuilding CXX object CMakeFiles/dynamixel_sdk_custom_interfaces__rosidl_typesupport_introspection_cpp.dir/rosidl_typesupport_introspection_cpp/dynamixel_sdk_custom_interfaces/srv/detail/get_position__type_support.cpp.o[0m
[2.064s] [ 35%] [32mBuilding CXX object CMakeFiles/dynamixel_sdk_custom_interfaces__rosidl_typesupport_cpp.dir/rosidl_typesupport_cpp/dynamixel_sdk_custom_interfaces/msg/set_position__type_support.cpp.o[0m
[2.066s] [ 38%] [32mBuilding CXX object CMakeFiles/dynamixel_sdk_custom_interfaces__rosidl_typesupport_cpp.dir/rosidl_typesupport_cpp/dynamixel_sdk_custom_interfaces/srv/get_position__type_support.cpp.o[0m
[2.114s] [ 41%] [32mBuilding CXX object CMakeFiles/dynamixel_sdk_custom_interfaces__rosidl_typesupport_fastrtps_cpp.dir/rosidl_typesupport_fastrtps_cpp/dynamixel_sdk_custom_interfaces/srv/detail/dds_fastrtps/get_position__type_support.cpp.o[0m
[2.114s] [ 43%] [32mBuilding CXX object CMakeFiles/dynamixel_sdk_custom_interfaces__rosidl_typesupport_fastrtps_cpp.dir/rosidl_typesupport_fastrtps_cpp/dynamixel_sdk_custom_interfaces/msg/detail/dds_fastrtps/set_position__type_support.cpp.o[0m
[2.206s] [ 48%] [32mBuilding CXX object CMakeFiles/dynamixel_sdk_custom_interfaces__rosidl_typesupport_c.dir/rosidl_typesupport_c/dynamixel_sdk_custom_interfaces/srv/get_position__type_support.cpp.o[0m
[2.206s] [ 48%] [32mBuilding CXX object CMakeFiles/dynamixel_sdk_custom_interfaces__rosidl_typesupport_c.dir/rosidl_typesupport_c/dynamixel_sdk_custom_interfaces/msg/set_position__type_support.cpp.o[0m
[2.240s] [ 51%] [32m[1mLinking CXX shared library libdynamixel_sdk_custom_interfaces__rosidl_typesupport_c.so[0m
[2.245s] [ 56%] [32mBuilding C object CMakeFiles/dynamixel_sdk_custom_interfaces__rosidl_typesupport_introspection_c.dir/rosidl_typesupport_introspection_c/dynamixel_sdk_custom_interfaces/srv/detail/get_position__type_support.c.o[0m
[2.245s] [ 56%] [32mBuilding C object CMakeFiles/dynamixel_sdk_custom_interfaces__rosidl_typesupport_introspection_c.dir/rosidl_typesupport_introspection_c/dynamixel_sdk_custom_interfaces/msg/detail/set_position__type_support.c.o[0m
[2.277s] [ 56%] Built target dynamixel_sdk_custom_interfaces__rosidl_typesupport_c
[2.279s] [ 58%] [32mBuilding CXX object CMakeFiles/dynamixel_sdk_custom_interfaces__rosidl_typesupport_fastrtps_c.dir/rosidl_typesupport_fastrtps_c/dynamixel_sdk_custom_interfaces/msg/detail/set_position__type_support_c.cpp.o[0m
[2.279s] [ 61%] [32mBuilding CXX object CMakeFiles/dynamixel_sdk_custom_interfaces__rosidl_typesupport_fastrtps_c.dir/rosidl_typesupport_fastrtps_c/dynamixel_sdk_custom_interfaces/srv/detail/get_position__type_support_c.cpp.o[0m
[2.286s] [ 64%] [32m[1mLinking C shared library libdynamixel_sdk_custom_interfaces__rosidl_typesupport_introspection_c.so[0m
[2.316s] [ 64%] Built target dynamixel_sdk_custom_interfaces__rosidl_typesupport_introspection_c
[2.316s] [ 66%] [32m[1mLinking CXX shared library libdynamixel_sdk_custom_interfaces__rosidl_typesupport_cpp.so[0m
[2.354s] [ 66%] Built target dynamixel_sdk_custom_interfaces__rosidl_typesupport_cpp
[2.445s] [ 69%] [32m[1mLinking CXX shared library libdynamixel_sdk_custom_interfaces__rosidl_typesupport_introspection_cpp.so[0m
[2.482s] [ 69%] Built target dynamixel_sdk_custom_interfaces__rosidl_typesupport_introspection_cpp
[2.545s] [ 71%] [32m[1mLinking CXX shared library libdynamixel_sdk_custom_interfaces__rosidl_typesupport_fastrtps_cpp.so[0m
[2.591s] [ 74%] [32m[1mLinking CXX shared library libdynamixel_sdk_custom_interfaces__rosidl_typesupport_fastrtps_c.so[0m
[2.600s] [ 74%] Built target dynamixel_sdk_custom_interfaces__rosidl_typesupport_fastrtps_cpp
[2.669s] [ 74%] Built target dynamixel_sdk_custom_interfaces__rosidl_typesupport_fastrtps_c
[2.688s] [ 74%] Built target dynamixel_sdk_custom_interfaces
[2.708s] [ 76%] [34m[1mGenerating Python code for ROS interfaces[0m
[3.187s] [ 76%] Built target dynamixel_sdk_custom_interfaces__py
[3.205s] [ 79%] [32mBuilding C object CMakeFiles/dynamixel_sdk_custom_interfaces__rosidl_generator_py.dir/rosidl_generator_py/dynamixel_sdk_custom_interfaces/srv/_get_position_s.c.o[0m
[3.206s] [ 82%] [32mBuilding C object CMakeFiles/dynamixel_sdk_custom_interfaces__rosidl_generator_py.dir/rosidl_generator_py/dynamixel_sdk_custom_interfaces/msg/_set_position_s.c.o[0m
[3.363s] [ 84%] [32m[1mLinking C shared library rosidl_generator_py/dynamixel_sdk_custom_interfaces/libdynamixel_sdk_custom_interfaces__rosidl_generator_py.so[0m
[3.436s] [ 84%] Built target dynamixel_sdk_custom_interfaces__rosidl_generator_py
[3.534s] [ 87%] [32mBuilding C object CMakeFiles/dynamixel_sdk_custom_interfaces__rosidl_typesupport_introspection_c__pyext.dir/rosidl_generator_py/dynamixel_sdk_custom_interfaces/_dynamixel_sdk_custom_interfaces_s.ep.rosidl_typesupport_introspection_c.c.o[0m
[3.546s] [ 89%] [32mBuilding C object CMakeFiles/dynamixel_sdk_custom_interfaces__rosidl_typesupport_c__pyext.dir/rosidl_generator_py/dynamixel_sdk_custom_interfaces/_dynamixel_sdk_custom_interfaces_s.ep.rosidl_typesupport_c.c.o[0m
[3.550s] [ 92%] [32mBuilding C object CMakeFiles/dynamixel_sdk_custom_interfaces__rosidl_typesupport_fastrtps_c__pyext.dir/rosidl_generator_py/dynamixel_sdk_custom_interfaces/_dynamixel_sdk_custom_interfaces_s.ep.rosidl_typesupport_fastrtps_c.c.o[0m
[3.832s] [ 94%] [32m[1mLinking C shared library rosidl_generator_py/dynamixel_sdk_custom_interfaces/dynamixel_sdk_custom_interfaces_s__rosidl_typesupport_introspection_c.cpython-310-x86_64-linux-gnu.so[0m
[3.838s] [ 97%] [32m[1mLinking C shared library rosidl_generator_py/dynamixel_sdk_custom_interfaces/dynamixel_sdk_custom_interfaces_s__rosidl_typesupport_c.cpython-310-x86_64-linux-gnu.so[0m
[3.934s] [ 97%] Built target dynamixel_sdk_custom_interfaces__rosidl_typesupport_c__pyext
[3.952s] [100%] [32m[1mLinking C shared library rosidl_generator_py/dynamixel_sdk_custom_interfaces/dynamixel_sdk_custom_interfaces_s__rosidl_typesupport_fastrtps_c.cpython-310-x86_64-linux-gnu.so[0m
[4.067s] [100%] Built target dynamixel_sdk_custom_interfaces__rosidl_typesupport_introspection_c__pyext
[4.068s] [100%] Built target dynamixel_sdk_custom_interfaces__rosidl_typesupport_fastrtps_c__pyext
[4.100s] Invoked command in '/workspaces/irobot_workspace/build/dynamixel_sdk_custom_interfaces' returned '0': CMAKE_PREFIX_PATH=/opt/ros/humble /usr/bin/cmake --build /workspaces/irobot_workspace/build/dynamixel_sdk_custom_interfaces -- -j20 -l20
[4.268s] Invoking command in '/workspaces/irobot_workspace/build/dynamixel_sdk_custom_interfaces': CMAKE_PREFIX_PATH=/opt/ros/humble /usr/bin/cmake --install /workspaces/irobot_workspace/build/dynamixel_sdk_custom_interfaces
[4.277s] -- Install configuration: "RelWithDebInfo"
[4.277s] -- Execute custom install script
[4.278s] -- Symlinking: /workspaces/irobot_workspace/install/share/ament_index/resource_index/rosidl_interfaces/dynamixel_sdk_custom_interfaces
[4.298s] -- Symlinking: /workspaces/irobot_workspace/install/include/dynamixel_sdk_custom_interfaces/dynamixel_sdk_custom_interfaces/msg/detail/set_position__functions.h
[4.308s] -- Symlinking: /workspaces/irobot_workspace/install/include/dynamixel_sdk_custom_interfaces/dynamixel_sdk_custom_interfaces/msg/detail/set_position__struct.h
[4.319s] -- Symlinking: /workspaces/irobot_workspace/install/include/dynamixel_sdk_custom_interfaces/dynamixel_sdk_custom_interfaces/msg/detail/set_position__type_support.h
[4.329s] -- Symlinking: /workspaces/irobot_workspace/install/include/dynamixel_sdk_custom_interfaces/dynamixel_sdk_custom_interfaces/msg/rosidl_generator_c__visibility_control.h
[4.340s] -- Symlinking: /workspaces/irobot_workspace/install/include/dynamixel_sdk_custom_interfaces/dynamixel_sdk_custom_interfaces/msg/set_position.h
[4.350s] -- Symlinking: /workspaces/irobot_workspace/install/include/dynamixel_sdk_custom_interfaces/dynamixel_sdk_custom_interfaces/srv/detail/get_position__functions.h
[4.360s] -- Symlinking: /workspaces/irobot_workspace/install/include/dynamixel_sdk_custom_interfaces/dynamixel_sdk_custom_interfaces/srv/detail/get_position__struct.h
[4.368s] -- Symlinking: /workspaces/irobot_workspace/install/include/dynamixel_sdk_custom_interfaces/dynamixel_sdk_custom_interfaces/srv/detail/get_position__type_support.h
[4.378s] -- Symlinking: /workspaces/irobot_workspace/install/include/dynamixel_sdk_custom_interfaces/dynamixel_sdk_custom_interfaces/srv/get_position.h
[4.387s] -- Symlinking: /workspaces/irobot_workspace/install/share/dynamixel_sdk_custom_interfaces/environment/library_path.sh
[4.397s] -- Symlinking: /workspaces/irobot_workspace/install/share/dynamixel_sdk_custom_interfaces/environment/library_path.dsv
[4.407s] -- Symlinking: /workspaces/irobot_workspace/install/include/dynamixel_sdk_custom_interfaces/dynamixel_sdk_custom_interfaces/msg/detail/set_position__rosidl_typesupport_fastrtps_c.h
[4.416s] -- Symlinking: /workspaces/irobot_workspace/install/include/dynamixel_sdk_custom_interfaces/dynamixel_sdk_custom_interfaces/msg/rosidl_typesupport_fastrtps_c__visibility_control.h
[4.426s] -- Symlinking: /workspaces/irobot_workspace/install/include/dynamixel_sdk_custom_interfaces/dynamixel_sdk_custom_interfaces/srv/detail/get_position__rosidl_typesupport_fastrtps_c.h
[4.436s] -- Symlinking: /workspaces/irobot_workspace/install/include/dynamixel_sdk_custom_interfaces/dynamixel_sdk_custom_interfaces/msg/detail/set_position__builder.hpp
[4.445s] -- Symlinking: /workspaces/irobot_workspace/install/include/dynamixel_sdk_custom_interfaces/dynamixel_sdk_custom_interfaces/msg/detail/set_position__struct.hpp
[4.454s] -- Symlinking: /workspaces/irobot_workspace/install/include/dynamixel_sdk_custom_interfaces/dynamixel_sdk_custom_interfaces/msg/detail/set_position__traits.hpp
[4.463s] -- Symlinking: /workspaces/irobot_workspace/install/include/dynamixel_sdk_custom_interfaces/dynamixel_sdk_custom_interfaces/msg/set_position.hpp
[4.470s] -- Symlinking: /workspaces/irobot_workspace/install/include/dynamixel_sdk_custom_interfaces/dynamixel_sdk_custom_interfaces/srv/detail/get_position__builder.hpp
[4.480s] -- Symlinking: /workspaces/irobot_workspace/install/include/dynamixel_sdk_custom_interfaces/dynamixel_sdk_custom_interfaces/srv/detail/get_position__struct.hpp
[4.488s] -- Symlinking: /workspaces/irobot_workspace/install/include/dynamixel_sdk_custom_interfaces/dynamixel_sdk_custom_interfaces/srv/detail/get_position__traits.hpp
[4.496s] -- Symlinking: /workspaces/irobot_workspace/install/include/dynamixel_sdk_custom_interfaces/dynamixel_sdk_custom_interfaces/srv/get_position.hpp
[4.504s] -- Symlinking: /workspaces/irobot_workspace/install/include/dynamixel_sdk_custom_interfaces/dynamixel_sdk_custom_interfaces/msg/detail/set_position__rosidl_typesupport_fastrtps_cpp.hpp
[4.510s] -- Symlinking: /workspaces/irobot_workspace/install/include/dynamixel_sdk_custom_interfaces/dynamixel_sdk_custom_interfaces/msg/rosidl_typesupport_fastrtps_cpp__visibility_control.h
[4.519s] -- Symlinking: /workspaces/irobot_workspace/install/include/dynamixel_sdk_custom_interfaces/dynamixel_sdk_custom_interfaces/srv/detail/get_position__rosidl_typesupport_fastrtps_cpp.hpp
[4.527s] -- Symlinking: /workspaces/irobot_workspace/install/include/dynamixel_sdk_custom_interfaces/dynamixel_sdk_custom_interfaces/msg/detail/set_position__rosidl_typesupport_introspection_c.h
[4.536s] -- Symlinking: /workspaces/irobot_workspace/install/include/dynamixel_sdk_custom_interfaces/dynamixel_sdk_custom_interfaces/msg/rosidl_typesupport_introspection_c__visibility_control.h
[4.545s] -- Symlinking: /workspaces/irobot_workspace/install/include/dynamixel_sdk_custom_interfaces/dynamixel_sdk_custom_interfaces/srv/detail/get_position__rosidl_typesupport_introspection_c.h
[4.553s] -- Symlinking: /workspaces/irobot_workspace/install/include/dynamixel_sdk_custom_interfaces/dynamixel_sdk_custom_interfaces/msg/detail/set_position__rosidl_typesupport_introspection_cpp.hpp
[4.562s] -- Symlinking: /workspaces/irobot_workspace/install/include/dynamixel_sdk_custom_interfaces/dynamixel_sdk_custom_interfaces/srv/detail/get_position__rosidl_typesupport_introspection_cpp.hpp
[4.571s] -- Symlinking: /workspaces/irobot_workspace/install/share/dynamixel_sdk_custom_interfaces/environment/pythonpath.sh
[4.579s] -- Symlinking: /workspaces/irobot_workspace/install/share/dynamixel_sdk_custom_interfaces/environment/pythonpath.dsv
[4.589s] -- Symlinking: /workspaces/irobot_workspace/install/local/lib/python3.10/dist-packages/dynamixel_sdk_custom_interfaces-3.7.60-py3.10.egg-info/PKG-INFO
[4.596s] -- Symlinking: /workspaces/irobot_workspace/install/local/lib/python3.10/dist-packages/dynamixel_sdk_custom_interfaces-3.7.60-py3.10.egg-info/SOURCES.txt
[4.605s] -- Symlinking: /workspaces/irobot_workspace/install/local/lib/python3.10/dist-packages/dynamixel_sdk_custom_interfaces-3.7.60-py3.10.egg-info/dependency_links.txt
[4.613s] -- Symlinking: /workspaces/irobot_workspace/install/local/lib/python3.10/dist-packages/dynamixel_sdk_custom_interfaces-3.7.60-py3.10.egg-info/top_level.txt
[4.622s] -- Symlinking: /workspaces/irobot_workspace/install/local/lib/python3.10/dist-packages/dynamixel_sdk_custom_interfaces/__init__.py
[4.629s] -- Symlinking: /workspaces/irobot_workspace/install/local/lib/python3.10/dist-packages/dynamixel_sdk_custom_interfaces/_dynamixel_sdk_custom_interfaces_s.ep.rosidl_typesupport_c.c
[4.635s] -- Symlinking: /workspaces/irobot_workspace/install/local/lib/python3.10/dist-packages/dynamixel_sdk_custom_interfaces/_dynamixel_sdk_custom_interfaces_s.ep.rosidl_typesupport_fastrtps_c.c
[4.642s] -- Symlinking: /workspaces/irobot_workspace/install/local/lib/python3.10/dist-packages/dynamixel_sdk_custom_interfaces/_dynamixel_sdk_custom_interfaces_s.ep.rosidl_typesupport_introspection_c.c
[4.649s] -- Symlinking: /workspaces/irobot_workspace/install/local/lib/python3.10/dist-packages/dynamixel_sdk_custom_interfaces/dynamixel_sdk_custom_interfaces_s__rosidl_typesupport_c.cpython-310-x86_64-linux-gnu.so
[4.656s] -- Symlinking: /workspaces/irobot_workspace/install/local/lib/python3.10/dist-packages/dynamixel_sdk_custom_interfaces/dynamixel_sdk_custom_interfaces_s__rosidl_typesupport_fastrtps_c.cpython-310-x86_64-linux-gnu.so
[4.663s] -- Symlinking: /workspaces/irobot_workspace/install/local/lib/python3.10/dist-packages/dynamixel_sdk_custom_interfaces/dynamixel_sdk_custom_interfaces_s__rosidl_typesupport_introspection_c.cpython-310-x86_64-linux-gnu.so
[4.672s] -- Symlinking: /workspaces/irobot_workspace/install/local/lib/python3.10/dist-packages/dynamixel_sdk_custom_interfaces/libdynamixel_sdk_custom_interfaces__rosidl_generator_py.so
[4.681s] -- Symlinking: /workspaces/irobot_workspace/install/local/lib/python3.10/dist-packages/dynamixel_sdk_custom_interfaces/msg/__init__.py
[4.687s] -- Symlinking: /workspaces/irobot_workspace/install/local/lib/python3.10/dist-packages/dynamixel_sdk_custom_interfaces/msg/_set_position.py
[4.694s] -- Symlinking: /workspaces/irobot_workspace/install/local/lib/python3.10/dist-packages/dynamixel_sdk_custom_interfaces/msg/_set_position_s.c
[4.700s] -- Symlinking: /workspaces/irobot_workspace/install/local/lib/python3.10/dist-packages/dynamixel_sdk_custom_interfaces/srv/__init__.py
[4.706s] -- Symlinking: /workspaces/irobot_workspace/install/local/lib/python3.10/dist-packages/dynamixel_sdk_custom_interfaces/srv/_get_position.py
[4.712s] -- Symlinking: /workspaces/irobot_workspace/install/local/lib/python3.10/dist-packages/dynamixel_sdk_custom_interfaces/srv/_get_position_s.c
[4.719s] -- Up-to-date symlink: /workspaces/irobot_workspace/install/local/lib/python3.10/dist-packages/dynamixel_sdk_custom_interfaces/dynamixel_sdk_custom_interfaces_s__rosidl_typesupport_fastrtps_c.cpython-310-x86_64-linux-gnu.so
[4.719s] -- Up-to-date symlink: /workspaces/irobot_workspace/install/local/lib/python3.10/dist-packages/dynamixel_sdk_custom_interfaces/dynamixel_sdk_custom_interfaces_s__rosidl_typesupport_introspection_c.cpython-310-x86_64-linux-gnu.so
[4.719s] -- Up-to-date symlink: /workspaces/irobot_workspace/install/local/lib/python3.10/dist-packages/dynamixel_sdk_custom_interfaces/dynamixel_sdk_custom_interfaces_s__rosidl_typesupport_c.cpython-310-x86_64-linux-gnu.so
[4.719s] -- Symlinking: /workspaces/irobot_workspace/install/share/dynamixel_sdk_custom_interfaces/msg/SetPosition.idl
[4.726s] -- Symlinking: /workspaces/irobot_workspace/install/share/dynamixel_sdk_custom_interfaces/srv/GetPosition.idl
[4.734s] -- Symlinking: /workspaces/irobot_workspace/install/share/dynamixel_sdk_custom_interfaces/msg/SetPosition.msg
[4.741s] -- Symlinking: /workspaces/irobot_workspace/install/share/dynamixel_sdk_custom_interfaces/srv/GetPosition.srv
[4.748s] -- Symlinking: /workspaces/irobot_workspace/install/share/dynamixel_sdk_custom_interfaces/srv/GetPosition_Request.msg
[4.756s] -- Symlinking: /workspaces/irobot_workspace/install/share/dynamixel_sdk_custom_interfaces/srv/GetPosition_Response.msg
[4.762s] -- Symlinking: /workspaces/irobot_workspace/install/share/ament_index/resource_index/package_run_dependencies/dynamixel_sdk_custom_interfaces
[4.770s] -- Symlinking: /workspaces/irobot_workspace/install/share/ament_index/resource_index/parent_prefix_path/dynamixel_sdk_custom_interfaces
[4.778s] -- Symlinking: /workspaces/irobot_workspace/install/share/dynamixel_sdk_custom_interfaces/environment/ament_prefix_path.sh
[4.784s] -- Symlinking: /workspaces/irobot_workspace/install/share/dynamixel_sdk_custom_interfaces/environment/ament_prefix_path.dsv
[4.791s] -- Symlinking: /workspaces/irobot_workspace/install/share/dynamixel_sdk_custom_interfaces/environment/path.sh
[4.798s] -- Symlinking: /workspaces/irobot_workspace/install/share/dynamixel_sdk_custom_interfaces/environment/path.dsv
[4.804s] -- Symlinking: /workspaces/irobot_workspace/install/share/dynamixel_sdk_custom_interfaces/local_setup.bash
[4.812s] -- Symlinking: /workspaces/irobot_workspace/install/share/dynamixel_sdk_custom_interfaces/local_setup.sh
[4.817s] -- Symlinking: /workspaces/irobot_workspace/install/share/dynamixel_sdk_custom_interfaces/local_setup.zsh
[4.823s] -- Symlinking: /workspaces/irobot_workspace/install/share/dynamixel_sdk_custom_interfaces/local_setup.dsv
[4.828s] -- Symlinking: /workspaces/irobot_workspace/install/share/dynamixel_sdk_custom_interfaces/package.dsv
[4.833s] -- Symlinking: /workspaces/irobot_workspace/install/share/ament_index/resource_index/packages/dynamixel_sdk_custom_interfaces
[4.839s] -- Symlinking: /workspaces/irobot_workspace/install/share/dynamixel_sdk_custom_interfaces/cmake/rosidl_cmake-extras.cmake
[4.845s] -- Symlinking: /workspaces/irobot_workspace/install/share/dynamixel_sdk_custom_interfaces/cmake/ament_cmake_export_dependencies-extras.cmake
[4.853s] -- Symlinking: /workspaces/irobot_workspace/install/share/dynamixel_sdk_custom_interfaces/cmake/ament_cmake_export_include_directories-extras.cmake
[4.858s] -- Symlinking: /workspaces/irobot_workspace/install/share/dynamixel_sdk_custom_interfaces/cmake/ament_cmake_export_libraries-extras.cmake
[4.864s] -- Symlinking: /workspaces/irobot_workspace/install/share/dynamixel_sdk_custom_interfaces/cmake/ament_cmake_export_targets-extras.cmake
[4.870s] -- Symlinking: /workspaces/irobot_workspace/install/share/dynamixel_sdk_custom_interfaces/cmake/rosidl_cmake_export_typesupport_targets-extras.cmake
[4.876s] -- Symlinking: /workspaces/irobot_workspace/install/share/dynamixel_sdk_custom_interfaces/cmake/rosidl_cmake_export_typesupport_libraries-extras.cmake
[4.881s] -- Symlinking: /workspaces/irobot_workspace/install/share/dynamixel_sdk_custom_interfaces/cmake/dynamixel_sdk_custom_interfacesConfig.cmake
[4.887s] -- Symlinking: /workspaces/irobot_workspace/install/share/dynamixel_sdk_custom_interfaces/cmake/dynamixel_sdk_custom_interfacesConfig-version.cmake
[4.894s] -- Symlinking: /workspaces/irobot_workspace/install/share/dynamixel_sdk_custom_interfaces/package.xml
[4.899s] -- Installing: /workspaces/irobot_workspace/install/lib/libdynamixel_sdk_custom_interfaces__rosidl_generator_c.so
[4.899s] -- Set runtime path of "/workspaces/irobot_workspace/install/lib/libdynamixel_sdk_custom_interfaces__rosidl_generator_c.so" to ""
[4.899s] -- Installing: /workspaces/irobot_workspace/install/lib/libdynamixel_sdk_custom_interfaces__rosidl_typesupport_fastrtps_c.so
[4.899s] -- Set runtime path of "/workspaces/irobot_workspace/install/lib/libdynamixel_sdk_custom_interfaces__rosidl_typesupport_fastrtps_c.so" to ""
[4.900s] -- Installing: /workspaces/irobot_workspace/install/lib/libdynamixel_sdk_custom_interfaces__rosidl_typesupport_fastrtps_cpp.so
[4.900s] -- Set runtime path of "/workspaces/irobot_workspace/install/lib/libdynamixel_sdk_custom_interfaces__rosidl_typesupport_fastrtps_cpp.so" to ""
[4.900s] -- Installing: /workspaces/irobot_workspace/install/lib/libdynamixel_sdk_custom_interfaces__rosidl_typesupport_introspection_c.so
[4.900s] -- Set runtime path of "/workspaces/irobot_workspace/install/lib/libdynamixel_sdk_custom_interfaces__rosidl_typesupport_introspection_c.so" to ""
[4.901s] -- Installing: /workspaces/irobot_workspace/install/lib/libdynamixel_sdk_custom_interfaces__rosidl_typesupport_c.so
[4.901s] -- Set runtime path of "/workspaces/irobot_workspace/install/lib/libdynamixel_sdk_custom_interfaces__rosidl_typesupport_c.so" to ""
[4.901s] -- Installing: /workspaces/irobot_workspace/install/lib/libdynamixel_sdk_custom_interfaces__rosidl_typesupport_introspection_cpp.so
[4.901s] -- Set runtime path of "/workspaces/irobot_workspace/install/lib/libdynamixel_sdk_custom_interfaces__rosidl_typesupport_introspection_cpp.so" to ""
[4.901s] -- Installing: /workspaces/irobot_workspace/install/lib/libdynamixel_sdk_custom_interfaces__rosidl_typesupport_cpp.so
[4.901s] -- Set runtime path of "/workspaces/irobot_workspace/install/lib/libdynamixel_sdk_custom_interfaces__rosidl_typesupport_cpp.so" to ""
[4.925s] Listing '/workspaces/irobot_workspace/install/local/lib/python3.10/dist-packages/dynamixel_sdk_custom_interfaces'...
[4.925s] Compiling '/workspaces/irobot_workspace/install/local/lib/python3.10/dist-packages/dynamixel_sdk_custom_interfaces/__init__.py'...
[4.925s] Listing '/workspaces/irobot_workspace/install/local/lib/python3.10/dist-packages/dynamixel_sdk_custom_interfaces/msg'...
[4.925s] Compiling '/workspaces/irobot_workspace/install/local/lib/python3.10/dist-packages/dynamixel_sdk_custom_interfaces/msg/__init__.py'...
[4.925s] Compiling '/workspaces/irobot_workspace/install/local/lib/python3.10/dist-packages/dynamixel_sdk_custom_interfaces/msg/_set_position.py'...
[4.925s] Listing '/workspaces/irobot_workspace/install/local/lib/python3.10/dist-packages/dynamixel_sdk_custom_interfaces/srv'...
[4.925s] Compiling '/workspaces/irobot_workspace/install/local/lib/python3.10/dist-packages/dynamixel_sdk_custom_interfaces/srv/__init__.py'...
[4.925s] Compiling '/workspaces/irobot_workspace/install/local/lib/python3.10/dist-packages/dynamixel_sdk_custom_interfaces/srv/_get_position.py'...
[4.928s] -- Installing: /workspaces/irobot_workspace/install/lib/libdynamixel_sdk_custom_interfaces__rosidl_generator_py.so
[4.929s] -- Set runtime path of "/workspaces/irobot_workspace/install/lib/libdynamixel_sdk_custom_interfaces__rosidl_generator_py.so" to ""
[4.929s] -- Installing: /workspaces/irobot_workspace/install/share/dynamixel_sdk_custom_interfaces/cmake/export_dynamixel_sdk_custom_interfaces__rosidl_generator_cExport.cmake
[4.929s] -- Installing: /workspaces/irobot_workspace/install/share/dynamixel_sdk_custom_interfaces/cmake/export_dynamixel_sdk_custom_interfaces__rosidl_generator_cExport-relwithdebinfo.cmake
[4.929s] -- Installing: /workspaces/irobot_workspace/install/share/dynamixel_sdk_custom_interfaces/cmake/export_dynamixel_sdk_custom_interfaces__rosidl_typesupport_fastrtps_cExport.cmake
[4.929s] -- Installing: /workspaces/irobot_workspace/install/share/dynamixel_sdk_custom_interfaces/cmake/export_dynamixel_sdk_custom_interfaces__rosidl_typesupport_fastrtps_cExport-relwithdebinfo.cmake
[4.929s] -- Installing: /workspaces/irobot_workspace/install/share/dynamixel_sdk_custom_interfaces/cmake/export_dynamixel_sdk_custom_interfaces__rosidl_generator_cppExport.cmake
[4.929s] -- Installing: /workspaces/irobot_workspace/install/share/dynamixel_sdk_custom_interfaces/cmake/export_dynamixel_sdk_custom_interfaces__rosidl_typesupport_fastrtps_cppExport.cmake
[4.930s] -- Installing: /workspaces/irobot_workspace/install/share/dynamixel_sdk_custom_interfaces/cmake/export_dynamixel_sdk_custom_interfaces__rosidl_typesupport_fastrtps_cppExport-relwithdebinfo.cmake
[4.930s] -- Installing: /workspaces/irobot_workspace/install/share/dynamixel_sdk_custom_interfaces/cmake/dynamixel_sdk_custom_interfaces__rosidl_typesupport_introspection_cExport.cmake
[4.930s] -- Installing: /workspaces/irobot_workspace/install/share/dynamixel_sdk_custom_interfaces/cmake/dynamixel_sdk_custom_interfaces__rosidl_typesupport_introspection_cExport-relwithdebinfo.cmake
[4.930s] -- Installing: /workspaces/irobot_workspace/install/share/dynamixel_sdk_custom_interfaces/cmake/dynamixel_sdk_custom_interfaces__rosidl_typesupport_cExport.cmake
[4.930s] -- Installing: /workspaces/irobot_workspace/install/share/dynamixel_sdk_custom_interfaces/cmake/dynamixel_sdk_custom_interfaces__rosidl_typesupport_cExport-relwithdebinfo.cmake
[4.930s] -- Installing: /workspaces/irobot_workspace/install/share/dynamixel_sdk_custom_interfaces/cmake/dynamixel_sdk_custom_interfaces__rosidl_typesupport_introspection_cppExport.cmake
[4.930s] -- Installing: /workspaces/irobot_workspace/install/share/dynamixel_sdk_custom_interfaces/cmake/dynamixel_sdk_custom_interfaces__rosidl_typesupport_introspection_cppExport-relwithdebinfo.cmake
[4.930s] -- Installing: /workspaces/irobot_workspace/install/share/dynamixel_sdk_custom_interfaces/cmake/dynamixel_sdk_custom_interfaces__rosidl_typesupport_cppExport.cmake
[4.930s] -- Installing: /workspaces/irobot_workspace/install/share/dynamixel_sdk_custom_interfaces/cmake/dynamixel_sdk_custom_interfaces__rosidl_typesupport_cppExport-relwithdebinfo.cmake
[4.930s] -- Installing: /workspaces/irobot_workspace/install/share/dynamixel_sdk_custom_interfaces/cmake/export_dynamixel_sdk_custom_interfaces__rosidl_generator_pyExport.cmake
[4.930s] -- Installing: /workspaces/irobot_workspace/install/share/dynamixel_sdk_custom_interfaces/cmake/export_dynamixel_sdk_custom_interfaces__rosidl_generator_pyExport-relwithdebinfo.cmake
[4.932s] Invoked command in '/workspaces/irobot_workspace/build/dynamixel_sdk_custom_interfaces' returned '0': CMAKE_PREFIX_PATH=/opt/ros/humble /usr/bin/cmake --install /workspaces/irobot_workspace/build/dynamixel_sdk_custom_interfaces
