[0.266s] Invoking command in '/workspaces/irobot_workspace/build/libcreate': CMAKE_PREFIX_PATH=${CMAKE_PREFIX_PATH}:/opt/ros/humble /usr/bin/cmake /workspaces/irobot_workspace/src/libcreate -DCMAKE_BUILD_TYPE=RelWithDebInfo -DCMAKE_EXPORT_COMPILE_COMMANDS=On -Wall -Wextra -Wpedantic -DCMAKE_INSTALL_PREFIX=/workspaces/irobot_workspace/install
[0.582s] -- The C compiler identification is GNU 11.4.0
[0.582s] -- The CXX compiler identification is GNU 11.4.0
[0.584s] -- Detecting C compiler ABI info
[0.584s] -- Detecting C compiler ABI info - done
[0.600s] -- Check for working C compiler: /usr/bin/cc - skipped
[0.600s] -- Detecting C compile features
[0.600s] -- Detecting C compile features - done
[0.601s] -- Detecting CXX compiler ABI info
[0.672s] -- Detecting CXX compiler ABI info - done
[0.674s] -- Check for working CXX compiler: /usr/bin/c++ - skipped
[0.675s] -- Detecting CXX compile features
[0.676s] -- Detecting CXX compile features - done
[0.781s] -- Found Boost: /usr/lib/x86_64-linux-gnu/cmake/Boost-1.74.0/BoostConfig.cmake (found version "1.74.0") found components: system thread 
[0.783s] -- Found Threads: TRUE  
[0.791s] -- Found GTest: /usr/lib/x86_64-linux-gnu/cmake/GTest/GTestConfig.cmake (found version "1.11.0")  
[0.792s] [0mGTest installation found. Building tests.[0m
[0.792s] -- Configuring done
[0.806s] -- Generating done
[0.808s] -- Build files have been written to: /workspaces/irobot_workspace/build/libcreate
[0.997s] Invoked command in '/workspaces/irobot_workspace/build/libcreate' returned '0': CMAKE_PREFIX_PATH=${CMAKE_PREFIX_PATH}:/opt/ros/humble /usr/bin/cmake /workspaces/irobot_workspace/src/libcreate -DCMAKE_BUILD_TYPE=RelWithDebInfo -DCMAKE_EXPORT_COMPILE_COMMANDS=On -Wall -Wextra -Wpedantic -DCMAKE_INSTALL_PREFIX=/workspaces/irobot_workspace/install
[1.031s] Invoking command in '/workspaces/irobot_workspace/build/libcreate': CMAKE_PREFIX_PATH=${CMAKE_PREFIX_PATH}:/opt/ros/humble /usr/bin/cmake --build /workspaces/irobot_workspace/build/libcreate -- -j20 -l20
[1.111s] [  2%] [32mBuilding CXX object CMakeFiles/create.dir/src/serial_stream.cpp.o[0m
[1.112s] [  5%] [32mBuilding CXX object CMakeFiles/create.dir/src/serial_query.cpp.o[0m
[1.113s] [  8%] [32mBuilding CXX object CMakeFiles/create.dir/src/data.cpp.o[0m
[1.113s] [ 11%] [32mBuilding CXX object CMakeFiles/create.dir/src/create.cpp.o[0m
[1.113s] [ 13%] [32mBuilding CXX object CMakeFiles/create.dir/src/types.cpp.o[0m
[1.113s] [ 16%] [32mBuilding CXX object CMakeFiles/create.dir/src/packet.cpp.o[0m
[1.113s] [ 19%] [32mBuilding CXX object CMakeFiles/create.dir/src/serial.cpp.o[0m
[6.989s] [ 22%] [32m[1mLinking CXX shared library libcreate.so[0m
[7.096s] [ 22%] Built target create
[7.113s] [ 25%] [32mBuilding CXX object CMakeFiles/battery_level.dir/examples/battery_level.cpp.o[0m
[7.114s] [ 30%] [32mBuilding CXX object CMakeFiles/test_data.dir/tests/test_data.cpp.o[0m
[7.114s] [ 27%] [32mBuilding CXX object CMakeFiles/bumpers.dir/examples/bumpers.cpp.o[0m
[7.114s] [ 33%] [32mBuilding CXX object CMakeFiles/leds.dir/examples/leds.cpp.o[0m
[7.115s] [ 36%] [32mBuilding CXX object CMakeFiles/packets.dir/examples/packets.cpp.o[0m
[7.115s] [ 38%] [32mBuilding CXX object CMakeFiles/test_serial_stream.dir/tests/test_serial_stream.cpp.o[0m
[7.115s] [ 41%] [32mBuilding CXX object CMakeFiles/test_robot_model.dir/tests/test_robot_model.cpp.o[0m
[7.115s] [ 44%] [32mBuilding CXX object CMakeFiles/wheeldrop.dir/examples/wheeldrop.cpp.o[0m
[7.116s] [ 47%] [32mBuilding CXX object CMakeFiles/cliffs.dir/examples/cliffs.cpp.o[0m
[7.116s] [ 50%] [32mBuilding CXX object CMakeFiles/test_serial_query.dir/tests/test_serial_query.cpp.o[0m
[7.116s] [ 52%] [32mBuilding CXX object CMakeFiles/play_song.dir/examples/play_song.cpp.o[0m
[7.116s] [ 55%] [32mBuilding CXX object CMakeFiles/test_packet.dir/tests/test_packet.cpp.o[0m
[7.116s] [ 61%] [32mBuilding CXX object CMakeFiles/drive_circle.dir/examples/drive_circle.cpp.o[0m
[7.117s] [ 61%] [32mBuilding CXX object CMakeFiles/test_create.dir/tests/test_create.cpp.o[0m
[8.473s] [ 63%] [32m[1mLinking CXX executable test_robot_model[0m
[8.651s] [ 66%] [32m[1mLinking CXX executable test_packet[0m
[8.683s] [ 66%] Built target test_robot_model
[9.021s] [ 66%] Built target test_packet
[9.218s] [ 69%] [32m[1mLinking CXX executable test_data[0m
[9.454s] [ 69%] Built target test_data
[10.814s] [ 72%] [32m[1mLinking CXX executable wheeldrop[0m
[10.839s] [ 75%] [32m[1mLinking CXX executable cliffs[0m
[10.869s] [ 77%] [32m[1mLinking CXX executable packets[0m
[10.891s] [ 80%] [32m[1mLinking CXX executable bumpers[0m
[10.927s] [ 83%] [32m[1mLinking CXX executable drive_circle[0m
[10.929s] [ 83%] Built target wheeldrop
[10.937s] [ 86%] [32m[1mLinking CXX executable leds[0m
[10.944s] [ 86%] Built target cliffs
[10.959s] [ 86%] Built target packets
[10.981s] [ 88%] [32m[1mLinking CXX executable play_song[0m
[10.985s] [ 88%] Built target bumpers
[11.005s] [ 88%] Built target drive_circle
[11.010s] [ 91%] [32m[1mLinking CXX executable battery_level[0m
[11.017s] [ 91%] Built target leds
[11.040s] [ 91%] Built target play_song
[11.067s] [ 91%] Built target battery_level
[11.462s] [ 94%] [32m[1mLinking CXX executable test_create[0m
[11.531s] [ 94%] Built target test_create
[11.564s] [ 97%] [32m[1mLinking CXX executable test_serial_stream[0m
[11.569s] [100%] [32m[1mLinking CXX executable test_serial_query[0m
[11.636s] [100%] Built target test_serial_stream
[11.642s] [100%] Built target test_serial_query
[11.650s] Invoked command in '/workspaces/irobot_workspace/build/libcreate' returned '0': CMAKE_PREFIX_PATH=${CMAKE_PREFIX_PATH}:/opt/ros/humble /usr/bin/cmake --build /workspaces/irobot_workspace/build/libcreate -- -j20 -l20
[11.693s] Invoking command in '/workspaces/irobot_workspace/build/libcreate': CMAKE_PREFIX_PATH=${CMAKE_PREFIX_PATH}:/opt/ros/humble /usr/bin/cmake --install /workspaces/irobot_workspace/build/libcreate
[11.696s] -- Install configuration: "RelWithDebInfo"
[11.696s] -- Installing: /workspaces/irobot_workspace/install/lib/libcreate.so
[11.699s] -- Up-to-date: /workspaces/irobot_workspace/install/include
[11.700s] -- Installing: /workspaces/irobot_workspace/install/include/create
[11.700s] -- Installing: /workspaces/irobot_workspace/install/include/create/serial_query.h
[11.700s] -- Installing: /workspaces/irobot_workspace/install/include/create/util.h
[11.700s] -- Installing: /workspaces/irobot_workspace/install/include/create/packet.h
[11.700s] -- Installing: /workspaces/irobot_workspace/install/include/create/create.h
[11.700s] -- Installing: /workspaces/irobot_workspace/install/include/create/serial.h
[11.700s] -- Installing: /workspaces/irobot_workspace/install/include/create/serial_stream.h
[11.700s] -- Installing: /workspaces/irobot_workspace/install/include/create/data.h
[11.700s] -- Installing: /workspaces/irobot_workspace/install/include/create/types.h
[11.700s] -- Installing: /workspaces/irobot_workspace/install/lib/cmake/libcreate/libcreate-config.cmake
[11.701s] -- Installing: /workspaces/irobot_workspace/install/lib/cmake/libcreate/libcreate-config-version.cmake
[11.701s] -- Installing: /workspaces/irobot_workspace/install/lib/cmake/libcreate/libcreate-targets.cmake
[11.701s] -- Installing: /workspaces/irobot_workspace/install/lib/cmake/libcreate/libcreate-targets-relwithdebinfo.cmake
[11.701s] -- Installing: /workspaces/irobot_workspace/install/share/libcreate/package.xml
[11.702s] Invoked command in '/workspaces/irobot_workspace/build/libcreate' returned '0': CMAKE_PREFIX_PATH=${CMAKE_PREFIX_PATH}:/opt/ros/humble /usr/bin/cmake --install /workspaces/irobot_workspace/build/libcreate
