[0.125s] Invoking command in '/workspaces/irobot_workspace/build/turtlebot3_bringup': CMAKE_PREFIX_PATH=${CMAKE_PREFIX_PATH}:/opt/ros/humble PYTHONPATH=/workspaces/irobot_workspace/install/lib/python3.10/site-packages:/workspaces/irobot_workspace/build/turtlebot3_teleop:/workspaces/irobot_workspace/build/turtlebot3_example:/workspaces/irobot_workspace/install/local/lib/python3.10/dist-packages:/opt/ros/humble/local/lib/python3.10/dist-packages:/opt/ros/humble/lib/python3.10/site-packages /usr/bin/cmake --build /workspaces/irobot_workspace/build/turtlebot3_bringup -- -j20 -l20
[0.251s] Invoked command in '/workspaces/irobot_workspace/build/turtlebot3_bringup' returned '0': CMAKE_PREFIX_PATH=${CMAKE_PREFIX_PATH}:/opt/ros/humble PYTHONPATH=/workspaces/irobot_workspace/install/lib/python3.10/site-packages:/workspaces/irobot_workspace/build/turtlebot3_teleop:/workspaces/irobot_workspace/build/turtlebot3_example:/workspaces/irobot_workspace/install/local/lib/python3.10/dist-packages:/opt/ros/humble/local/lib/python3.10/dist-packages:/opt/ros/humble/lib/python3.10/site-packages /usr/bin/cmake --build /workspaces/irobot_workspace/build/turtlebot3_bringup -- -j20 -l20
[0.265s] Invoking command in '/workspaces/irobot_workspace/build/turtlebot3_bringup': CMAKE_PREFIX_PATH=${CMAKE_PREFIX_PATH}:/opt/ros/humble PYTHONPATH=/workspaces/irobot_workspace/install/lib/python3.10/site-packages:/workspaces/irobot_workspace/build/turtlebot3_teleop:/workspaces/irobot_workspace/build/turtlebot3_example:/workspaces/irobot_workspace/install/local/lib/python3.10/dist-packages:/opt/ros/humble/local/lib/python3.10/dist-packages:/opt/ros/humble/lib/python3.10/site-packages /usr/bin/cmake --install /workspaces/irobot_workspace/build/turtlebot3_bringup
[0.269s] -- Install configuration: "RelWithDebInfo"
[0.270s] -- Execute custom install script
[0.270s] -- Up-to-date symlink: /workspaces/irobot_workspace/install/share/turtlebot3_bringup/launch/robot.launch.py
[0.270s] -- Up-to-date symlink: /workspaces/irobot_workspace/install/share/turtlebot3_bringup/launch/rviz2.launch.py
[0.270s] -- Up-to-date symlink: /workspaces/irobot_workspace/install/share/turtlebot3_bringup/launch/turtlebot3_state_publisher.launch.py
[0.271s] -- Up-to-date symlink: /workspaces/irobot_workspace/install/share/turtlebot3_bringup/param/burger.yaml
[0.271s] -- Up-to-date symlink: /workspaces/irobot_workspace/install/share/turtlebot3_bringup/param/waffle.yaml
[0.271s] -- Up-to-date symlink: /workspaces/irobot_workspace/install/share/turtlebot3_bringup/param/waffle_pi.yaml
[0.271s] -- Up-to-date symlink: /workspaces/irobot_workspace/install/share/turtlebot3_bringup/script/99-turtlebot3-cdc.rules
[0.272s] -- Up-to-date symlink: /workspaces/irobot_workspace/install/share/turtlebot3_bringup/script/create_udev_rules
[0.272s] -- Up-to-date symlink: /workspaces/irobot_workspace/install/share/ament_index/resource_index/package_run_dependencies/turtlebot3_bringup
[0.272s] -- Up-to-date symlink: /workspaces/irobot_workspace/install/share/ament_index/resource_index/parent_prefix_path/turtlebot3_bringup
[0.272s] -- Up-to-date symlink: /workspaces/irobot_workspace/install/share/turtlebot3_bringup/environment/ament_prefix_path.sh
[0.272s] -- Up-to-date symlink: /workspaces/irobot_workspace/install/share/turtlebot3_bringup/environment/ament_prefix_path.dsv
[0.273s] -- Up-to-date symlink: /workspaces/irobot_workspace/install/share/turtlebot3_bringup/environment/path.sh
[0.273s] -- Up-to-date symlink: /workspaces/irobot_workspace/install/share/turtlebot3_bringup/environment/path.dsv
[0.273s] -- Up-to-date symlink: /workspaces/irobot_workspace/install/share/turtlebot3_bringup/local_setup.bash
[0.273s] -- Up-to-date symlink: /workspaces/irobot_workspace/install/share/turtlebot3_bringup/local_setup.sh
[0.274s] -- Up-to-date symlink: /workspaces/irobot_workspace/install/share/turtlebot3_bringup/local_setup.zsh
[0.274s] -- Up-to-date symlink: /workspaces/irobot_workspace/install/share/turtlebot3_bringup/local_setup.dsv
[0.274s] -- Symlinking: /workspaces/irobot_workspace/install/share/turtlebot3_bringup/package.dsv
[0.281s] -- Up-to-date symlink: /workspaces/irobot_workspace/install/share/ament_index/resource_index/packages/turtlebot3_bringup
[0.282s] -- Up-to-date symlink: /workspaces/irobot_workspace/install/share/turtlebot3_bringup/cmake/turtlebot3_bringupConfig.cmake
[0.282s] -- Up-to-date symlink: /workspaces/irobot_workspace/install/share/turtlebot3_bringup/cmake/turtlebot3_bringupConfig-version.cmake
[0.282s] -- Up-to-date symlink: /workspaces/irobot_workspace/install/share/turtlebot3_bringup/package.xml
[0.283s] Invoked command in '/workspaces/irobot_workspace/build/turtlebot3_bringup' returned '0': CMAKE_PREFIX_PATH=${CMAKE_PREFIX_PATH}:/opt/ros/humble PYTHONPATH=/workspaces/irobot_workspace/install/lib/python3.10/site-packages:/workspaces/irobot_workspace/build/turtlebot3_teleop:/workspaces/irobot_workspace/build/turtlebot3_example:/workspaces/irobot_workspace/install/local/lib/python3.10/dist-packages:/opt/ros/humble/local/lib/python3.10/dist-packages:/opt/ros/humble/lib/python3.10/site-packages /usr/bin/cmake --install /workspaces/irobot_workspace/build/turtlebot3_bringup
