[0.167s] Invoking command in '/workspaces/irobot_workspace/build/dynamixel_sdk': CMAKE_PREFIX_PATH=/opt/ros/humble /usr/bin/cmake --build /workspaces/irobot_workspace/build/dynamixel_sdk -- -j20 -l20
[0.210s] [35m[1mConsolidate compiler generated dependencies of target dynamixel_sdk[0m
[0.220s] [100%] Built target dynamixel_sdk
[0.402s] Invoked command in '/workspaces/irobot_workspace/build/dynamixel_sdk' returned '0': CMAKE_PREFIX_PATH=/opt/ros/humble /usr/bin/cmake --build /workspaces/irobot_workspace/build/dynamixel_sdk -- -j20 -l20
[0.448s] Invoking command in '/workspaces/irobot_workspace/build/dynamixel_sdk': CMAKE_PREFIX_PATH=/opt/ros/humble /usr/bin/cmake --install /workspaces/irobot_workspace/build/dynamixel_sdk
[0.449s] -- Install configuration: "RelWithDebInfo"
[0.449s] -- Execute custom install script
[0.449s] -- Up-to-date symlink: /workspaces/irobot_workspace/install/include//dynamixel_sdk/dynamixel_sdk.h
[0.449s] -- Up-to-date symlink: /workspaces/irobot_workspace/install/include//dynamixel_sdk/group_bulk_read.h
[0.449s] -- Up-to-date symlink: /workspaces/irobot_workspace/install/include//dynamixel_sdk/group_bulk_write.h
[0.449s] -- Up-to-date symlink: /workspaces/irobot_workspace/install/include//dynamixel_sdk/group_sync_read.h
[0.449s] -- Up-to-date symlink: /workspaces/irobot_workspace/install/include//dynamixel_sdk/group_sync_write.h
[0.450s] -- Up-to-date symlink: /workspaces/irobot_workspace/install/include//dynamixel_sdk/packet_handler.h
[0.450s] -- Up-to-date symlink: /workspaces/irobot_workspace/install/include//dynamixel_sdk/port_handler.h
[0.450s] -- Up-to-date symlink: /workspaces/irobot_workspace/install/include//dynamixel_sdk/port_handler_arduino.h
[0.450s] -- Up-to-date symlink: /workspaces/irobot_workspace/install/include//dynamixel_sdk/port_handler_linux.h
[0.450s] -- Up-to-date symlink: /workspaces/irobot_workspace/install/include//dynamixel_sdk/port_handler_mac.h
[0.450s] -- Up-to-date symlink: /workspaces/irobot_workspace/install/include//dynamixel_sdk/port_handler_windows.h
[0.450s] -- Up-to-date symlink: /workspaces/irobot_workspace/install/include//dynamixel_sdk/protocol1_packet_handler.h
[0.450s] -- Up-to-date symlink: /workspaces/irobot_workspace/install/include//dynamixel_sdk/protocol2_packet_handler.h
[0.450s] -- Up-to-date symlink: /workspaces/irobot_workspace/install/lib/libdynamixel_sdk.so
[0.452s] -- Up-to-date symlink: /workspaces/irobot_workspace/install/share/dynamixel_sdk/environment/library_path.sh
[0.452s] -- Up-to-date symlink: /workspaces/irobot_workspace/install/share/dynamixel_sdk/environment/library_path.dsv
[0.453s] -- Up-to-date symlink: /workspaces/irobot_workspace/install/share/ament_index/resource_index/package_run_dependencies/dynamixel_sdk
[0.453s] -- Up-to-date symlink: /workspaces/irobot_workspace/install/share/ament_index/resource_index/parent_prefix_path/dynamixel_sdk
[0.453s] -- Up-to-date symlink: /workspaces/irobot_workspace/install/share/dynamixel_sdk/environment/ament_prefix_path.sh
[0.453s] -- Up-to-date symlink: /workspaces/irobot_workspace/install/share/dynamixel_sdk/environment/ament_prefix_path.dsv
[0.453s] -- Up-to-date symlink: /workspaces/irobot_workspace/install/share/dynamixel_sdk/environment/path.sh
[0.453s] -- Up-to-date symlink: /workspaces/irobot_workspace/install/share/dynamixel_sdk/environment/path.dsv
[0.453s] -- Up-to-date symlink: /workspaces/irobot_workspace/install/share/dynamixel_sdk/local_setup.bash
[0.453s] -- Up-to-date symlink: /workspaces/irobot_workspace/install/share/dynamixel_sdk/local_setup.sh
[0.453s] -- Up-to-date symlink: /workspaces/irobot_workspace/install/share/dynamixel_sdk/local_setup.zsh
[0.453s] -- Up-to-date symlink: /workspaces/irobot_workspace/install/share/dynamixel_sdk/local_setup.dsv
[0.453s] -- Symlinking: /workspaces/irobot_workspace/install/share/dynamixel_sdk/package.dsv
[0.454s] -- Up-to-date symlink: /workspaces/irobot_workspace/install/share/ament_index/resource_index/packages/dynamixel_sdk
[0.454s] -- Up-to-date symlink: /workspaces/irobot_workspace/install/share/dynamixel_sdk/cmake/ament_cmake_export_include_directories-extras.cmake
[0.454s] -- Up-to-date symlink: /workspaces/irobot_workspace/install/share/dynamixel_sdk/cmake/ament_cmake_export_libraries-extras.cmake
[0.454s] -- Up-to-date symlink: /workspaces/irobot_workspace/install/share/dynamixel_sdk/cmake/dynamixel_sdkConfig.cmake
[0.454s] -- Up-to-date symlink: /workspaces/irobot_workspace/install/share/dynamixel_sdk/cmake/dynamixel_sdkConfig-version.cmake
[0.454s] -- Up-to-date symlink: /workspaces/irobot_workspace/install/share/dynamixel_sdk/package.xml
[0.594s] Invoked command in '/workspaces/irobot_workspace/build/dynamixel_sdk' returned '0': CMAKE_PREFIX_PATH=/opt/ros/humble /usr/bin/cmake --install /workspaces/irobot_workspace/build/dynamixel_sdk
