[0.289s] Invoking command in '/workspaces/irobot_workspace/build/turtlebot3_fake_node': AMENT_PREFIX_PATH=/workspaces/irobot_workspace/install:${AMENT_PREFIX_PATH} CMAKE_PREFIX_PATH=/workspaces/irobot_workspace/install:/opt/ros/humble LD_LIBRARY_PATH=/workspaces/irobot_workspace/install/lib:${LD_LIBRARY_PATH} PYTHONPATH=/workspaces/irobot_workspace/install/local/lib/python3.10/dist-packages:/workspaces/irobot_workspace/install/lib/python3.10/site-packages:${PYTHONPATH} /usr/bin/cmake /workspaces/irobot_workspace/src/turtlebot3_simulations/turtlebot3_fake_node -DCMAKE_BUILD_TYPE=RelWithDebInfo -DCMAKE_EXPORT_COMPILE_COMMANDS=On -Wall -Wextra -Wpedantic -DAMENT_CMAKE_SYMLINK_INSTALL=1 -DCMAKE_INSTALL_PREFIX=/workspaces/irobot_workspace/install
[0.348s] -- The C compiler identification is GNU 11.4.0
[0.488s] -- The CXX compiler identification is GNU 11.4.0
[0.495s] -- Detecting C compiler ABI info
[0.610s] -- Detecting C compiler ABI info - done
[0.616s] -- Check for working C compiler: /usr/bin/cc - skipped
[0.616s] -- Detecting C compile features
[0.616s] -- Detecting C compile features - done
[0.618s] -- Detecting CXX compiler ABI info
[0.737s] -- Detecting CXX compiler ABI info - done
[0.742s] -- Check for working CXX compiler: /usr/bin/c++ - skipped
[0.742s] -- Detecting CXX compile features
[0.742s] -- Detecting CXX compile features - done
[0.744s] -- Found ament_cmake: 1.3.7 (/opt/ros/humble/share/ament_cmake/cmake)
[0.957s] -- Found Python3: /usr/bin/python3.10 (found version "3.10.12") found components: Interpreter 
[1.119s] -- Override CMake install command with custom implementation using symlinks instead of copying resources
[1.144s] -- Found geometry_msgs: 4.2.3 (/opt/ros/humble/share/geometry_msgs/cmake)
[1.178s] -- Found rosidl_generator_c: 3.1.5 (/opt/ros/humble/share/rosidl_generator_c/cmake)
[1.181s] -- Found rosidl_adapter: 3.1.5 (/opt/ros/humble/share/rosidl_adapter/cmake)
[1.188s] -- Found rosidl_generator_cpp: 3.1.5 (/opt/ros/humble/share/rosidl_generator_cpp/cmake)
[1.200s] -- Using all available rosidl_typesupport_c: rosidl_typesupport_fastrtps_c;rosidl_typesupport_introspection_c
[1.219s] -- Using all available rosidl_typesupport_cpp: rosidl_typesupport_fastrtps_cpp;rosidl_typesupport_introspection_cpp
[1.323s] -- Found nav_msgs: 4.2.3 (/opt/ros/humble/share/nav_msgs/cmake)
[1.386s] -- Found rclcpp: 16.0.8 (/opt/ros/humble/share/rclcpp/cmake)
[1.432s] -- Found rmw_implementation_cmake: 6.1.1 (/opt/ros/humble/share/rmw_implementation_cmake/cmake)
[1.433s] -- Found rmw_fastrtps_cpp: 6.2.6 (/opt/ros/humble/share/rmw_fastrtps_cpp/cmake)
[1.513s] -- Found OpenSSL: /usr/lib/x86_64-linux-gnu/libcrypto.so (found version "3.0.2")  
[1.535s] -- Found FastRTPS: /opt/ros/humble/include  
[1.575s] -- Using RMW implementation 'rmw_fastrtps_cpp' as default
[1.582s] -- Looking for pthread.h
[1.655s] -- Looking for pthread.h - found
[1.655s] -- Performing Test CMAKE_HAVE_LIBC_PTHREAD
[1.718s] -- Performing Test CMAKE_HAVE_LIBC_PTHREAD - Success
[1.719s] -- Found Threads: TRUE  
[1.813s] -- Found sensor_msgs: 4.2.3 (/opt/ros/humble/share/sensor_msgs/cmake)
[1.876s] -- Found tf2: 0.25.5 (/opt/ros/humble/share/tf2/cmake)
[1.892s] -- Found tf2_msgs: 0.25.5 (/opt/ros/humble/share/tf2_msgs/cmake)
[1.994s] -- Found turtlebot3_msgs: 2.2.3 (/workspaces/irobot_workspace/install/share/turtlebot3_msgs/cmake)
[2.140s] -- Configuring done
[2.151s] -- Generating done
[2.152s] -- Build files have been written to: /workspaces/irobot_workspace/build/turtlebot3_fake_node
[2.162s] Invoked command in '/workspaces/irobot_workspace/build/turtlebot3_fake_node' returned '0': AMENT_PREFIX_PATH=/workspaces/irobot_workspace/install:${AMENT_PREFIX_PATH} CMAKE_PREFIX_PATH=/workspaces/irobot_workspace/install:/opt/ros/humble LD_LIBRARY_PATH=/workspaces/irobot_workspace/install/lib:${LD_LIBRARY_PATH} PYTHONPATH=/workspaces/irobot_workspace/install/local/lib/python3.10/dist-packages:/workspaces/irobot_workspace/install/lib/python3.10/site-packages:${PYTHONPATH} /usr/bin/cmake /workspaces/irobot_workspace/src/turtlebot3_simulations/turtlebot3_fake_node -DCMAKE_BUILD_TYPE=RelWithDebInfo -DCMAKE_EXPORT_COMPILE_COMMANDS=On -Wall -Wextra -Wpedantic -DAMENT_CMAKE_SYMLINK_INSTALL=1 -DCMAKE_INSTALL_PREFIX=/workspaces/irobot_workspace/install
[2.163s] Invoking command in '/workspaces/irobot_workspace/build/turtlebot3_fake_node': AMENT_PREFIX_PATH=/workspaces/irobot_workspace/install:${AMENT_PREFIX_PATH} CMAKE_PREFIX_PATH=/workspaces/irobot_workspace/install:/opt/ros/humble LD_LIBRARY_PATH=/workspaces/irobot_workspace/install/lib:${LD_LIBRARY_PATH} PYTHONPATH=/workspaces/irobot_workspace/install/local/lib/python3.10/dist-packages:/workspaces/irobot_workspace/install/lib/python3.10/site-packages:${PYTHONPATH} /usr/bin/cmake --build /workspaces/irobot_workspace/build/turtlebot3_fake_node -- -j20 -l20
[2.211s] [ 50%] [32mBuilding CXX object CMakeFiles/turtlebot3_fake_node.dir/src/turtlebot3_fake_node.cpp.o[0m
[170.799s] [100%] [32m[1mLinking CXX executable turtlebot3_fake_node[0m
[171.038s] [100%] Built target turtlebot3_fake_node
[171.057s] Invoked command in '/workspaces/irobot_workspace/build/turtlebot3_fake_node' returned '0': AMENT_PREFIX_PATH=/workspaces/irobot_workspace/install:${AMENT_PREFIX_PATH} CMAKE_PREFIX_PATH=/workspaces/irobot_workspace/install:/opt/ros/humble LD_LIBRARY_PATH=/workspaces/irobot_workspace/install/lib:${LD_LIBRARY_PATH} PYTHONPATH=/workspaces/irobot_workspace/install/local/lib/python3.10/dist-packages:/workspaces/irobot_workspace/install/lib/python3.10/site-packages:${PYTHONPATH} /usr/bin/cmake --build /workspaces/irobot_workspace/build/turtlebot3_fake_node -- -j20 -l20
[171.074s] Invoking command in '/workspaces/irobot_workspace/build/turtlebot3_fake_node': AMENT_PREFIX_PATH=/workspaces/irobot_workspace/install:${AMENT_PREFIX_PATH} CMAKE_PREFIX_PATH=/workspaces/irobot_workspace/install:/opt/ros/humble LD_LIBRARY_PATH=/workspaces/irobot_workspace/install/lib:${LD_LIBRARY_PATH} PYTHONPATH=/workspaces/irobot_workspace/install/local/lib/python3.10/dist-packages:/workspaces/irobot_workspace/install/lib/python3.10/site-packages:${PYTHONPATH} /usr/bin/cmake --install /workspaces/irobot_workspace/build/turtlebot3_fake_node
[171.077s] -- Install configuration: "RelWithDebInfo"
[171.077s] -- Execute custom install script
[171.078s] -- Symlinking: /workspaces/irobot_workspace/install/lib/turtlebot3_fake_node/turtlebot3_fake_node
[171.086s] -- Symlinking: /workspaces/irobot_workspace/install/share/turtlebot3_fake_node/launch/rviz2.launch.py
[171.091s] -- Symlinking: /workspaces/irobot_workspace/install/share/turtlebot3_fake_node/launch/turtlebot3_fake_node.launch.py
[171.098s] -- Symlinking: /workspaces/irobot_workspace/install/share/turtlebot3_fake_node/param/burger.yaml
[171.104s] -- Symlinking: /workspaces/irobot_workspace/install/share/turtlebot3_fake_node/param/waffle.yaml
[171.109s] -- Symlinking: /workspaces/irobot_workspace/install/share/turtlebot3_fake_node/param/waffle_pi.yaml
[171.119s] -- Symlinking: /workspaces/irobot_workspace/install/include//turtlebot3_fake_node/turtlebot3_fake_node.hpp
[171.126s] -- Symlinking: /workspaces/irobot_workspace/install/share/ament_index/resource_index/package_run_dependencies/turtlebot3_fake_node
[171.132s] -- Symlinking: /workspaces/irobot_workspace/install/share/ament_index/resource_index/parent_prefix_path/turtlebot3_fake_node
[171.138s] -- Symlinking: /workspaces/irobot_workspace/install/share/turtlebot3_fake_node/environment/ament_prefix_path.sh
[171.144s] -- Symlinking: /workspaces/irobot_workspace/install/share/turtlebot3_fake_node/environment/ament_prefix_path.dsv
[171.149s] -- Symlinking: /workspaces/irobot_workspace/install/share/turtlebot3_fake_node/environment/path.sh
[171.154s] -- Symlinking: /workspaces/irobot_workspace/install/share/turtlebot3_fake_node/environment/path.dsv
[171.162s] -- Symlinking: /workspaces/irobot_workspace/install/share/turtlebot3_fake_node/local_setup.bash
[171.167s] -- Symlinking: /workspaces/irobot_workspace/install/share/turtlebot3_fake_node/local_setup.sh
[171.172s] -- Symlinking: /workspaces/irobot_workspace/install/share/turtlebot3_fake_node/local_setup.zsh
[171.176s] -- Symlinking: /workspaces/irobot_workspace/install/share/turtlebot3_fake_node/local_setup.dsv
[171.181s] -- Symlinking: /workspaces/irobot_workspace/install/share/turtlebot3_fake_node/package.dsv
[171.186s] -- Symlinking: /workspaces/irobot_workspace/install/share/ament_index/resource_index/packages/turtlebot3_fake_node
[171.192s] -- Symlinking: /workspaces/irobot_workspace/install/share/turtlebot3_fake_node/cmake/ament_cmake_export_include_directories-extras.cmake
[171.197s] -- Symlinking: /workspaces/irobot_workspace/install/share/turtlebot3_fake_node/cmake/ament_cmake_export_dependencies-extras.cmake
[171.203s] -- Symlinking: /workspaces/irobot_workspace/install/share/turtlebot3_fake_node/cmake/turtlebot3_fake_nodeConfig.cmake
[171.207s] -- Symlinking: /workspaces/irobot_workspace/install/share/turtlebot3_fake_node/cmake/turtlebot3_fake_nodeConfig-version.cmake
[171.212s] -- Symlinking: /workspaces/irobot_workspace/install/share/turtlebot3_fake_node/package.xml
[171.220s] Invoked command in '/workspaces/irobot_workspace/build/turtlebot3_fake_node' returned '0': AMENT_PREFIX_PATH=/workspaces/irobot_workspace/install:${AMENT_PREFIX_PATH} CMAKE_PREFIX_PATH=/workspaces/irobot_workspace/install:/opt/ros/humble LD_LIBRARY_PATH=/workspaces/irobot_workspace/install/lib:${LD_LIBRARY_PATH} PYTHONPATH=/workspaces/irobot_workspace/install/local/lib/python3.10/dist-packages:/workspaces/irobot_workspace/install/lib/python3.10/site-packages:${PYTHONPATH} /usr/bin/cmake --install /workspaces/irobot_workspace/build/turtlebot3_fake_node
