[0.159s] Invoking command in '/workspaces/irobot_workspace/build/turtlebot3_cartographer': CMAKE_PREFIX_PATH=${CMAKE_PREFIX_PATH}:/opt/ros/humble /usr/bin/cmake --build /workspaces/irobot_workspace/build/turtlebot3_cartographer -- -j20 -l20
[0.489s] Invoked command in '/workspaces/irobot_workspace/build/turtlebot3_cartographer' returned '0': CMAKE_PREFIX_PATH=${CMAKE_PREFIX_PATH}:/opt/ros/humble /usr/bin/cmake --build /workspaces/irobot_workspace/build/turtlebot3_cartographer -- -j20 -l20
[0.522s] Invoking command in '/workspaces/irobot_workspace/build/turtlebot3_cartographer': CMAKE_PREFIX_PATH=${CMAKE_PREFIX_PATH}:/opt/ros/humble /usr/bin/cmake --install /workspaces/irobot_workspace/build/turtlebot3_cartographer
[0.535s] -- Install configuration: "RelWithDebInfo"
[0.536s] -- Execute custom install script
[0.538s] -- Up-to-date symlink: /workspaces/irobot_workspace/install/share/turtlebot3_cartographer/config/turtlebot3_lds_2d.lua
[0.538s] -- Up-to-date symlink: /workspaces/irobot_workspace/install/share/turtlebot3_cartographer/launch/cartographer.launch.py
[0.539s] -- Up-to-date symlink: /workspaces/irobot_workspace/install/share/turtlebot3_cartographer/launch/occupancy_grid.launch.py
[0.539s] -- Up-to-date symlink: /workspaces/irobot_workspace/install/share/turtlebot3_cartographer/rviz/tb3_cartographer.rviz
[0.543s] -- Up-to-date symlink: /workspaces/irobot_workspace/install/share/ament_index/resource_index/package_run_dependencies/turtlebot3_cartographer
[0.544s] -- Up-to-date symlink: /workspaces/irobot_workspace/install/share/ament_index/resource_index/parent_prefix_path/turtlebot3_cartographer
[0.544s] -- Up-to-date symlink: /workspaces/irobot_workspace/install/share/turtlebot3_cartographer/environment/ament_prefix_path.sh
[0.556s] -- Up-to-date symlink: /workspaces/irobot_workspace/install/share/turtlebot3_cartographer/environment/ament_prefix_path.dsv
[0.556s] -- Up-to-date symlink: /workspaces/irobot_workspace/install/share/turtlebot3_cartographer/environment/path.sh
[0.556s] -- Up-to-date symlink: /workspaces/irobot_workspace/install/share/turtlebot3_cartographer/environment/path.dsv
[0.556s] -- Up-to-date symlink: /workspaces/irobot_workspace/install/share/turtlebot3_cartographer/local_setup.bash
[0.557s] -- Up-to-date symlink: /workspaces/irobot_workspace/install/share/turtlebot3_cartographer/local_setup.sh
[0.557s] -- Up-to-date symlink: /workspaces/irobot_workspace/install/share/turtlebot3_cartographer/local_setup.zsh
[0.557s] -- Up-to-date symlink: /workspaces/irobot_workspace/install/share/turtlebot3_cartographer/local_setup.dsv
[0.557s] -- Symlinking: /workspaces/irobot_workspace/install/share/turtlebot3_cartographer/package.dsv
[0.558s] -- Up-to-date symlink: /workspaces/irobot_workspace/install/share/ament_index/resource_index/packages/turtlebot3_cartographer
[0.558s] -- Up-to-date symlink: /workspaces/irobot_workspace/install/share/turtlebot3_cartographer/cmake/turtlebot3_cartographerConfig.cmake
[0.558s] -- Up-to-date symlink: /workspaces/irobot_workspace/install/share/turtlebot3_cartographer/cmake/turtlebot3_cartographerConfig-version.cmake
[0.559s] -- Up-to-date symlink: /workspaces/irobot_workspace/install/share/turtlebot3_cartographer/package.xml
[0.567s] Invoked command in '/workspaces/irobot_workspace/build/turtlebot3_cartographer' returned '0': CMAKE_PREFIX_PATH=${CMAKE_PREFIX_PATH}:/opt/ros/humble /usr/bin/cmake --install /workspaces/irobot_workspace/build/turtlebot3_cartographer
