[0.077s] Invoking command in '/workspaces/irobot_workspace/build/turtlebot3_bringup': AMENT_PREFIX_PATH=/workspaces/irobot_workspace/install:${AMENT_PREFIX_PATH} CMAKE_PREFIX_PATH=/workspaces/irobot_workspace/install:/opt/ros/humble LD_LIBRARY_PATH=/workspaces/irobot_workspace/install/lib:${LD_LIBRARY_PATH} PYTHONPATH=/workspaces/irobot_workspace/install/lib/python3.10/site-packages:/workspaces/irobot_workspace/install/local/lib/python3.10/dist-packages:${PYTHONPATH} /usr/bin/cmake /workspaces/irobot_workspace/src/turtlebot3/turtlebot3_bringup -DCMAKE_BUILD_TYPE=RelWithDebInfo -DCMAKE_EXPORT_COMPILE_COMMANDS=On -Wall -Wextra -Wpedantic -DAMENT_CMAKE_SYMLINK_INSTALL=1 -DCMAKE_INSTALL_PREFIX=/workspaces/irobot_workspace/install
[0.153s] -- The C compiler identification is GNU 11.4.0
[0.197s] -- The CXX compiler identification is GNU 11.4.0
[0.206s] -- Detecting C compiler ABI info
[0.251s] -- Detecting C compiler ABI info - done
[0.255s] -- Check for working C compiler: /usr/bin/cc - skipped
[0.256s] -- Detecting C compile features
[0.256s] -- Detecting C compile features - done
[0.259s] -- Detecting CXX compiler ABI info
[0.310s] -- Detecting CXX compiler ABI info - done
[0.315s] -- Check for working CXX compiler: /usr/bin/c++ - skipped
[0.315s] -- Detecting CXX compile features
[0.315s] -- Detecting CXX compile features - done
[0.318s] -- Found ament_cmake: 1.3.7 (/opt/ros/humble/share/ament_cmake/cmake)
[0.421s] -- Found Python3: /usr/bin/python3.10 (found version "3.10.12") found components: Interpreter 
[0.474s] -- Override CMake install command with custom implementation using symlinks instead of copying resources
[0.550s] -- Configuring done
[0.552s] -- Generating done
[0.553s] [33mCMake Warning:
[0.553s]   Manually-specified variables were not used by the project:
[0.553s] 
[0.553s]     CMAKE_EXPORT_COMPILE_COMMANDS
[0.553s] 
[0.553s] [0m
[0.553s] -- Build files have been written to: /workspaces/irobot_workspace/build/turtlebot3_bringup
[0.557s] Invoked command in '/workspaces/irobot_workspace/build/turtlebot3_bringup' returned '0': AMENT_PREFIX_PATH=/workspaces/irobot_workspace/install:${AMENT_PREFIX_PATH} CMAKE_PREFIX_PATH=/workspaces/irobot_workspace/install:/opt/ros/humble LD_LIBRARY_PATH=/workspaces/irobot_workspace/install/lib:${LD_LIBRARY_PATH} PYTHONPATH=/workspaces/irobot_workspace/install/lib/python3.10/site-packages:/workspaces/irobot_workspace/install/local/lib/python3.10/dist-packages:${PYTHONPATH} /usr/bin/cmake /workspaces/irobot_workspace/src/turtlebot3/turtlebot3_bringup -DCMAKE_BUILD_TYPE=RelWithDebInfo -DCMAKE_EXPORT_COMPILE_COMMANDS=On -Wall -Wextra -Wpedantic -DAMENT_CMAKE_SYMLINK_INSTALL=1 -DCMAKE_INSTALL_PREFIX=/workspaces/irobot_workspace/install
[0.558s] Invoking command in '/workspaces/irobot_workspace/build/turtlebot3_bringup': AMENT_PREFIX_PATH=/workspaces/irobot_workspace/install:${AMENT_PREFIX_PATH} CMAKE_PREFIX_PATH=/workspaces/irobot_workspace/install:/opt/ros/humble LD_LIBRARY_PATH=/workspaces/irobot_workspace/install/lib:${LD_LIBRARY_PATH} PYTHONPATH=/workspaces/irobot_workspace/install/lib/python3.10/site-packages:/workspaces/irobot_workspace/install/local/lib/python3.10/dist-packages:${PYTHONPATH} /usr/bin/cmake --build /workspaces/irobot_workspace/build/turtlebot3_bringup -- -j20 -l20
[0.581s] Invoked command in '/workspaces/irobot_workspace/build/turtlebot3_bringup' returned '0': AMENT_PREFIX_PATH=/workspaces/irobot_workspace/install:${AMENT_PREFIX_PATH} CMAKE_PREFIX_PATH=/workspaces/irobot_workspace/install:/opt/ros/humble LD_LIBRARY_PATH=/workspaces/irobot_workspace/install/lib:${LD_LIBRARY_PATH} PYTHONPATH=/workspaces/irobot_workspace/install/lib/python3.10/site-packages:/workspaces/irobot_workspace/install/local/lib/python3.10/dist-packages:${PYTHONPATH} /usr/bin/cmake --build /workspaces/irobot_workspace/build/turtlebot3_bringup -- -j20 -l20
[0.594s] Invoking command in '/workspaces/irobot_workspace/build/turtlebot3_bringup': AMENT_PREFIX_PATH=/workspaces/irobot_workspace/install:${AMENT_PREFIX_PATH} CMAKE_PREFIX_PATH=/workspaces/irobot_workspace/install:/opt/ros/humble LD_LIBRARY_PATH=/workspaces/irobot_workspace/install/lib:${LD_LIBRARY_PATH} PYTHONPATH=/workspaces/irobot_workspace/install/lib/python3.10/site-packages:/workspaces/irobot_workspace/install/local/lib/python3.10/dist-packages:${PYTHONPATH} /usr/bin/cmake --install /workspaces/irobot_workspace/build/turtlebot3_bringup
[0.597s] -- Install configuration: "RelWithDebInfo"
[0.597s] -- Execute custom install script
[0.598s] -- Symlinking: /workspaces/irobot_workspace/install/share/turtlebot3_bringup/launch/robot.launch.py
[0.603s] -- Symlinking: /workspaces/irobot_workspace/install/share/turtlebot3_bringup/launch/rviz2.launch.py
[0.609s] -- Symlinking: /workspaces/irobot_workspace/install/share/turtlebot3_bringup/launch/turtlebot3_state_publisher.launch.py
[0.614s] -- Symlinking: /workspaces/irobot_workspace/install/share/turtlebot3_bringup/param/burger.yaml
[0.618s] -- Symlinking: /workspaces/irobot_workspace/install/share/turtlebot3_bringup/param/waffle.yaml
[0.622s] -- Symlinking: /workspaces/irobot_workspace/install/share/turtlebot3_bringup/param/waffle_pi.yaml
[0.628s] -- Symlinking: /workspaces/irobot_workspace/install/share/turtlebot3_bringup/script/99-turtlebot3-cdc.rules
[0.634s] -- Symlinking: /workspaces/irobot_workspace/install/share/turtlebot3_bringup/script/create_udev_rules
[0.639s] -- Symlinking: /workspaces/irobot_workspace/install/share/ament_index/resource_index/package_run_dependencies/turtlebot3_bringup
[0.644s] -- Symlinking: /workspaces/irobot_workspace/install/share/ament_index/resource_index/parent_prefix_path/turtlebot3_bringup
[0.650s] -- Symlinking: /workspaces/irobot_workspace/install/share/turtlebot3_bringup/environment/ament_prefix_path.sh
[0.654s] -- Symlinking: /workspaces/irobot_workspace/install/share/turtlebot3_bringup/environment/ament_prefix_path.dsv
[0.659s] -- Symlinking: /workspaces/irobot_workspace/install/share/turtlebot3_bringup/environment/path.sh
[0.664s] -- Symlinking: /workspaces/irobot_workspace/install/share/turtlebot3_bringup/environment/path.dsv
[0.669s] -- Symlinking: /workspaces/irobot_workspace/install/share/turtlebot3_bringup/local_setup.bash
[0.674s] -- Symlinking: /workspaces/irobot_workspace/install/share/turtlebot3_bringup/local_setup.sh
[0.679s] -- Symlinking: /workspaces/irobot_workspace/install/share/turtlebot3_bringup/local_setup.zsh
[0.684s] -- Symlinking: /workspaces/irobot_workspace/install/share/turtlebot3_bringup/local_setup.dsv
[0.688s] -- Symlinking: /workspaces/irobot_workspace/install/share/turtlebot3_bringup/package.dsv
[0.693s] -- Symlinking: /workspaces/irobot_workspace/install/share/ament_index/resource_index/packages/turtlebot3_bringup
[0.699s] -- Symlinking: /workspaces/irobot_workspace/install/share/turtlebot3_bringup/cmake/turtlebot3_bringupConfig.cmake
[0.704s] -- Symlinking: /workspaces/irobot_workspace/install/share/turtlebot3_bringup/cmake/turtlebot3_bringupConfig-version.cmake
[0.708s] -- Symlinking: /workspaces/irobot_workspace/install/share/turtlebot3_bringup/package.xml
[0.714s] Invoked command in '/workspaces/irobot_workspace/build/turtlebot3_bringup' returned '0': AMENT_PREFIX_PATH=/workspaces/irobot_workspace/install:${AMENT_PREFIX_PATH} CMAKE_PREFIX_PATH=/workspaces/irobot_workspace/install:/opt/ros/humble LD_LIBRARY_PATH=/workspaces/irobot_workspace/install/lib:${LD_LIBRARY_PATH} PYTHONPATH=/workspaces/irobot_workspace/install/lib/python3.10/site-packages:/workspaces/irobot_workspace/install/local/lib/python3.10/dist-packages:${PYTHONPATH} /usr/bin/cmake --install /workspaces/irobot_workspace/build/turtlebot3_bringup
