[0.282s] Invoking command in '/workspaces/irobot_workspace/build/dynamixel_sdk_examples': AMENT_PREFIX_PATH=/workspaces/irobot_workspace/install:${AMENT_PREFIX_PATH} CMAKE_PREFIX_PATH=/workspaces/irobot_workspace/install:/opt/ros/humble LD_LIBRARY_PATH=/workspaces/irobot_workspace/install/lib:${LD_LIBRARY_PATH} PYTHONPATH=/workspaces/irobot_workspace/install/local/lib/python3.10/dist-packages:/workspaces/irobot_workspace/install/lib/python3.10/site-packages:${PYTHONPATH} /usr/bin/cmake --build /workspaces/irobot_workspace/build/dynamixel_sdk_examples -- -j20 -l20
[0.309s] [35m[1mConsolidate compiler generated dependencies of target read_write_node[0m
[0.320s] [100%] Built target read_write_node
[0.374s] Invoked command in '/workspaces/irobot_workspace/build/dynamixel_sdk_examples' returned '0': AMENT_PREFIX_PATH=/workspaces/irobot_workspace/install:${AMENT_PREFIX_PATH} CMAKE_PREFIX_PATH=/workspaces/irobot_workspace/install:/opt/ros/humble LD_LIBRARY_PATH=/workspaces/irobot_workspace/install/lib:${LD_LIBRARY_PATH} PYTHONPATH=/workspaces/irobot_workspace/install/local/lib/python3.10/dist-packages:/workspaces/irobot_workspace/install/lib/python3.10/site-packages:${PYTHONPATH} /usr/bin/cmake --build /workspaces/irobot_workspace/build/dynamixel_sdk_examples -- -j20 -l20
[0.445s] Invoking command in '/workspaces/irobot_workspace/build/dynamixel_sdk_examples': AMENT_PREFIX_PATH=/workspaces/irobot_workspace/install:${AMENT_PREFIX_PATH} CMAKE_PREFIX_PATH=/workspaces/irobot_workspace/install:/opt/ros/humble LD_LIBRARY_PATH=/workspaces/irobot_workspace/install/lib:${LD_LIBRARY_PATH} PYTHONPATH=/workspaces/irobot_workspace/install/local/lib/python3.10/dist-packages:/workspaces/irobot_workspace/install/lib/python3.10/site-packages:${PYTHONPATH} /usr/bin/cmake --install /workspaces/irobot_workspace/build/dynamixel_sdk_examples
[0.450s] -- Install configuration: "RelWithDebInfo"
[0.450s] -- Execute custom install script
[0.450s] -- Up-to-date symlink: /workspaces/irobot_workspace/install/lib/dynamixel_sdk_examples/read_write_node
[0.451s] -- Up-to-date symlink: /workspaces/irobot_workspace/install/share/ament_index/resource_index/package_run_dependencies/dynamixel_sdk_examples
[0.451s] -- Up-to-date symlink: /workspaces/irobot_workspace/install/share/ament_index/resource_index/parent_prefix_path/dynamixel_sdk_examples
[0.451s] -- Up-to-date symlink: /workspaces/irobot_workspace/install/share/dynamixel_sdk_examples/environment/ament_prefix_path.sh
[0.451s] -- Up-to-date symlink: /workspaces/irobot_workspace/install/share/dynamixel_sdk_examples/environment/ament_prefix_path.dsv
[0.452s] -- Up-to-date symlink: /workspaces/irobot_workspace/install/share/dynamixel_sdk_examples/environment/path.sh
[0.452s] -- Up-to-date symlink: /workspaces/irobot_workspace/install/share/dynamixel_sdk_examples/environment/path.dsv
[0.452s] -- Up-to-date symlink: /workspaces/irobot_workspace/install/share/dynamixel_sdk_examples/local_setup.bash
[0.452s] -- Up-to-date symlink: /workspaces/irobot_workspace/install/share/dynamixel_sdk_examples/local_setup.sh
[0.452s] -- Up-to-date symlink: /workspaces/irobot_workspace/install/share/dynamixel_sdk_examples/local_setup.zsh
[0.452s] -- Up-to-date symlink: /workspaces/irobot_workspace/install/share/dynamixel_sdk_examples/local_setup.dsv
[0.452s] -- Symlinking: /workspaces/irobot_workspace/install/share/dynamixel_sdk_examples/package.dsv
[0.460s] -- Up-to-date symlink: /workspaces/irobot_workspace/install/share/ament_index/resource_index/packages/dynamixel_sdk_examples
[0.460s] -- Up-to-date symlink: /workspaces/irobot_workspace/install/share/dynamixel_sdk_examples/cmake/dynamixel_sdk_examplesConfig.cmake
[0.460s] -- Up-to-date symlink: /workspaces/irobot_workspace/install/share/dynamixel_sdk_examples/cmake/dynamixel_sdk_examplesConfig-version.cmake
[0.460s] -- Up-to-date symlink: /workspaces/irobot_workspace/install/share/dynamixel_sdk_examples/package.xml
[0.501s] Invoked command in '/workspaces/irobot_workspace/build/dynamixel_sdk_examples' returned '0': AMENT_PREFIX_PATH=/workspaces/irobot_workspace/install:${AMENT_PREFIX_PATH} CMAKE_PREFIX_PATH=/workspaces/irobot_workspace/install:/opt/ros/humble LD_LIBRARY_PATH=/workspaces/irobot_workspace/install/lib:${LD_LIBRARY_PATH} PYTHONPATH=/workspaces/irobot_workspace/install/local/lib/python3.10/dist-packages:/workspaces/irobot_workspace/install/lib/python3.10/site-packages:${PYTHONPATH} /usr/bin/cmake --install /workspaces/irobot_workspace/build/dynamixel_sdk_examples
