-- The C compiler identification is GNU 11.4.0
-- The CXX compiler identification is GNU 11.4.0
-- Detecting C compiler ABI info
-- Detecting C compiler ABI info - done
-- Check for working C compiler: /usr/bin/cc - skipped
-- Detecting C compile features
-- Detecting C compile features - done
-- Detecting CXX compiler ABI info
-- Detecting CXX compiler ABI info - done
-- Check for working CXX compiler: /usr/bin/c++ - skipped
-- Detecting CXX compile features
-- Detecting CXX compile features - done
-- Found ament_cmake: 1.3.7 (/opt/ros/humble/share/ament_cmake/cmake)
-- Found Python3: /usr/bin/python3.10 (found version "3.10.12") found components: Interpreter 
-- Override CMake install command with custom implementation using symlinks instead of copying resources
-- Found rosidl_default_generators: 1.2.0 (/opt/ros/humble/share/rosidl_default_generators/cmake)
-- Using all available rosidl_typesupport_c: rosidl_typesupport_fastrtps_c;rosidl_typesupport_introspection_c
-- Found rosidl_adapter: 3.1.5 (/opt/ros/humble/share/rosidl_adapter/cmake)
-- Using all available rosidl_typesupport_cpp: rosidl_typesupport_fastrtps_cpp;rosidl_typesupport_introspection_cpp
-- Found std_msgs: 4.2.3 (/opt/ros/humble/share/std_msgs/cmake)
-- Found ament_cmake_ros: 0.10.0 (/opt/ros/humble/share/ament_cmake_ros/cmake)
-- Using all available rosidl_typesupport_c: rosidl_typesupport_fastrtps_c;rosidl_typesupport_introspection_c
-- Using all available rosidl_typesupport_cpp: rosidl_typesupport_fastrtps_cpp;rosidl_typesupport_introspection_cpp
-- Found PythonInterp: /usr/bin/python3 (found suitable version "3.10.12", minimum required is "3.6") 
-- Found python_cmake_module: 0.10.0 (/opt/ros/humble/share/python_cmake_module/cmake)
-- Found PythonLibs: /usr/lib/x86_64-linux-gnu/libpython3.10.so (found suitable version "3.10.12", minimum required is "3.5") 
-- Using PYTHON_EXECUTABLE: /usr/bin/python3
-- Using PYTHON_INCLUDE_DIRS: /usr/include/python3.10
-- Using PYTHON_LIBRARIES: /usr/lib/x86_64-linux-gnu/libpython3.10.so
-- Found PythonExtra: .so  
-- Configuring done
-- Generating done
-- Build files have been written to: /workspaces/irobot_workspace/build/create_msgs
[  1%] [34m[1mGenerating C code for ROS interfaces[0m
[  2%] [34m[1mGenerating C++ code for ROS interfaces[0m
[  2%] Built target ament_cmake_python_symlink_create_msgs
running egg_info
creating create_msgs.egg-info
writing create_msgs.egg-info/PKG-INFO
writing dependency_links to create_msgs.egg-info/dependency_links.txt
writing top-level names to create_msgs.egg-info/top_level.txt
writing manifest file 'create_msgs.egg-info/SOURCES.txt'
reading manifest file 'create_msgs.egg-info/SOURCES.txt'
writing manifest file 'create_msgs.egg-info/SOURCES.txt'
[  2%] Built target ament_cmake_python_build_create_msgs_egg
[  2%] Built target create_msgs__cpp
[  3%] [34m[1mGenerating C++ introspection for ROS interfaces[0m
[  6%] [34m[1mGenerating C++ type support dispatch for ROS interfaces[0m
[  6%] [34m[1mGenerating C++ type support for eProsima Fast-RTPS[0m
[  7%] [32mBuilding C object CMakeFiles/create_msgs__rosidl_generator_c.dir/rosidl_generator_c/create_msgs/msg/detail/define_song__functions.c.o[0m
[  8%] [32mBuilding C object CMakeFiles/create_msgs__rosidl_generator_c.dir/rosidl_generator_c/create_msgs/msg/detail/play_song__functions.c.o[0m
[ 10%] [32mBuilding C object CMakeFiles/create_msgs__rosidl_generator_c.dir/rosidl_generator_c/create_msgs/msg/detail/cliff__functions.c.o[0m
[ 11%] [32mBuilding C object CMakeFiles/create_msgs__rosidl_generator_c.dir/rosidl_generator_c/create_msgs/msg/detail/motor_setpoint__functions.c.o[0m
[ 12%] [32mBuilding C object CMakeFiles/create_msgs__rosidl_generator_c.dir/rosidl_generator_c/create_msgs/msg/detail/charging_state__functions.c.o[0m
[ 13%] [32mBuilding C object CMakeFiles/create_msgs__rosidl_generator_c.dir/rosidl_generator_c/create_msgs/msg/detail/mode__functions.c.o[0m
[ 15%] [32mBuilding C object CMakeFiles/create_msgs__rosidl_generator_c.dir/rosidl_generator_c/create_msgs/msg/detail/bumper__functions.c.o[0m
[ 16%] [32m[1mLinking C shared library libcreate_msgs__rosidl_generator_c.so[0m
[ 16%] Built target create_msgs__rosidl_generator_c
[ 17%] [34m[1mGenerating C type support for eProsima Fast-RTPS[0m
[ 18%] [34m[1mGenerating C introspection for ROS interfaces[0m
[ 20%] [34m[1mGenerating C type support dispatch for ROS interfaces[0m
[ 21%] [32mBuilding CXX object CMakeFiles/create_msgs__rosidl_typesupport_cpp.dir/rosidl_typesupport_cpp/create_msgs/msg/charging_state__type_support.cpp.o[0m
[ 22%] [32mBuilding CXX object CMakeFiles/create_msgs__rosidl_typesupport_cpp.dir/rosidl_typesupport_cpp/create_msgs/msg/motor_setpoint__type_support.cpp.o[0m
[ 24%] [32mBuilding CXX object CMakeFiles/create_msgs__rosidl_typesupport_cpp.dir/rosidl_typesupport_cpp/create_msgs/msg/play_song__type_support.cpp.o[0m
[ 26%] [32mBuilding CXX object CMakeFiles/create_msgs__rosidl_typesupport_cpp.dir/rosidl_typesupport_cpp/create_msgs/msg/define_song__type_support.cpp.o[0m
[ 26%] [32mBuilding CXX object CMakeFiles/create_msgs__rosidl_typesupport_cpp.dir/rosidl_typesupport_cpp/create_msgs/msg/bumper__type_support.cpp.o[0m
[ 27%] [32mBuilding CXX object CMakeFiles/create_msgs__rosidl_typesupport_cpp.dir/rosidl_typesupport_cpp/create_msgs/msg/cliff__type_support.cpp.o[0m
[ 29%] [32mBuilding CXX object CMakeFiles/create_msgs__rosidl_typesupport_cpp.dir/rosidl_typesupport_cpp/create_msgs/msg/mode__type_support.cpp.o[0m
[ 30%] [32mBuilding CXX object CMakeFiles/create_msgs__rosidl_typesupport_introspection_cpp.dir/rosidl_typesupport_introspection_cpp/create_msgs/msg/detail/bumper__type_support.cpp.o[0m
[ 31%] [32mBuilding CXX object CMakeFiles/create_msgs__rosidl_typesupport_introspection_cpp.dir/rosidl_typesupport_introspection_cpp/create_msgs/msg/detail/charging_state__type_support.cpp.o[0m
[ 32%] [32mBuilding CXX object CMakeFiles/create_msgs__rosidl_typesupport_introspection_cpp.dir/rosidl_typesupport_introspection_cpp/create_msgs/msg/detail/define_song__type_support.cpp.o[0m
[ 34%] [32mBuilding CXX object CMakeFiles/create_msgs__rosidl_typesupport_introspection_cpp.dir/rosidl_typesupport_introspection_cpp/create_msgs/msg/detail/motor_setpoint__type_support.cpp.o[0m
[ 35%] [32mBuilding CXX object CMakeFiles/create_msgs__rosidl_typesupport_introspection_cpp.dir/rosidl_typesupport_introspection_cpp/create_msgs/msg/detail/mode__type_support.cpp.o[0m
[ 36%] [32mBuilding CXX object CMakeFiles/create_msgs__rosidl_typesupport_introspection_cpp.dir/rosidl_typesupport_introspection_cpp/create_msgs/msg/detail/play_song__type_support.cpp.o[0m
[ 37%] [32mBuilding CXX object CMakeFiles/create_msgs__rosidl_typesupport_introspection_cpp.dir/rosidl_typesupport_introspection_cpp/create_msgs/msg/detail/cliff__type_support.cpp.o[0m
[ 39%] [32mBuilding CXX object CMakeFiles/create_msgs__rosidl_typesupport_fastrtps_cpp.dir/rosidl_typesupport_fastrtps_cpp/create_msgs/msg/detail/dds_fastrtps/charging_state__type_support.cpp.o[0m
[ 40%] [32mBuilding CXX object CMakeFiles/create_msgs__rosidl_typesupport_fastrtps_cpp.dir/rosidl_typesupport_fastrtps_cpp/create_msgs/msg/detail/dds_fastrtps/bumper__type_support.cpp.o[0m
[ 41%] [32mBuilding CXX object CMakeFiles/create_msgs__rosidl_typesupport_fastrtps_cpp.dir/rosidl_typesupport_fastrtps_cpp/create_msgs/msg/detail/dds_fastrtps/define_song__type_support.cpp.o[0m
[ 43%] [32mBuilding CXX object CMakeFiles/create_msgs__rosidl_typesupport_c.dir/rosidl_typesupport_c/create_msgs/msg/bumper__type_support.cpp.o[0m
[ 44%] [32mBuilding CXX object CMakeFiles/create_msgs__rosidl_typesupport_c.dir/rosidl_typesupport_c/create_msgs/msg/charging_state__type_support.cpp.o[0m
[ 45%] [32mBuilding CXX object CMakeFiles/create_msgs__rosidl_typesupport_fastrtps_cpp.dir/rosidl_typesupport_fastrtps_cpp/create_msgs/msg/detail/dds_fastrtps/mode__type_support.cpp.o[0m
[ 46%] [32mBuilding CXX object CMakeFiles/create_msgs__rosidl_typesupport_c.dir/rosidl_typesupport_c/create_msgs/msg/mode__type_support.cpp.o[0m
[ 48%] [32mBuilding CXX object CMakeFiles/create_msgs__rosidl_typesupport_c.dir/rosidl_typesupport_c/create_msgs/msg/play_song__type_support.cpp.o[0m
[ 49%] [32mBuilding CXX object CMakeFiles/create_msgs__rosidl_typesupport_c.dir/rosidl_typesupport_c/create_msgs/msg/motor_setpoint__type_support.cpp.o[0m
[ 50%] [32mBuilding C object CMakeFiles/create_msgs__rosidl_typesupport_introspection_c.dir/rosidl_typesupport_introspection_c/create_msgs/msg/detail/bumper__type_support.c.o[0m
[ 51%] [32mBuilding CXX object CMakeFiles/create_msgs__rosidl_typesupport_c.dir/rosidl_typesupport_c/create_msgs/msg/define_song__type_support.cpp.o[0m
[ 53%] [32mBuilding C object CMakeFiles/create_msgs__rosidl_typesupport_introspection_c.dir/rosidl_typesupport_introspection_c/create_msgs/msg/detail/charging_state__type_support.c.o[0m
[ 54%] [32m[1mLinking CXX shared library libcreate_msgs__rosidl_typesupport_cpp.so[0m
[ 55%] [32mBuilding CXX object CMakeFiles/create_msgs__rosidl_typesupport_c.dir/rosidl_typesupport_c/create_msgs/msg/cliff__type_support.cpp.o[0m
[ 56%] [32mBuilding C object CMakeFiles/create_msgs__rosidl_typesupport_introspection_c.dir/rosidl_typesupport_introspection_c/create_msgs/msg/detail/define_song__type_support.c.o[0m
[ 58%] [32mBuilding CXX object CMakeFiles/create_msgs__rosidl_typesupport_fastrtps_cpp.dir/rosidl_typesupport_fastrtps_cpp/create_msgs/msg/detail/dds_fastrtps/play_song__type_support.cpp.o[0m
[ 59%] [32mBuilding C object CMakeFiles/create_msgs__rosidl_typesupport_introspection_c.dir/rosidl_typesupport_introspection_c/create_msgs/msg/detail/play_song__type_support.c.o[0m
[ 60%] [32mBuilding C object CMakeFiles/create_msgs__rosidl_typesupport_introspection_c.dir/rosidl_typesupport_introspection_c/create_msgs/msg/detail/mode__type_support.c.o[0m
[ 62%] [32mBuilding CXX object CMakeFiles/create_msgs__rosidl_typesupport_fastrtps_c.dir/rosidl_typesupport_fastrtps_c/create_msgs/msg/detail/bumper__type_support_c.cpp.o[0m
[ 63%] [32mBuilding C object CMakeFiles/create_msgs__rosidl_typesupport_introspection_c.dir/rosidl_typesupport_introspection_c/create_msgs/msg/detail/motor_setpoint__type_support.c.o[0m
[ 64%] [32m[1mLinking CXX shared library libcreate_msgs__rosidl_typesupport_c.so[0m
[ 65%] [32mBuilding CXX object CMakeFiles/create_msgs__rosidl_typesupport_fastrtps_cpp.dir/rosidl_typesupport_fastrtps_cpp/create_msgs/msg/detail/dds_fastrtps/motor_setpoint__type_support.cpp.o[0m
[ 67%] [32mBuilding C object CMakeFiles/create_msgs__rosidl_typesupport_introspection_c.dir/rosidl_typesupport_introspection_c/create_msgs/msg/detail/cliff__type_support.c.o[0m
[ 68%] [32mBuilding CXX object CMakeFiles/create_msgs__rosidl_typesupport_fastrtps_cpp.dir/rosidl_typesupport_fastrtps_cpp/create_msgs/msg/detail/dds_fastrtps/cliff__type_support.cpp.o[0m
[ 69%] [32mBuilding CXX object CMakeFiles/create_msgs__rosidl_typesupport_fastrtps_c.dir/rosidl_typesupport_fastrtps_c/create_msgs/msg/detail/charging_state__type_support_c.cpp.o[0m
[ 69%] Built target create_msgs__rosidl_typesupport_cpp
[ 70%] [32m[1mLinking C shared library libcreate_msgs__rosidl_typesupport_introspection_c.so[0m
[ 72%] [32mBuilding CXX object CMakeFiles/create_msgs__rosidl_typesupport_fastrtps_c.dir/rosidl_typesupport_fastrtps_c/create_msgs/msg/detail/define_song__type_support_c.cpp.o[0m
[ 73%] [32mBuilding CXX object CMakeFiles/create_msgs__rosidl_typesupport_fastrtps_c.dir/rosidl_typesupport_fastrtps_c/create_msgs/msg/detail/mode__type_support_c.cpp.o[0m
[ 73%] Built target create_msgs__rosidl_typesupport_c
[ 73%] Built target create_msgs__rosidl_typesupport_introspection_c
[ 74%] [32mBuilding CXX object CMakeFiles/create_msgs__rosidl_typesupport_fastrtps_c.dir/rosidl_typesupport_fastrtps_c/create_msgs/msg/detail/play_song__type_support_c.cpp.o[0m
[ 75%] [32mBuilding CXX object CMakeFiles/create_msgs__rosidl_typesupport_fastrtps_c.dir/rosidl_typesupport_fastrtps_c/create_msgs/msg/detail/cliff__type_support_c.cpp.o[0m
[ 77%] [32mBuilding CXX object CMakeFiles/create_msgs__rosidl_typesupport_fastrtps_c.dir/rosidl_typesupport_fastrtps_c/create_msgs/msg/detail/motor_setpoint__type_support_c.cpp.o[0m
[ 78%] [32m[1mLinking CXX shared library libcreate_msgs__rosidl_typesupport_introspection_cpp.so[0m
[ 78%] Built target create_msgs__rosidl_typesupport_introspection_cpp
[ 79%] [32m[1mLinking CXX shared library libcreate_msgs__rosidl_typesupport_fastrtps_cpp.so[0m
[ 81%] [32m[1mLinking CXX shared library libcreate_msgs__rosidl_typesupport_fastrtps_c.so[0m
[ 81%] Built target create_msgs__rosidl_typesupport_fastrtps_cpp
[ 81%] Built target create_msgs__rosidl_typesupport_fastrtps_c
[ 81%] Built target create_msgs
[ 82%] [34m[1mGenerating Python code for ROS interfaces[0m
[ 82%] Built target create_msgs__py
[ 86%] [32mBuilding C object CMakeFiles/create_msgs__rosidl_generator_py.dir/rosidl_generator_py/create_msgs/msg/_charging_state_s.c.o[0m
[ 86%] [32mBuilding C object CMakeFiles/create_msgs__rosidl_generator_py.dir/rosidl_generator_py/create_msgs/msg/_mode_s.c.o[0m
[ 83%] [32mBuilding C object CMakeFiles/create_msgs__rosidl_generator_py.dir/rosidl_generator_py/create_msgs/msg/_define_song_s.c.o[0m
[ 87%] [32mBuilding C object CMakeFiles/create_msgs__rosidl_generator_py.dir/rosidl_generator_py/create_msgs/msg/_cliff_s.c.o[0m
[ 89%] [32mBuilding C object CMakeFiles/create_msgs__rosidl_generator_py.dir/rosidl_generator_py/create_msgs/msg/_motor_setpoint_s.c.o[0m
[ 89%] [32mBuilding C object CMakeFiles/create_msgs__rosidl_generator_py.dir/rosidl_generator_py/create_msgs/msg/_bumper_s.c.o[0m
[ 91%] [32mBuilding C object CMakeFiles/create_msgs__rosidl_generator_py.dir/rosidl_generator_py/create_msgs/msg/_play_song_s.c.o[0m
[ 92%] [32m[1mLinking C shared library rosidl_generator_py/create_msgs/libcreate_msgs__rosidl_generator_py.so[0m
[ 92%] Built target create_msgs__rosidl_generator_py
[ 93%] [32mBuilding C object CMakeFiles/create_msgs__rosidl_typesupport_c__pyext.dir/rosidl_generator_py/create_msgs/_create_msgs_s.ep.rosidl_typesupport_c.c.o[0m
[ 94%] [32mBuilding C object CMakeFiles/create_msgs__rosidl_typesupport_fastrtps_c__pyext.dir/rosidl_generator_py/create_msgs/_create_msgs_s.ep.rosidl_typesupport_fastrtps_c.c.o[0m
[ 96%] [32mBuilding C object CMakeFiles/create_msgs__rosidl_typesupport_introspection_c__pyext.dir/rosidl_generator_py/create_msgs/_create_msgs_s.ep.rosidl_typesupport_introspection_c.c.o[0m
[ 98%] [32m[1mLinking C shared library rosidl_generator_py/create_msgs/create_msgs_s__rosidl_typesupport_c.cpython-310-x86_64-linux-gnu.so[0m
[ 98%] [32m[1mLinking C shared library rosidl_generator_py/create_msgs/create_msgs_s__rosidl_typesupport_fastrtps_c.cpython-310-x86_64-linux-gnu.so[0m
[100%] [32m[1mLinking C shared library rosidl_generator_py/create_msgs/create_msgs_s__rosidl_typesupport_introspection_c.cpython-310-x86_64-linux-gnu.so[0m
[100%] Built target create_msgs__rosidl_typesupport_fastrtps_c__pyext
[100%] Built target create_msgs__rosidl_typesupport_c__pyext
[100%] Built target create_msgs__rosidl_typesupport_introspection_c__pyext
-- Install configuration: "RelWithDebInfo"
-- Execute custom install script
-- Symlinking: /workspaces/irobot_workspace/install/share/ament_index/resource_index/rosidl_interfaces/create_msgs
-- Symlinking: /workspaces/irobot_workspace/install/include/create_msgs/create_msgs/msg/bumper.h
-- Symlinking: /workspaces/irobot_workspace/install/include/create_msgs/create_msgs/msg/charging_state.h
-- Symlinking: /workspaces/irobot_workspace/install/include/create_msgs/create_msgs/msg/cliff.h
-- Symlinking: /workspaces/irobot_workspace/install/include/create_msgs/create_msgs/msg/define_song.h
-- Symlinking: /workspaces/irobot_workspace/install/include/create_msgs/create_msgs/msg/detail/bumper__functions.h
-- Symlinking: /workspaces/irobot_workspace/install/include/create_msgs/create_msgs/msg/detail/bumper__struct.h
-- Symlinking: /workspaces/irobot_workspace/install/include/create_msgs/create_msgs/msg/detail/bumper__type_support.h
-- Symlinking: /workspaces/irobot_workspace/install/include/create_msgs/create_msgs/msg/detail/charging_state__functions.h
-- Symlinking: /workspaces/irobot_workspace/install/include/create_msgs/create_msgs/msg/detail/charging_state__struct.h
-- Symlinking: /workspaces/irobot_workspace/install/include/create_msgs/create_msgs/msg/detail/charging_state__type_support.h
-- Symlinking: /workspaces/irobot_workspace/install/include/create_msgs/create_msgs/msg/detail/cliff__functions.h
-- Symlinking: /workspaces/irobot_workspace/install/include/create_msgs/create_msgs/msg/detail/cliff__struct.h
-- Symlinking: /workspaces/irobot_workspace/install/include/create_msgs/create_msgs/msg/detail/cliff__type_support.h
-- Symlinking: /workspaces/irobot_workspace/install/include/create_msgs/create_msgs/msg/detail/define_song__functions.h
-- Symlinking: /workspaces/irobot_workspace/install/include/create_msgs/create_msgs/msg/detail/define_song__struct.h
-- Symlinking: /workspaces/irobot_workspace/install/include/create_msgs/create_msgs/msg/detail/define_song__type_support.h
-- Symlinking: /workspaces/irobot_workspace/install/include/create_msgs/create_msgs/msg/detail/mode__functions.h
-- Symlinking: /workspaces/irobot_workspace/install/include/create_msgs/create_msgs/msg/detail/mode__struct.h
-- Symlinking: /workspaces/irobot_workspace/install/include/create_msgs/create_msgs/msg/detail/mode__type_support.h
-- Symlinking: /workspaces/irobot_workspace/install/include/create_msgs/create_msgs/msg/detail/motor_setpoint__functions.h
-- Symlinking: /workspaces/irobot_workspace/install/include/create_msgs/create_msgs/msg/detail/motor_setpoint__struct.h
-- Symlinking: /workspaces/irobot_workspace/install/include/create_msgs/create_msgs/msg/detail/motor_setpoint__type_support.h
-- Symlinking: /workspaces/irobot_workspace/install/include/create_msgs/create_msgs/msg/detail/play_song__functions.h
-- Symlinking: /workspaces/irobot_workspace/install/include/create_msgs/create_msgs/msg/detail/play_song__struct.h
-- Symlinking: /workspaces/irobot_workspace/install/include/create_msgs/create_msgs/msg/detail/play_song__type_support.h
-- Symlinking: /workspaces/irobot_workspace/install/include/create_msgs/create_msgs/msg/mode.h
-- Symlinking: /workspaces/irobot_workspace/install/include/create_msgs/create_msgs/msg/motor_setpoint.h
-- Symlinking: /workspaces/irobot_workspace/install/include/create_msgs/create_msgs/msg/play_song.h
-- Symlinking: /workspaces/irobot_workspace/install/include/create_msgs/create_msgs/msg/rosidl_generator_c__visibility_control.h
-- Symlinking: /workspaces/irobot_workspace/install/share/create_msgs/environment/library_path.sh
-- Symlinking: /workspaces/irobot_workspace/install/share/create_msgs/environment/library_path.dsv
-- Symlinking: /workspaces/irobot_workspace/install/include/create_msgs/create_msgs/msg/detail/bumper__rosidl_typesupport_fastrtps_c.h
-- Symlinking: /workspaces/irobot_workspace/install/include/create_msgs/create_msgs/msg/detail/charging_state__rosidl_typesupport_fastrtps_c.h
-- Symlinking: /workspaces/irobot_workspace/install/include/create_msgs/create_msgs/msg/detail/cliff__rosidl_typesupport_fastrtps_c.h
-- Symlinking: /workspaces/irobot_workspace/install/include/create_msgs/create_msgs/msg/detail/define_song__rosidl_typesupport_fastrtps_c.h
-- Symlinking: /workspaces/irobot_workspace/install/include/create_msgs/create_msgs/msg/detail/mode__rosidl_typesupport_fastrtps_c.h
-- Symlinking: /workspaces/irobot_workspace/install/include/create_msgs/create_msgs/msg/detail/motor_setpoint__rosidl_typesupport_fastrtps_c.h
-- Symlinking: /workspaces/irobot_workspace/install/include/create_msgs/create_msgs/msg/detail/play_song__rosidl_typesupport_fastrtps_c.h
-- Symlinking: /workspaces/irobot_workspace/install/include/create_msgs/create_msgs/msg/rosidl_typesupport_fastrtps_c__visibility_control.h
-- Symlinking: /workspaces/irobot_workspace/install/include/create_msgs/create_msgs/msg/detail/bumper__rosidl_typesupport_introspection_c.h
-- Symlinking: /workspaces/irobot_workspace/install/include/create_msgs/create_msgs/msg/detail/charging_state__rosidl_typesupport_introspection_c.h
-- Symlinking: /workspaces/irobot_workspace/install/include/create_msgs/create_msgs/msg/detail/cliff__rosidl_typesupport_introspection_c.h
-- Symlinking: /workspaces/irobot_workspace/install/include/create_msgs/create_msgs/msg/detail/define_song__rosidl_typesupport_introspection_c.h
-- Symlinking: /workspaces/irobot_workspace/install/include/create_msgs/create_msgs/msg/detail/mode__rosidl_typesupport_introspection_c.h
-- Symlinking: /workspaces/irobot_workspace/install/include/create_msgs/create_msgs/msg/detail/motor_setpoint__rosidl_typesupport_introspection_c.h
-- Symlinking: /workspaces/irobot_workspace/install/include/create_msgs/create_msgs/msg/detail/play_song__rosidl_typesupport_introspection_c.h
-- Symlinking: /workspaces/irobot_workspace/install/include/create_msgs/create_msgs/msg/rosidl_typesupport_introspection_c__visibility_control.h
-- Symlinking: /workspaces/irobot_workspace/install/include/create_msgs/create_msgs/msg/bumper.hpp
-- Symlinking: /workspaces/irobot_workspace/install/include/create_msgs/create_msgs/msg/charging_state.hpp
-- Symlinking: /workspaces/irobot_workspace/install/include/create_msgs/create_msgs/msg/cliff.hpp
-- Symlinking: /workspaces/irobot_workspace/install/include/create_msgs/create_msgs/msg/define_song.hpp
-- Symlinking: /workspaces/irobot_workspace/install/include/create_msgs/create_msgs/msg/detail/bumper__builder.hpp
-- Symlinking: /workspaces/irobot_workspace/install/include/create_msgs/create_msgs/msg/detail/bumper__struct.hpp
-- Symlinking: /workspaces/irobot_workspace/install/include/create_msgs/create_msgs/msg/detail/bumper__traits.hpp
-- Symlinking: /workspaces/irobot_workspace/install/include/create_msgs/create_msgs/msg/detail/charging_state__builder.hpp
-- Symlinking: /workspaces/irobot_workspace/install/include/create_msgs/create_msgs/msg/detail/charging_state__struct.hpp
-- Symlinking: /workspaces/irobot_workspace/install/include/create_msgs/create_msgs/msg/detail/charging_state__traits.hpp
-- Symlinking: /workspaces/irobot_workspace/install/include/create_msgs/create_msgs/msg/detail/cliff__builder.hpp
-- Symlinking: /workspaces/irobot_workspace/install/include/create_msgs/create_msgs/msg/detail/cliff__struct.hpp
-- Symlinking: /workspaces/irobot_workspace/install/include/create_msgs/create_msgs/msg/detail/cliff__traits.hpp
-- Symlinking: /workspaces/irobot_workspace/install/include/create_msgs/create_msgs/msg/detail/define_song__builder.hpp
-- Symlinking: /workspaces/irobot_workspace/install/include/create_msgs/create_msgs/msg/detail/define_song__struct.hpp
-- Symlinking: /workspaces/irobot_workspace/install/include/create_msgs/create_msgs/msg/detail/define_song__traits.hpp
-- Symlinking: /workspaces/irobot_workspace/install/include/create_msgs/create_msgs/msg/detail/mode__builder.hpp
-- Symlinking: /workspaces/irobot_workspace/install/include/create_msgs/create_msgs/msg/detail/mode__struct.hpp
-- Symlinking: /workspaces/irobot_workspace/install/include/create_msgs/create_msgs/msg/detail/mode__traits.hpp
-- Symlinking: /workspaces/irobot_workspace/install/include/create_msgs/create_msgs/msg/detail/motor_setpoint__builder.hpp
-- Symlinking: /workspaces/irobot_workspace/install/include/create_msgs/create_msgs/msg/detail/motor_setpoint__struct.hpp
-- Symlinking: /workspaces/irobot_workspace/install/include/create_msgs/create_msgs/msg/detail/motor_setpoint__traits.hpp
-- Symlinking: /workspaces/irobot_workspace/install/include/create_msgs/create_msgs/msg/detail/play_song__builder.hpp
-- Symlinking: /workspaces/irobot_workspace/install/include/create_msgs/create_msgs/msg/detail/play_song__struct.hpp
-- Symlinking: /workspaces/irobot_workspace/install/include/create_msgs/create_msgs/msg/detail/play_song__traits.hpp
-- Symlinking: /workspaces/irobot_workspace/install/include/create_msgs/create_msgs/msg/mode.hpp
-- Symlinking: /workspaces/irobot_workspace/install/include/create_msgs/create_msgs/msg/motor_setpoint.hpp
-- Symlinking: /workspaces/irobot_workspace/install/include/create_msgs/create_msgs/msg/play_song.hpp
-- Symlinking: /workspaces/irobot_workspace/install/include/create_msgs/create_msgs/msg/detail/bumper__rosidl_typesupport_fastrtps_cpp.hpp
-- Symlinking: /workspaces/irobot_workspace/install/include/create_msgs/create_msgs/msg/detail/charging_state__rosidl_typesupport_fastrtps_cpp.hpp
-- Symlinking: /workspaces/irobot_workspace/install/include/create_msgs/create_msgs/msg/detail/cliff__rosidl_typesupport_fastrtps_cpp.hpp
-- Symlinking: /workspaces/irobot_workspace/install/include/create_msgs/create_msgs/msg/detail/define_song__rosidl_typesupport_fastrtps_cpp.hpp
-- Symlinking: /workspaces/irobot_workspace/install/include/create_msgs/create_msgs/msg/detail/mode__rosidl_typesupport_fastrtps_cpp.hpp
-- Symlinking: /workspaces/irobot_workspace/install/include/create_msgs/create_msgs/msg/detail/motor_setpoint__rosidl_typesupport_fastrtps_cpp.hpp
-- Symlinking: /workspaces/irobot_workspace/install/include/create_msgs/create_msgs/msg/detail/play_song__rosidl_typesupport_fastrtps_cpp.hpp
-- Symlinking: /workspaces/irobot_workspace/install/include/create_msgs/create_msgs/msg/rosidl_typesupport_fastrtps_cpp__visibility_control.h
-- Symlinking: /workspaces/irobot_workspace/install/include/create_msgs/create_msgs/msg/detail/bumper__rosidl_typesupport_introspection_cpp.hpp
-- Symlinking: /workspaces/irobot_workspace/install/include/create_msgs/create_msgs/msg/detail/charging_state__rosidl_typesupport_introspection_cpp.hpp
-- Symlinking: /workspaces/irobot_workspace/install/include/create_msgs/create_msgs/msg/detail/cliff__rosidl_typesupport_introspection_cpp.hpp
-- Symlinking: /workspaces/irobot_workspace/install/include/create_msgs/create_msgs/msg/detail/define_song__rosidl_typesupport_introspection_cpp.hpp
-- Symlinking: /workspaces/irobot_workspace/install/include/create_msgs/create_msgs/msg/detail/mode__rosidl_typesupport_introspection_cpp.hpp
-- Symlinking: /workspaces/irobot_workspace/install/include/create_msgs/create_msgs/msg/detail/motor_setpoint__rosidl_typesupport_introspection_cpp.hpp
-- Symlinking: /workspaces/irobot_workspace/install/include/create_msgs/create_msgs/msg/detail/play_song__rosidl_typesupport_introspection_cpp.hpp
-- Symlinking: /workspaces/irobot_workspace/install/share/create_msgs/environment/pythonpath.sh
-- Symlinking: /workspaces/irobot_workspace/install/share/create_msgs/environment/pythonpath.dsv
-- Symlinking: /workspaces/irobot_workspace/install/local/lib/python3.10/dist-packages/create_msgs-3.1.0-py3.10.egg-info/PKG-INFO
-- Symlinking: /workspaces/irobot_workspace/install/local/lib/python3.10/dist-packages/create_msgs-3.1.0-py3.10.egg-info/SOURCES.txt
-- Symlinking: /workspaces/irobot_workspace/install/local/lib/python3.10/dist-packages/create_msgs-3.1.0-py3.10.egg-info/dependency_links.txt
-- Symlinking: /workspaces/irobot_workspace/install/local/lib/python3.10/dist-packages/create_msgs-3.1.0-py3.10.egg-info/top_level.txt
-- Symlinking: /workspaces/irobot_workspace/install/local/lib/python3.10/dist-packages/create_msgs/__init__.py
-- Symlinking: /workspaces/irobot_workspace/install/local/lib/python3.10/dist-packages/create_msgs/_create_msgs_s.ep.rosidl_typesupport_c.c
-- Symlinking: /workspaces/irobot_workspace/install/local/lib/python3.10/dist-packages/create_msgs/_create_msgs_s.ep.rosidl_typesupport_fastrtps_c.c
-- Symlinking: /workspaces/irobot_workspace/install/local/lib/python3.10/dist-packages/create_msgs/_create_msgs_s.ep.rosidl_typesupport_introspection_c.c
-- Symlinking: /workspaces/irobot_workspace/install/local/lib/python3.10/dist-packages/create_msgs/create_msgs_s__rosidl_typesupport_c.cpython-310-x86_64-linux-gnu.so
-- Symlinking: /workspaces/irobot_workspace/install/local/lib/python3.10/dist-packages/create_msgs/create_msgs_s__rosidl_typesupport_fastrtps_c.cpython-310-x86_64-linux-gnu.so
-- Symlinking: /workspaces/irobot_workspace/install/local/lib/python3.10/dist-packages/create_msgs/create_msgs_s__rosidl_typesupport_introspection_c.cpython-310-x86_64-linux-gnu.so
-- Symlinking: /workspaces/irobot_workspace/install/local/lib/python3.10/dist-packages/create_msgs/libcreate_msgs__rosidl_generator_py.so
-- Symlinking: /workspaces/irobot_workspace/install/local/lib/python3.10/dist-packages/create_msgs/msg/__init__.py
-- Symlinking: /workspaces/irobot_workspace/install/local/lib/python3.10/dist-packages/create_msgs/msg/_bumper.py
-- Symlinking: /workspaces/irobot_workspace/install/local/lib/python3.10/dist-packages/create_msgs/msg/_bumper_s.c
-- Symlinking: /workspaces/irobot_workspace/install/local/lib/python3.10/dist-packages/create_msgs/msg/_charging_state.py
-- Symlinking: /workspaces/irobot_workspace/install/local/lib/python3.10/dist-packages/create_msgs/msg/_charging_state_s.c
-- Symlinking: /workspaces/irobot_workspace/install/local/lib/python3.10/dist-packages/create_msgs/msg/_cliff.py
-- Symlinking: /workspaces/irobot_workspace/install/local/lib/python3.10/dist-packages/create_msgs/msg/_cliff_s.c
-- Symlinking: /workspaces/irobot_workspace/install/local/lib/python3.10/dist-packages/create_msgs/msg/_define_song.py
-- Symlinking: /workspaces/irobot_workspace/install/local/lib/python3.10/dist-packages/create_msgs/msg/_define_song_s.c
-- Symlinking: /workspaces/irobot_workspace/install/local/lib/python3.10/dist-packages/create_msgs/msg/_mode.py
-- Symlinking: /workspaces/irobot_workspace/install/local/lib/python3.10/dist-packages/create_msgs/msg/_mode_s.c
-- Symlinking: /workspaces/irobot_workspace/install/local/lib/python3.10/dist-packages/create_msgs/msg/_motor_setpoint.py
-- Symlinking: /workspaces/irobot_workspace/install/local/lib/python3.10/dist-packages/create_msgs/msg/_motor_setpoint_s.c
-- Symlinking: /workspaces/irobot_workspace/install/local/lib/python3.10/dist-packages/create_msgs/msg/_play_song.py
-- Symlinking: /workspaces/irobot_workspace/install/local/lib/python3.10/dist-packages/create_msgs/msg/_play_song_s.c
-- Up-to-date symlink: /workspaces/irobot_workspace/install/local/lib/python3.10/dist-packages/create_msgs/create_msgs_s__rosidl_typesupport_fastrtps_c.cpython-310-x86_64-linux-gnu.so
-- Up-to-date symlink: /workspaces/irobot_workspace/install/local/lib/python3.10/dist-packages/create_msgs/create_msgs_s__rosidl_typesupport_introspection_c.cpython-310-x86_64-linux-gnu.so
-- Up-to-date symlink: /workspaces/irobot_workspace/install/local/lib/python3.10/dist-packages/create_msgs/create_msgs_s__rosidl_typesupport_c.cpython-310-x86_64-linux-gnu.so
-- Symlinking: /workspaces/irobot_workspace/install/share/create_msgs/msg/Bumper.idl
-- Symlinking: /workspaces/irobot_workspace/install/share/create_msgs/msg/ChargingState.idl
-- Symlinking: /workspaces/irobot_workspace/install/share/create_msgs/msg/DefineSong.idl
-- Symlinking: /workspaces/irobot_workspace/install/share/create_msgs/msg/Mode.idl
-- Symlinking: /workspaces/irobot_workspace/install/share/create_msgs/msg/PlaySong.idl
-- Symlinking: /workspaces/irobot_workspace/install/share/create_msgs/msg/MotorSetpoint.idl
-- Symlinking: /workspaces/irobot_workspace/install/share/create_msgs/msg/Cliff.idl
-- Symlinking: /workspaces/irobot_workspace/install/share/create_msgs/msg/Bumper.msg
-- Symlinking: /workspaces/irobot_workspace/install/share/create_msgs/msg/ChargingState.msg
-- Symlinking: /workspaces/irobot_workspace/install/share/create_msgs/msg/DefineSong.msg
-- Symlinking: /workspaces/irobot_workspace/install/share/create_msgs/msg/Mode.msg
-- Symlinking: /workspaces/irobot_workspace/install/share/create_msgs/msg/PlaySong.msg
-- Symlinking: /workspaces/irobot_workspace/install/share/create_msgs/msg/MotorSetpoint.msg
-- Symlinking: /workspaces/irobot_workspace/install/share/create_msgs/msg/Cliff.msg
-- Symlinking: /workspaces/irobot_workspace/install/share/ament_index/resource_index/package_run_dependencies/create_msgs
-- Symlinking: /workspaces/irobot_workspace/install/share/ament_index/resource_index/parent_prefix_path/create_msgs
-- Symlinking: /workspaces/irobot_workspace/install/share/create_msgs/environment/ament_prefix_path.sh
-- Symlinking: /workspaces/irobot_workspace/install/share/create_msgs/environment/ament_prefix_path.dsv
-- Symlinking: /workspaces/irobot_workspace/install/share/create_msgs/environment/path.sh
-- Symlinking: /workspaces/irobot_workspace/install/share/create_msgs/environment/path.dsv
-- Symlinking: /workspaces/irobot_workspace/install/share/create_msgs/local_setup.bash
-- Symlinking: /workspaces/irobot_workspace/install/share/create_msgs/local_setup.sh
-- Symlinking: /workspaces/irobot_workspace/install/share/create_msgs/local_setup.zsh
-- Symlinking: /workspaces/irobot_workspace/install/share/create_msgs/local_setup.dsv
-- Symlinking: /workspaces/irobot_workspace/install/share/create_msgs/package.dsv
-- Symlinking: /workspaces/irobot_workspace/install/share/ament_index/resource_index/packages/create_msgs
-- Symlinking: /workspaces/irobot_workspace/install/share/create_msgs/cmake/rosidl_cmake-extras.cmake
-- Symlinking: /workspaces/irobot_workspace/install/share/create_msgs/cmake/ament_cmake_export_dependencies-extras.cmake
-- Symlinking: /workspaces/irobot_workspace/install/share/create_msgs/cmake/ament_cmake_export_include_directories-extras.cmake
-- Symlinking: /workspaces/irobot_workspace/install/share/create_msgs/cmake/ament_cmake_export_libraries-extras.cmake
-- Symlinking: /workspaces/irobot_workspace/install/share/create_msgs/cmake/ament_cmake_export_targets-extras.cmake
-- Symlinking: /workspaces/irobot_workspace/install/share/create_msgs/cmake/rosidl_cmake_export_typesupport_targets-extras.cmake
-- Symlinking: /workspaces/irobot_workspace/install/share/create_msgs/cmake/rosidl_cmake_export_typesupport_libraries-extras.cmake
-- Symlinking: /workspaces/irobot_workspace/install/share/create_msgs/cmake/create_msgsConfig.cmake
-- Symlinking: /workspaces/irobot_workspace/install/share/create_msgs/cmake/create_msgsConfig-version.cmake
-- Symlinking: /workspaces/irobot_workspace/install/share/create_msgs/package.xml
-- Installing: /workspaces/irobot_workspace/install/lib/libcreate_msgs__rosidl_generator_c.so
-- Set runtime path of "/workspaces/irobot_workspace/install/lib/libcreate_msgs__rosidl_generator_c.so" to ""
-- Installing: /workspaces/irobot_workspace/install/lib/libcreate_msgs__rosidl_typesupport_fastrtps_c.so
-- Set runtime path of "/workspaces/irobot_workspace/install/lib/libcreate_msgs__rosidl_typesupport_fastrtps_c.so" to ""
-- Installing: /workspaces/irobot_workspace/install/lib/libcreate_msgs__rosidl_typesupport_introspection_c.so
-- Set runtime path of "/workspaces/irobot_workspace/install/lib/libcreate_msgs__rosidl_typesupport_introspection_c.so" to ""
-- Installing: /workspaces/irobot_workspace/install/lib/libcreate_msgs__rosidl_typesupport_c.so
-- Set runtime path of "/workspaces/irobot_workspace/install/lib/libcreate_msgs__rosidl_typesupport_c.so" to ""
-- Installing: /workspaces/irobot_workspace/install/lib/libcreate_msgs__rosidl_typesupport_fastrtps_cpp.so
-- Set runtime path of "/workspaces/irobot_workspace/install/lib/libcreate_msgs__rosidl_typesupport_fastrtps_cpp.so" to ""
-- Installing: /workspaces/irobot_workspace/install/lib/libcreate_msgs__rosidl_typesupport_introspection_cpp.so
-- Set runtime path of "/workspaces/irobot_workspace/install/lib/libcreate_msgs__rosidl_typesupport_introspection_cpp.so" to ""
-- Installing: /workspaces/irobot_workspace/install/lib/libcreate_msgs__rosidl_typesupport_cpp.so
-- Set runtime path of "/workspaces/irobot_workspace/install/lib/libcreate_msgs__rosidl_typesupport_cpp.so" to ""
Listing '/workspaces/irobot_workspace/install/local/lib/python3.10/dist-packages/create_msgs'...
Compiling '/workspaces/irobot_workspace/install/local/lib/python3.10/dist-packages/create_msgs/__init__.py'...
Listing '/workspaces/irobot_workspace/install/local/lib/python3.10/dist-packages/create_msgs/msg'...
Compiling '/workspaces/irobot_workspace/install/local/lib/python3.10/dist-packages/create_msgs/msg/__init__.py'...
Compiling '/workspaces/irobot_workspace/install/local/lib/python3.10/dist-packages/create_msgs/msg/_bumper.py'...
Compiling '/workspaces/irobot_workspace/install/local/lib/python3.10/dist-packages/create_msgs/msg/_charging_state.py'...
Compiling '/workspaces/irobot_workspace/install/local/lib/python3.10/dist-packages/create_msgs/msg/_cliff.py'...
Compiling '/workspaces/irobot_workspace/install/local/lib/python3.10/dist-packages/create_msgs/msg/_define_song.py'...
Compiling '/workspaces/irobot_workspace/install/local/lib/python3.10/dist-packages/create_msgs/msg/_mode.py'...
Compiling '/workspaces/irobot_workspace/install/local/lib/python3.10/dist-packages/create_msgs/msg/_motor_setpoint.py'...
Compiling '/workspaces/irobot_workspace/install/local/lib/python3.10/dist-packages/create_msgs/msg/_play_song.py'...
-- Installing: /workspaces/irobot_workspace/install/lib/libcreate_msgs__rosidl_generator_py.so
-- Set runtime path of "/workspaces/irobot_workspace/install/lib/libcreate_msgs__rosidl_generator_py.so" to ""
-- Installing: /workspaces/irobot_workspace/install/share/create_msgs/cmake/export_create_msgs__rosidl_generator_cExport.cmake
-- Installing: /workspaces/irobot_workspace/install/share/create_msgs/cmake/export_create_msgs__rosidl_generator_cExport-relwithdebinfo.cmake
-- Installing: /workspaces/irobot_workspace/install/share/create_msgs/cmake/export_create_msgs__rosidl_typesupport_fastrtps_cExport.cmake
-- Installing: /workspaces/irobot_workspace/install/share/create_msgs/cmake/export_create_msgs__rosidl_typesupport_fastrtps_cExport-relwithdebinfo.cmake
-- Installing: /workspaces/irobot_workspace/install/share/create_msgs/cmake/create_msgs__rosidl_typesupport_introspection_cExport.cmake
-- Installing: /workspaces/irobot_workspace/install/share/create_msgs/cmake/create_msgs__rosidl_typesupport_introspection_cExport-relwithdebinfo.cmake
-- Installing: /workspaces/irobot_workspace/install/share/create_msgs/cmake/create_msgs__rosidl_typesupport_cExport.cmake
-- Installing: /workspaces/irobot_workspace/install/share/create_msgs/cmake/create_msgs__rosidl_typesupport_cExport-relwithdebinfo.cmake
-- Installing: /workspaces/irobot_workspace/install/share/create_msgs/cmake/export_create_msgs__rosidl_generator_cppExport.cmake
-- Installing: /workspaces/irobot_workspace/install/share/create_msgs/cmake/export_create_msgs__rosidl_typesupport_fastrtps_cppExport.cmake
-- Installing: /workspaces/irobot_workspace/install/share/create_msgs/cmake/export_create_msgs__rosidl_typesupport_fastrtps_cppExport-relwithdebinfo.cmake
-- Installing: /workspaces/irobot_workspace/install/share/create_msgs/cmake/create_msgs__rosidl_typesupport_introspection_cppExport.cmake
-- Installing: /workspaces/irobot_workspace/install/share/create_msgs/cmake/create_msgs__rosidl_typesupport_introspection_cppExport-relwithdebinfo.cmake
-- Installing: /workspaces/irobot_workspace/install/share/create_msgs/cmake/create_msgs__rosidl_typesupport_cppExport.cmake
-- Installing: /workspaces/irobot_workspace/install/share/create_msgs/cmake/create_msgs__rosidl_typesupport_cppExport-relwithdebinfo.cmake
-- Installing: /workspaces/irobot_workspace/install/share/create_msgs/cmake/export_create_msgs__rosidl_generator_pyExport.cmake
-- Installing: /workspaces/irobot_workspace/install/share/create_msgs/cmake/export_create_msgs__rosidl_generator_pyExport-relwithdebinfo.cmake
