[0.292s] Invoking command in '/workspaces/irobot_workspace/build/create_msgs': CMAKE_PREFIX_PATH=${CMAKE_PREFIX_PATH}:/opt/ros/humble /usr/bin/cmake /workspaces/irobot_workspace/src/create_robot/create_msgs -DCMAKE_BUILD_TYPE=RelWithDebInfo -DCMAKE_EXPORT_COMPILE_COMMANDS=On -Wall -Wextra -Wpedantic -DAMENT_CMAKE_SYMLINK_INSTALL=1 -DCMAKE_INSTALL_PREFIX=/workspaces/irobot_workspace/install
[0.594s] -- The C compiler identification is GNU 11.4.0
[0.595s] -- The CXX compiler identification is GNU 11.4.0
[0.595s] -- Detecting C compiler ABI info
[0.612s] -- Detecting C compiler ABI info - done
[0.612s] -- Check for working C compiler: /usr/bin/cc - skipped
[0.612s] -- Detecting C compile features
[0.628s] -- Detecting C compile features - done
[0.631s] -- Detecting CXX compiler ABI info
[0.670s] -- Detecting CXX compiler ABI info - done
[0.689s] -- Check for working CXX compiler: /usr/bin/c++ - skipped
[0.689s] -- Detecting CXX compile features
[0.691s] -- Detecting CXX compile features - done
[0.701s] -- Found ament_cmake: 1.3.7 (/opt/ros/humble/share/ament_cmake/cmake)
[0.793s] -- Found Python3: /usr/bin/python3.10 (found version "3.10.12") found components: Interpreter 
[0.839s] -- Override CMake install command with custom implementation using symlinks instead of copying resources
[0.870s] -- Found rosidl_default_generators: 1.2.0 (/opt/ros/humble/share/rosidl_default_generators/cmake)
[0.875s] -- Using all available rosidl_typesupport_c: rosidl_typesupport_fastrtps_c;rosidl_typesupport_introspection_c
[0.883s] -- Found rosidl_adapter: 3.1.5 (/opt/ros/humble/share/rosidl_adapter/cmake)
[0.929s] -- Using all available rosidl_typesupport_cpp: rosidl_typesupport_fastrtps_cpp;rosidl_typesupport_introspection_cpp
[0.967s] -- Found std_msgs: 4.2.3 (/opt/ros/humble/share/std_msgs/cmake)
[1.404s] -- Found ament_cmake_ros: 0.10.0 (/opt/ros/humble/share/ament_cmake_ros/cmake)
[1.621s] -- Using all available rosidl_typesupport_c: rosidl_typesupport_fastrtps_c;rosidl_typesupport_introspection_c
[1.931s] -- Using all available rosidl_typesupport_cpp: rosidl_typesupport_fastrtps_cpp;rosidl_typesupport_introspection_cpp
[1.957s] -- Found PythonInterp: /usr/bin/python3 (found suitable version "3.10.12", minimum required is "3.6") 
[1.959s] -- Found python_cmake_module: 0.10.0 (/opt/ros/humble/share/python_cmake_module/cmake)
[1.979s] -- Found PythonLibs: /usr/lib/x86_64-linux-gnu/libpython3.10.so (found suitable version "3.10.12", minimum required is "3.5") 
[1.979s] -- Using PYTHON_EXECUTABLE: /usr/bin/python3
[1.979s] -- Using PYTHON_INCLUDE_DIRS: /usr/include/python3.10
[1.979s] -- Using PYTHON_LIBRARIES: /usr/lib/x86_64-linux-gnu/libpython3.10.so
[1.995s] -- Found PythonExtra: .so  
[2.035s] -- Configuring done
[2.084s] -- Generating done
[2.087s] -- Build files have been written to: /workspaces/irobot_workspace/build/create_msgs
[2.251s] Invoked command in '/workspaces/irobot_workspace/build/create_msgs' returned '0': CMAKE_PREFIX_PATH=${CMAKE_PREFIX_PATH}:/opt/ros/humble /usr/bin/cmake /workspaces/irobot_workspace/src/create_robot/create_msgs -DCMAKE_BUILD_TYPE=RelWithDebInfo -DCMAKE_EXPORT_COMPILE_COMMANDS=On -Wall -Wextra -Wpedantic -DAMENT_CMAKE_SYMLINK_INSTALL=1 -DCMAKE_INSTALL_PREFIX=/workspaces/irobot_workspace/install
[2.252s] Invoking command in '/workspaces/irobot_workspace/build/create_msgs': CMAKE_PREFIX_PATH=${CMAKE_PREFIX_PATH}:/opt/ros/humble /usr/bin/cmake --build /workspaces/irobot_workspace/build/create_msgs -- -j20 -l20
[2.358s] [  1%] [34m[1mGenerating C code for ROS interfaces[0m
[2.366s] [  2%] [34m[1mGenerating C++ code for ROS interfaces[0m
[2.399s] [  2%] Built target ament_cmake_python_symlink_create_msgs
[2.694s] running egg_info
[2.695s] creating create_msgs.egg-info
[2.696s] writing create_msgs.egg-info/PKG-INFO
[2.696s] writing dependency_links to create_msgs.egg-info/dependency_links.txt
[2.696s] writing top-level names to create_msgs.egg-info/top_level.txt
[2.696s] writing manifest file 'create_msgs.egg-info/SOURCES.txt'
[2.698s] reading manifest file 'create_msgs.egg-info/SOURCES.txt'
[2.699s] writing manifest file 'create_msgs.egg-info/SOURCES.txt'
[2.731s] [  2%] Built target ament_cmake_python_build_create_msgs_egg
[3.160s] [  2%] Built target create_msgs__cpp
[3.170s] [  3%] [34m[1mGenerating C++ introspection for ROS interfaces[0m
[3.171s] [  6%] [34m[1mGenerating C++ type support dispatch for ROS interfaces[0m
[3.172s] [  6%] [34m[1mGenerating C++ type support for eProsima Fast-RTPS[0m
[3.188s] [  7%] [32mBuilding C object CMakeFiles/create_msgs__rosidl_generator_c.dir/rosidl_generator_c/create_msgs/msg/detail/define_song__functions.c.o[0m
[3.188s] [  8%] [32mBuilding C object CMakeFiles/create_msgs__rosidl_generator_c.dir/rosidl_generator_c/create_msgs/msg/detail/play_song__functions.c.o[0m
[3.191s] [ 10%] [32mBuilding C object CMakeFiles/create_msgs__rosidl_generator_c.dir/rosidl_generator_c/create_msgs/msg/detail/cliff__functions.c.o[0m
[3.192s] [ 11%] [32mBuilding C object CMakeFiles/create_msgs__rosidl_generator_c.dir/rosidl_generator_c/create_msgs/msg/detail/motor_setpoint__functions.c.o[0m
[3.193s] [ 12%] [32mBuilding C object CMakeFiles/create_msgs__rosidl_generator_c.dir/rosidl_generator_c/create_msgs/msg/detail/charging_state__functions.c.o[0m
[3.196s] [ 13%] [32mBuilding C object CMakeFiles/create_msgs__rosidl_generator_c.dir/rosidl_generator_c/create_msgs/msg/detail/mode__functions.c.o[0m
[3.197s] [ 15%] [32mBuilding C object CMakeFiles/create_msgs__rosidl_generator_c.dir/rosidl_generator_c/create_msgs/msg/detail/bumper__functions.c.o[0m
[3.348s] [ 16%] [32m[1mLinking C shared library libcreate_msgs__rosidl_generator_c.so[0m
[3.380s] [ 16%] Built target create_msgs__rosidl_generator_c
[3.388s] [ 17%] [34m[1mGenerating C type support for eProsima Fast-RTPS[0m
[3.388s] [ 18%] [34m[1mGenerating C introspection for ROS interfaces[0m
[3.388s] [ 20%] [34m[1mGenerating C type support dispatch for ROS interfaces[0m
[3.724s] [ 21%] [32mBuilding CXX object CMakeFiles/create_msgs__rosidl_typesupport_cpp.dir/rosidl_typesupport_cpp/create_msgs/msg/charging_state__type_support.cpp.o[0m
[3.725s] [ 22%] [32mBuilding CXX object CMakeFiles/create_msgs__rosidl_typesupport_cpp.dir/rosidl_typesupport_cpp/create_msgs/msg/motor_setpoint__type_support.cpp.o[0m
[3.727s] [ 24%] [32mBuilding CXX object CMakeFiles/create_msgs__rosidl_typesupport_cpp.dir/rosidl_typesupport_cpp/create_msgs/msg/play_song__type_support.cpp.o[0m
[3.728s] [ 26%] [32mBuilding CXX object CMakeFiles/create_msgs__rosidl_typesupport_cpp.dir/rosidl_typesupport_cpp/create_msgs/msg/define_song__type_support.cpp.o[0m
[3.729s] [ 26%] [32mBuilding CXX object CMakeFiles/create_msgs__rosidl_typesupport_cpp.dir/rosidl_typesupport_cpp/create_msgs/msg/bumper__type_support.cpp.o[0m
[3.729s] [ 27%] [32mBuilding CXX object CMakeFiles/create_msgs__rosidl_typesupport_cpp.dir/rosidl_typesupport_cpp/create_msgs/msg/cliff__type_support.cpp.o[0m
[3.734s] [ 29%] [32mBuilding CXX object CMakeFiles/create_msgs__rosidl_typesupport_cpp.dir/rosidl_typesupport_cpp/create_msgs/msg/mode__type_support.cpp.o[0m
[3.841s] [ 30%] [32mBuilding CXX object CMakeFiles/create_msgs__rosidl_typesupport_introspection_cpp.dir/rosidl_typesupport_introspection_cpp/create_msgs/msg/detail/bumper__type_support.cpp.o[0m
[3.841s] [ 31%] [32mBuilding CXX object CMakeFiles/create_msgs__rosidl_typesupport_introspection_cpp.dir/rosidl_typesupport_introspection_cpp/create_msgs/msg/detail/charging_state__type_support.cpp.o[0m
[3.854s] [ 32%] [32mBuilding CXX object CMakeFiles/create_msgs__rosidl_typesupport_introspection_cpp.dir/rosidl_typesupport_introspection_cpp/create_msgs/msg/detail/define_song__type_support.cpp.o[0m
[3.860s] [ 34%] [32mBuilding CXX object CMakeFiles/create_msgs__rosidl_typesupport_introspection_cpp.dir/rosidl_typesupport_introspection_cpp/create_msgs/msg/detail/motor_setpoint__type_support.cpp.o[0m
[3.863s] [ 35%] [32mBuilding CXX object CMakeFiles/create_msgs__rosidl_typesupport_introspection_cpp.dir/rosidl_typesupport_introspection_cpp/create_msgs/msg/detail/mode__type_support.cpp.o[0m
[3.882s] [ 36%] [32mBuilding CXX object CMakeFiles/create_msgs__rosidl_typesupport_introspection_cpp.dir/rosidl_typesupport_introspection_cpp/create_msgs/msg/detail/play_song__type_support.cpp.o[0m
[3.896s] [ 37%] [32mBuilding CXX object CMakeFiles/create_msgs__rosidl_typesupport_introspection_cpp.dir/rosidl_typesupport_introspection_cpp/create_msgs/msg/detail/cliff__type_support.cpp.o[0m
[4.094s] [ 39%] [32mBuilding CXX object CMakeFiles/create_msgs__rosidl_typesupport_fastrtps_cpp.dir/rosidl_typesupport_fastrtps_cpp/create_msgs/msg/detail/dds_fastrtps/charging_state__type_support.cpp.o[0m
[4.103s] [ 40%] [32mBuilding CXX object CMakeFiles/create_msgs__rosidl_typesupport_fastrtps_cpp.dir/rosidl_typesupport_fastrtps_cpp/create_msgs/msg/detail/dds_fastrtps/bumper__type_support.cpp.o[0m
[4.110s] [ 41%] [32mBuilding CXX object CMakeFiles/create_msgs__rosidl_typesupport_fastrtps_cpp.dir/rosidl_typesupport_fastrtps_cpp/create_msgs/msg/detail/dds_fastrtps/define_song__type_support.cpp.o[0m
[4.400s] [ 43%] [32mBuilding CXX object CMakeFiles/create_msgs__rosidl_typesupport_c.dir/rosidl_typesupport_c/create_msgs/msg/bumper__type_support.cpp.o[0m
[4.408s] [ 44%] [32mBuilding CXX object CMakeFiles/create_msgs__rosidl_typesupport_c.dir/rosidl_typesupport_c/create_msgs/msg/charging_state__type_support.cpp.o[0m
[4.436s] [ 45%] [32mBuilding CXX object CMakeFiles/create_msgs__rosidl_typesupport_fastrtps_cpp.dir/rosidl_typesupport_fastrtps_cpp/create_msgs/msg/detail/dds_fastrtps/mode__type_support.cpp.o[0m
[4.439s] [ 46%] [32mBuilding CXX object CMakeFiles/create_msgs__rosidl_typesupport_c.dir/rosidl_typesupport_c/create_msgs/msg/mode__type_support.cpp.o[0m
[4.439s] [ 48%] [32mBuilding CXX object CMakeFiles/create_msgs__rosidl_typesupport_c.dir/rosidl_typesupport_c/create_msgs/msg/play_song__type_support.cpp.o[0m
[4.446s] [ 49%] [32mBuilding CXX object CMakeFiles/create_msgs__rosidl_typesupport_c.dir/rosidl_typesupport_c/create_msgs/msg/motor_setpoint__type_support.cpp.o[0m
[4.448s] [ 50%] [32mBuilding C object CMakeFiles/create_msgs__rosidl_typesupport_introspection_c.dir/rosidl_typesupport_introspection_c/create_msgs/msg/detail/bumper__type_support.c.o[0m
[4.450s] [ 51%] [32mBuilding CXX object CMakeFiles/create_msgs__rosidl_typesupport_c.dir/rosidl_typesupport_c/create_msgs/msg/define_song__type_support.cpp.o[0m
[4.455s] [ 53%] [32mBuilding C object CMakeFiles/create_msgs__rosidl_typesupport_introspection_c.dir/rosidl_typesupport_introspection_c/create_msgs/msg/detail/charging_state__type_support.c.o[0m
[4.456s] [ 54%] [32m[1mLinking CXX shared library libcreate_msgs__rosidl_typesupport_cpp.so[0m
[4.461s] [ 55%] [32mBuilding CXX object CMakeFiles/create_msgs__rosidl_typesupport_c.dir/rosidl_typesupport_c/create_msgs/msg/cliff__type_support.cpp.o[0m
[4.480s] [ 56%] [32mBuilding C object CMakeFiles/create_msgs__rosidl_typesupport_introspection_c.dir/rosidl_typesupport_introspection_c/create_msgs/msg/detail/define_song__type_support.c.o[0m
[4.482s] [ 58%] [32mBuilding CXX object CMakeFiles/create_msgs__rosidl_typesupport_fastrtps_cpp.dir/rosidl_typesupport_fastrtps_cpp/create_msgs/msg/detail/dds_fastrtps/play_song__type_support.cpp.o[0m
[4.491s] [ 59%] [32mBuilding C object CMakeFiles/create_msgs__rosidl_typesupport_introspection_c.dir/rosidl_typesupport_introspection_c/create_msgs/msg/detail/play_song__type_support.c.o[0m
[4.496s] [ 60%] [32mBuilding C object CMakeFiles/create_msgs__rosidl_typesupport_introspection_c.dir/rosidl_typesupport_introspection_c/create_msgs/msg/detail/mode__type_support.c.o[0m
[4.517s] [ 62%] [32mBuilding CXX object CMakeFiles/create_msgs__rosidl_typesupport_fastrtps_c.dir/rosidl_typesupport_fastrtps_c/create_msgs/msg/detail/bumper__type_support_c.cpp.o[0m
[4.525s] [ 63%] [32mBuilding C object CMakeFiles/create_msgs__rosidl_typesupport_introspection_c.dir/rosidl_typesupport_introspection_c/create_msgs/msg/detail/motor_setpoint__type_support.c.o[0m
[4.533s] [ 64%] [32m[1mLinking CXX shared library libcreate_msgs__rosidl_typesupport_c.so[0m
[4.535s] [ 65%] [32mBuilding CXX object CMakeFiles/create_msgs__rosidl_typesupport_fastrtps_cpp.dir/rosidl_typesupport_fastrtps_cpp/create_msgs/msg/detail/dds_fastrtps/motor_setpoint__type_support.cpp.o[0m
[4.540s] [ 67%] [32mBuilding C object CMakeFiles/create_msgs__rosidl_typesupport_introspection_c.dir/rosidl_typesupport_introspection_c/create_msgs/msg/detail/cliff__type_support.c.o[0m
[4.573s] [ 68%] [32mBuilding CXX object CMakeFiles/create_msgs__rosidl_typesupport_fastrtps_cpp.dir/rosidl_typesupport_fastrtps_cpp/create_msgs/msg/detail/dds_fastrtps/cliff__type_support.cpp.o[0m
[4.578s] [ 69%] [32mBuilding CXX object CMakeFiles/create_msgs__rosidl_typesupport_fastrtps_c.dir/rosidl_typesupport_fastrtps_c/create_msgs/msg/detail/charging_state__type_support_c.cpp.o[0m
[4.619s] [ 69%] Built target create_msgs__rosidl_typesupport_cpp
[4.647s] [ 70%] [32m[1mLinking C shared library libcreate_msgs__rosidl_typesupport_introspection_c.so[0m
[4.658s] [ 72%] [32mBuilding CXX object CMakeFiles/create_msgs__rosidl_typesupport_fastrtps_c.dir/rosidl_typesupport_fastrtps_c/create_msgs/msg/detail/define_song__type_support_c.cpp.o[0m
[4.673s] [ 73%] [32mBuilding CXX object CMakeFiles/create_msgs__rosidl_typesupport_fastrtps_c.dir/rosidl_typesupport_fastrtps_c/create_msgs/msg/detail/mode__type_support_c.cpp.o[0m
[4.700s] [ 73%] Built target create_msgs__rosidl_typesupport_c
[4.743s] [ 73%] Built target create_msgs__rosidl_typesupport_introspection_c
[4.750s] [ 74%] [32mBuilding CXX object CMakeFiles/create_msgs__rosidl_typesupport_fastrtps_c.dir/rosidl_typesupport_fastrtps_c/create_msgs/msg/detail/play_song__type_support_c.cpp.o[0m
[4.766s] [ 75%] [32mBuilding CXX object CMakeFiles/create_msgs__rosidl_typesupport_fastrtps_c.dir/rosidl_typesupport_fastrtps_c/create_msgs/msg/detail/cliff__type_support_c.cpp.o[0m
[4.823s] [ 77%] [32mBuilding CXX object CMakeFiles/create_msgs__rosidl_typesupport_fastrtps_c.dir/rosidl_typesupport_fastrtps_c/create_msgs/msg/detail/motor_setpoint__type_support_c.cpp.o[0m
[4.874s] [ 78%] [32m[1mLinking CXX shared library libcreate_msgs__rosidl_typesupport_introspection_cpp.so[0m
[4.988s] [ 78%] Built target create_msgs__rosidl_typesupport_introspection_cpp
[5.114s] [ 79%] [32m[1mLinking CXX shared library libcreate_msgs__rosidl_typesupport_fastrtps_cpp.so[0m
[5.155s] [ 81%] [32m[1mLinking CXX shared library libcreate_msgs__rosidl_typesupport_fastrtps_c.so[0m
[5.184s] [ 81%] Built target create_msgs__rosidl_typesupport_fastrtps_cpp
[5.211s] [ 81%] Built target create_msgs__rosidl_typesupport_fastrtps_c
[5.222s] [ 81%] Built target create_msgs
[5.233s] [ 82%] [34m[1mGenerating Python code for ROS interfaces[0m
[6.237s] [ 82%] Built target create_msgs__py
[6.250s] [ 86%] [32mBuilding C object CMakeFiles/create_msgs__rosidl_generator_py.dir/rosidl_generator_py/create_msgs/msg/_charging_state_s.c.o[0m
[6.250s] [ 86%] [32mBuilding C object CMakeFiles/create_msgs__rosidl_generator_py.dir/rosidl_generator_py/create_msgs/msg/_mode_s.c.o[0m
[6.250s] [ 83%] [32mBuilding C object CMakeFiles/create_msgs__rosidl_generator_py.dir/rosidl_generator_py/create_msgs/msg/_define_song_s.c.o[0m
[6.250s] [ 87%] [32mBuilding C object CMakeFiles/create_msgs__rosidl_generator_py.dir/rosidl_generator_py/create_msgs/msg/_cliff_s.c.o[0m
[6.251s] [ 89%] [32mBuilding C object CMakeFiles/create_msgs__rosidl_generator_py.dir/rosidl_generator_py/create_msgs/msg/_motor_setpoint_s.c.o[0m
[6.251s] [ 89%] [32mBuilding C object CMakeFiles/create_msgs__rosidl_generator_py.dir/rosidl_generator_py/create_msgs/msg/_bumper_s.c.o[0m
[6.251s] [ 91%] [32mBuilding C object CMakeFiles/create_msgs__rosidl_generator_py.dir/rosidl_generator_py/create_msgs/msg/_play_song_s.c.o[0m
[6.428s] [ 92%] [32m[1mLinking C shared library rosidl_generator_py/create_msgs/libcreate_msgs__rosidl_generator_py.so[0m
[6.463s] [ 92%] Built target create_msgs__rosidl_generator_py
[6.476s] [ 93%] [32mBuilding C object CMakeFiles/create_msgs__rosidl_typesupport_c__pyext.dir/rosidl_generator_py/create_msgs/_create_msgs_s.ep.rosidl_typesupport_c.c.o[0m
[6.477s] [ 94%] [32mBuilding C object CMakeFiles/create_msgs__rosidl_typesupport_fastrtps_c__pyext.dir/rosidl_generator_py/create_msgs/_create_msgs_s.ep.rosidl_typesupport_fastrtps_c.c.o[0m
[6.478s] [ 96%] [32mBuilding C object CMakeFiles/create_msgs__rosidl_typesupport_introspection_c__pyext.dir/rosidl_generator_py/create_msgs/_create_msgs_s.ep.rosidl_typesupport_introspection_c.c.o[0m
[6.609s] [ 98%] [32m[1mLinking C shared library rosidl_generator_py/create_msgs/create_msgs_s__rosidl_typesupport_c.cpython-310-x86_64-linux-gnu.so[0m
[6.609s] [ 98%] [32m[1mLinking C shared library rosidl_generator_py/create_msgs/create_msgs_s__rosidl_typesupport_fastrtps_c.cpython-310-x86_64-linux-gnu.so[0m
[6.621s] [100%] [32m[1mLinking C shared library rosidl_generator_py/create_msgs/create_msgs_s__rosidl_typesupport_introspection_c.cpython-310-x86_64-linux-gnu.so[0m
[6.634s] [100%] Built target create_msgs__rosidl_typesupport_fastrtps_c__pyext
[6.634s] [100%] Built target create_msgs__rosidl_typesupport_c__pyext
[6.646s] [100%] Built target create_msgs__rosidl_typesupport_introspection_c__pyext
[6.653s] Invoked command in '/workspaces/irobot_workspace/build/create_msgs' returned '0': CMAKE_PREFIX_PATH=${CMAKE_PREFIX_PATH}:/opt/ros/humble /usr/bin/cmake --build /workspaces/irobot_workspace/build/create_msgs -- -j20 -l20
[6.740s] Invoking command in '/workspaces/irobot_workspace/build/create_msgs': CMAKE_PREFIX_PATH=${CMAKE_PREFIX_PATH}:/opt/ros/humble /usr/bin/cmake --install /workspaces/irobot_workspace/build/create_msgs
[6.744s] -- Install configuration: "RelWithDebInfo"
[6.744s] -- Execute custom install script
[6.744s] -- Symlinking: /workspaces/irobot_workspace/install/share/ament_index/resource_index/rosidl_interfaces/create_msgs
[6.749s] -- Symlinking: /workspaces/irobot_workspace/install/include/create_msgs/create_msgs/msg/bumper.h
[6.755s] -- Symlinking: /workspaces/irobot_workspace/install/include/create_msgs/create_msgs/msg/charging_state.h
[6.759s] -- Symlinking: /workspaces/irobot_workspace/install/include/create_msgs/create_msgs/msg/cliff.h
[6.764s] -- Symlinking: /workspaces/irobot_workspace/install/include/create_msgs/create_msgs/msg/define_song.h
[6.769s] -- Symlinking: /workspaces/irobot_workspace/install/include/create_msgs/create_msgs/msg/detail/bumper__functions.h
[6.774s] -- Symlinking: /workspaces/irobot_workspace/install/include/create_msgs/create_msgs/msg/detail/bumper__struct.h
[6.778s] -- Symlinking: /workspaces/irobot_workspace/install/include/create_msgs/create_msgs/msg/detail/bumper__type_support.h
[6.783s] -- Symlinking: /workspaces/irobot_workspace/install/include/create_msgs/create_msgs/msg/detail/charging_state__functions.h
[6.790s] -- Symlinking: /workspaces/irobot_workspace/install/include/create_msgs/create_msgs/msg/detail/charging_state__struct.h
[6.795s] -- Symlinking: /workspaces/irobot_workspace/install/include/create_msgs/create_msgs/msg/detail/charging_state__type_support.h
[6.800s] -- Symlinking: /workspaces/irobot_workspace/install/include/create_msgs/create_msgs/msg/detail/cliff__functions.h
[6.805s] -- Symlinking: /workspaces/irobot_workspace/install/include/create_msgs/create_msgs/msg/detail/cliff__struct.h
[6.810s] -- Symlinking: /workspaces/irobot_workspace/install/include/create_msgs/create_msgs/msg/detail/cliff__type_support.h
[6.815s] -- Symlinking: /workspaces/irobot_workspace/install/include/create_msgs/create_msgs/msg/detail/define_song__functions.h
[6.819s] -- Symlinking: /workspaces/irobot_workspace/install/include/create_msgs/create_msgs/msg/detail/define_song__struct.h
[6.824s] -- Symlinking: /workspaces/irobot_workspace/install/include/create_msgs/create_msgs/msg/detail/define_song__type_support.h
[6.830s] -- Symlinking: /workspaces/irobot_workspace/install/include/create_msgs/create_msgs/msg/detail/mode__functions.h
[6.835s] -- Symlinking: /workspaces/irobot_workspace/install/include/create_msgs/create_msgs/msg/detail/mode__struct.h
[6.840s] -- Symlinking: /workspaces/irobot_workspace/install/include/create_msgs/create_msgs/msg/detail/mode__type_support.h
[6.845s] -- Symlinking: /workspaces/irobot_workspace/install/include/create_msgs/create_msgs/msg/detail/motor_setpoint__functions.h
[6.850s] -- Symlinking: /workspaces/irobot_workspace/install/include/create_msgs/create_msgs/msg/detail/motor_setpoint__struct.h
[6.855s] -- Symlinking: /workspaces/irobot_workspace/install/include/create_msgs/create_msgs/msg/detail/motor_setpoint__type_support.h
[6.861s] -- Symlinking: /workspaces/irobot_workspace/install/include/create_msgs/create_msgs/msg/detail/play_song__functions.h
[6.867s] -- Symlinking: /workspaces/irobot_workspace/install/include/create_msgs/create_msgs/msg/detail/play_song__struct.h
[6.872s] -- Symlinking: /workspaces/irobot_workspace/install/include/create_msgs/create_msgs/msg/detail/play_song__type_support.h
[6.877s] -- Symlinking: /workspaces/irobot_workspace/install/include/create_msgs/create_msgs/msg/mode.h
[6.882s] -- Symlinking: /workspaces/irobot_workspace/install/include/create_msgs/create_msgs/msg/motor_setpoint.h
[6.887s] -- Symlinking: /workspaces/irobot_workspace/install/include/create_msgs/create_msgs/msg/play_song.h
[6.891s] -- Symlinking: /workspaces/irobot_workspace/install/include/create_msgs/create_msgs/msg/rosidl_generator_c__visibility_control.h
[6.897s] -- Symlinking: /workspaces/irobot_workspace/install/share/create_msgs/environment/library_path.sh
[6.902s] -- Symlinking: /workspaces/irobot_workspace/install/share/create_msgs/environment/library_path.dsv
[6.908s] -- Symlinking: /workspaces/irobot_workspace/install/include/create_msgs/create_msgs/msg/detail/bumper__rosidl_typesupport_fastrtps_c.h
[6.913s] -- Symlinking: /workspaces/irobot_workspace/install/include/create_msgs/create_msgs/msg/detail/charging_state__rosidl_typesupport_fastrtps_c.h
[6.918s] -- Symlinking: /workspaces/irobot_workspace/install/include/create_msgs/create_msgs/msg/detail/cliff__rosidl_typesupport_fastrtps_c.h
[6.923s] -- Symlinking: /workspaces/irobot_workspace/install/include/create_msgs/create_msgs/msg/detail/define_song__rosidl_typesupport_fastrtps_c.h
[6.928s] -- Symlinking: /workspaces/irobot_workspace/install/include/create_msgs/create_msgs/msg/detail/mode__rosidl_typesupport_fastrtps_c.h
[6.933s] -- Symlinking: /workspaces/irobot_workspace/install/include/create_msgs/create_msgs/msg/detail/motor_setpoint__rosidl_typesupport_fastrtps_c.h
[6.940s] -- Symlinking: /workspaces/irobot_workspace/install/include/create_msgs/create_msgs/msg/detail/play_song__rosidl_typesupport_fastrtps_c.h
[6.946s] -- Symlinking: /workspaces/irobot_workspace/install/include/create_msgs/create_msgs/msg/rosidl_typesupport_fastrtps_c__visibility_control.h
[6.953s] -- Symlinking: /workspaces/irobot_workspace/install/include/create_msgs/create_msgs/msg/detail/bumper__rosidl_typesupport_introspection_c.h
[6.959s] -- Symlinking: /workspaces/irobot_workspace/install/include/create_msgs/create_msgs/msg/detail/charging_state__rosidl_typesupport_introspection_c.h
[6.965s] -- Symlinking: /workspaces/irobot_workspace/install/include/create_msgs/create_msgs/msg/detail/cliff__rosidl_typesupport_introspection_c.h
[6.971s] -- Symlinking: /workspaces/irobot_workspace/install/include/create_msgs/create_msgs/msg/detail/define_song__rosidl_typesupport_introspection_c.h
[6.977s] -- Symlinking: /workspaces/irobot_workspace/install/include/create_msgs/create_msgs/msg/detail/mode__rosidl_typesupport_introspection_c.h
[6.983s] -- Symlinking: /workspaces/irobot_workspace/install/include/create_msgs/create_msgs/msg/detail/motor_setpoint__rosidl_typesupport_introspection_c.h
[6.988s] -- Symlinking: /workspaces/irobot_workspace/install/include/create_msgs/create_msgs/msg/detail/play_song__rosidl_typesupport_introspection_c.h
[6.994s] -- Symlinking: /workspaces/irobot_workspace/install/include/create_msgs/create_msgs/msg/rosidl_typesupport_introspection_c__visibility_control.h
[7.000s] -- Symlinking: /workspaces/irobot_workspace/install/include/create_msgs/create_msgs/msg/bumper.hpp
[7.006s] -- Symlinking: /workspaces/irobot_workspace/install/include/create_msgs/create_msgs/msg/charging_state.hpp
[7.011s] -- Symlinking: /workspaces/irobot_workspace/install/include/create_msgs/create_msgs/msg/cliff.hpp
[7.016s] -- Symlinking: /workspaces/irobot_workspace/install/include/create_msgs/create_msgs/msg/define_song.hpp
[7.022s] -- Symlinking: /workspaces/irobot_workspace/install/include/create_msgs/create_msgs/msg/detail/bumper__builder.hpp
[7.027s] -- Symlinking: /workspaces/irobot_workspace/install/include/create_msgs/create_msgs/msg/detail/bumper__struct.hpp
[7.034s] -- Symlinking: /workspaces/irobot_workspace/install/include/create_msgs/create_msgs/msg/detail/bumper__traits.hpp
[7.039s] -- Symlinking: /workspaces/irobot_workspace/install/include/create_msgs/create_msgs/msg/detail/charging_state__builder.hpp
[7.044s] -- Symlinking: /workspaces/irobot_workspace/install/include/create_msgs/create_msgs/msg/detail/charging_state__struct.hpp
[7.050s] -- Symlinking: /workspaces/irobot_workspace/install/include/create_msgs/create_msgs/msg/detail/charging_state__traits.hpp
[7.055s] -- Symlinking: /workspaces/irobot_workspace/install/include/create_msgs/create_msgs/msg/detail/cliff__builder.hpp
[7.061s] -- Symlinking: /workspaces/irobot_workspace/install/include/create_msgs/create_msgs/msg/detail/cliff__struct.hpp
[7.066s] -- Symlinking: /workspaces/irobot_workspace/install/include/create_msgs/create_msgs/msg/detail/cliff__traits.hpp
[7.072s] -- Symlinking: /workspaces/irobot_workspace/install/include/create_msgs/create_msgs/msg/detail/define_song__builder.hpp
[7.078s] -- Symlinking: /workspaces/irobot_workspace/install/include/create_msgs/create_msgs/msg/detail/define_song__struct.hpp
[7.083s] -- Symlinking: /workspaces/irobot_workspace/install/include/create_msgs/create_msgs/msg/detail/define_song__traits.hpp
[7.089s] -- Symlinking: /workspaces/irobot_workspace/install/include/create_msgs/create_msgs/msg/detail/mode__builder.hpp
[7.094s] -- Symlinking: /workspaces/irobot_workspace/install/include/create_msgs/create_msgs/msg/detail/mode__struct.hpp
[7.100s] -- Symlinking: /workspaces/irobot_workspace/install/include/create_msgs/create_msgs/msg/detail/mode__traits.hpp
[7.106s] -- Symlinking: /workspaces/irobot_workspace/install/include/create_msgs/create_msgs/msg/detail/motor_setpoint__builder.hpp
[7.111s] -- Symlinking: /workspaces/irobot_workspace/install/include/create_msgs/create_msgs/msg/detail/motor_setpoint__struct.hpp
[7.116s] -- Symlinking: /workspaces/irobot_workspace/install/include/create_msgs/create_msgs/msg/detail/motor_setpoint__traits.hpp
[7.122s] -- Symlinking: /workspaces/irobot_workspace/install/include/create_msgs/create_msgs/msg/detail/play_song__builder.hpp
[7.127s] -- Symlinking: /workspaces/irobot_workspace/install/include/create_msgs/create_msgs/msg/detail/play_song__struct.hpp
[7.135s] -- Symlinking: /workspaces/irobot_workspace/install/include/create_msgs/create_msgs/msg/detail/play_song__traits.hpp
[7.142s] -- Symlinking: /workspaces/irobot_workspace/install/include/create_msgs/create_msgs/msg/mode.hpp
[7.151s] -- Symlinking: /workspaces/irobot_workspace/install/include/create_msgs/create_msgs/msg/motor_setpoint.hpp
[7.161s] -- Symlinking: /workspaces/irobot_workspace/install/include/create_msgs/create_msgs/msg/play_song.hpp
[7.170s] -- Symlinking: /workspaces/irobot_workspace/install/include/create_msgs/create_msgs/msg/detail/bumper__rosidl_typesupport_fastrtps_cpp.hpp
[7.180s] -- Symlinking: /workspaces/irobot_workspace/install/include/create_msgs/create_msgs/msg/detail/charging_state__rosidl_typesupport_fastrtps_cpp.hpp
[7.189s] -- Symlinking: /workspaces/irobot_workspace/install/include/create_msgs/create_msgs/msg/detail/cliff__rosidl_typesupport_fastrtps_cpp.hpp
[7.205s] -- Symlinking: /workspaces/irobot_workspace/install/include/create_msgs/create_msgs/msg/detail/define_song__rosidl_typesupport_fastrtps_cpp.hpp
[7.214s] -- Symlinking: /workspaces/irobot_workspace/install/include/create_msgs/create_msgs/msg/detail/mode__rosidl_typesupport_fastrtps_cpp.hpp
[7.223s] -- Symlinking: /workspaces/irobot_workspace/install/include/create_msgs/create_msgs/msg/detail/motor_setpoint__rosidl_typesupport_fastrtps_cpp.hpp
[7.232s] -- Symlinking: /workspaces/irobot_workspace/install/include/create_msgs/create_msgs/msg/detail/play_song__rosidl_typesupport_fastrtps_cpp.hpp
[7.240s] -- Symlinking: /workspaces/irobot_workspace/install/include/create_msgs/create_msgs/msg/rosidl_typesupport_fastrtps_cpp__visibility_control.h
[7.249s] -- Symlinking: /workspaces/irobot_workspace/install/include/create_msgs/create_msgs/msg/detail/bumper__rosidl_typesupport_introspection_cpp.hpp
[7.257s] -- Symlinking: /workspaces/irobot_workspace/install/include/create_msgs/create_msgs/msg/detail/charging_state__rosidl_typesupport_introspection_cpp.hpp
[7.265s] -- Symlinking: /workspaces/irobot_workspace/install/include/create_msgs/create_msgs/msg/detail/cliff__rosidl_typesupport_introspection_cpp.hpp
[7.274s] -- Symlinking: /workspaces/irobot_workspace/install/include/create_msgs/create_msgs/msg/detail/define_song__rosidl_typesupport_introspection_cpp.hpp
[7.282s] -- Symlinking: /workspaces/irobot_workspace/install/include/create_msgs/create_msgs/msg/detail/mode__rosidl_typesupport_introspection_cpp.hpp
[7.290s] -- Symlinking: /workspaces/irobot_workspace/install/include/create_msgs/create_msgs/msg/detail/motor_setpoint__rosidl_typesupport_introspection_cpp.hpp
[7.299s] -- Symlinking: /workspaces/irobot_workspace/install/include/create_msgs/create_msgs/msg/detail/play_song__rosidl_typesupport_introspection_cpp.hpp
[7.307s] -- Symlinking: /workspaces/irobot_workspace/install/share/create_msgs/environment/pythonpath.sh
[7.315s] -- Symlinking: /workspaces/irobot_workspace/install/share/create_msgs/environment/pythonpath.dsv
[7.324s] -- Symlinking: /workspaces/irobot_workspace/install/local/lib/python3.10/dist-packages/create_msgs-3.1.0-py3.10.egg-info/PKG-INFO
[7.334s] -- Symlinking: /workspaces/irobot_workspace/install/local/lib/python3.10/dist-packages/create_msgs-3.1.0-py3.10.egg-info/SOURCES.txt
[7.342s] -- Symlinking: /workspaces/irobot_workspace/install/local/lib/python3.10/dist-packages/create_msgs-3.1.0-py3.10.egg-info/dependency_links.txt
[7.350s] -- Symlinking: /workspaces/irobot_workspace/install/local/lib/python3.10/dist-packages/create_msgs-3.1.0-py3.10.egg-info/top_level.txt
[7.359s] -- Symlinking: /workspaces/irobot_workspace/install/local/lib/python3.10/dist-packages/create_msgs/__init__.py
[7.368s] -- Symlinking: /workspaces/irobot_workspace/install/local/lib/python3.10/dist-packages/create_msgs/_create_msgs_s.ep.rosidl_typesupport_c.c
[7.378s] -- Symlinking: /workspaces/irobot_workspace/install/local/lib/python3.10/dist-packages/create_msgs/_create_msgs_s.ep.rosidl_typesupport_fastrtps_c.c
[7.385s] -- Symlinking: /workspaces/irobot_workspace/install/local/lib/python3.10/dist-packages/create_msgs/_create_msgs_s.ep.rosidl_typesupport_introspection_c.c
[7.394s] -- Symlinking: /workspaces/irobot_workspace/install/local/lib/python3.10/dist-packages/create_msgs/create_msgs_s__rosidl_typesupport_c.cpython-310-x86_64-linux-gnu.so
[7.404s] -- Symlinking: /workspaces/irobot_workspace/install/local/lib/python3.10/dist-packages/create_msgs/create_msgs_s__rosidl_typesupport_fastrtps_c.cpython-310-x86_64-linux-gnu.so
[7.412s] -- Symlinking: /workspaces/irobot_workspace/install/local/lib/python3.10/dist-packages/create_msgs/create_msgs_s__rosidl_typesupport_introspection_c.cpython-310-x86_64-linux-gnu.so
[7.421s] -- Symlinking: /workspaces/irobot_workspace/install/local/lib/python3.10/dist-packages/create_msgs/libcreate_msgs__rosidl_generator_py.so
[7.431s] -- Symlinking: /workspaces/irobot_workspace/install/local/lib/python3.10/dist-packages/create_msgs/msg/__init__.py
[7.439s] -- Symlinking: /workspaces/irobot_workspace/install/local/lib/python3.10/dist-packages/create_msgs/msg/_bumper.py
[7.446s] -- Symlinking: /workspaces/irobot_workspace/install/local/lib/python3.10/dist-packages/create_msgs/msg/_bumper_s.c
[7.457s] -- Symlinking: /workspaces/irobot_workspace/install/local/lib/python3.10/dist-packages/create_msgs/msg/_charging_state.py
[7.467s] -- Symlinking: /workspaces/irobot_workspace/install/local/lib/python3.10/dist-packages/create_msgs/msg/_charging_state_s.c
[7.478s] -- Symlinking: /workspaces/irobot_workspace/install/local/lib/python3.10/dist-packages/create_msgs/msg/_cliff.py
[7.489s] -- Symlinking: /workspaces/irobot_workspace/install/local/lib/python3.10/dist-packages/create_msgs/msg/_cliff_s.c
[7.499s] -- Symlinking: /workspaces/irobot_workspace/install/local/lib/python3.10/dist-packages/create_msgs/msg/_define_song.py
[7.511s] -- Symlinking: /workspaces/irobot_workspace/install/local/lib/python3.10/dist-packages/create_msgs/msg/_define_song_s.c
[7.521s] -- Symlinking: /workspaces/irobot_workspace/install/local/lib/python3.10/dist-packages/create_msgs/msg/_mode.py
[7.541s] -- Symlinking: /workspaces/irobot_workspace/install/local/lib/python3.10/dist-packages/create_msgs/msg/_mode_s.c
[7.553s] -- Symlinking: /workspaces/irobot_workspace/install/local/lib/python3.10/dist-packages/create_msgs/msg/_motor_setpoint.py
[7.562s] -- Symlinking: /workspaces/irobot_workspace/install/local/lib/python3.10/dist-packages/create_msgs/msg/_motor_setpoint_s.c
[7.572s] -- Symlinking: /workspaces/irobot_workspace/install/local/lib/python3.10/dist-packages/create_msgs/msg/_play_song.py
[7.582s] -- Symlinking: /workspaces/irobot_workspace/install/local/lib/python3.10/dist-packages/create_msgs/msg/_play_song_s.c
[7.592s] -- Up-to-date symlink: /workspaces/irobot_workspace/install/local/lib/python3.10/dist-packages/create_msgs/create_msgs_s__rosidl_typesupport_fastrtps_c.cpython-310-x86_64-linux-gnu.so
[7.593s] -- Up-to-date symlink: /workspaces/irobot_workspace/install/local/lib/python3.10/dist-packages/create_msgs/create_msgs_s__rosidl_typesupport_introspection_c.cpython-310-x86_64-linux-gnu.so
[7.593s] -- Up-to-date symlink: /workspaces/irobot_workspace/install/local/lib/python3.10/dist-packages/create_msgs/create_msgs_s__rosidl_typesupport_c.cpython-310-x86_64-linux-gnu.so
[7.594s] -- Symlinking: /workspaces/irobot_workspace/install/share/create_msgs/msg/Bumper.idl
[7.604s] -- Symlinking: /workspaces/irobot_workspace/install/share/create_msgs/msg/ChargingState.idl
[7.613s] -- Symlinking: /workspaces/irobot_workspace/install/share/create_msgs/msg/DefineSong.idl
[7.623s] -- Symlinking: /workspaces/irobot_workspace/install/share/create_msgs/msg/Mode.idl
[7.635s] -- Symlinking: /workspaces/irobot_workspace/install/share/create_msgs/msg/PlaySong.idl
[7.646s] -- Symlinking: /workspaces/irobot_workspace/install/share/create_msgs/msg/MotorSetpoint.idl
[7.657s] -- Symlinking: /workspaces/irobot_workspace/install/share/create_msgs/msg/Cliff.idl
[7.679s] -- Symlinking: /workspaces/irobot_workspace/install/share/create_msgs/msg/Bumper.msg
[7.689s] -- Symlinking: /workspaces/irobot_workspace/install/share/create_msgs/msg/ChargingState.msg
[7.699s] -- Symlinking: /workspaces/irobot_workspace/install/share/create_msgs/msg/DefineSong.msg
[7.710s] -- Symlinking: /workspaces/irobot_workspace/install/share/create_msgs/msg/Mode.msg
[7.720s] -- Symlinking: /workspaces/irobot_workspace/install/share/create_msgs/msg/PlaySong.msg
[7.730s] -- Symlinking: /workspaces/irobot_workspace/install/share/create_msgs/msg/MotorSetpoint.msg
[7.740s] -- Symlinking: /workspaces/irobot_workspace/install/share/create_msgs/msg/Cliff.msg
[7.750s] -- Symlinking: /workspaces/irobot_workspace/install/share/ament_index/resource_index/package_run_dependencies/create_msgs
[7.758s] -- Symlinking: /workspaces/irobot_workspace/install/share/ament_index/resource_index/parent_prefix_path/create_msgs
[7.769s] -- Symlinking: /workspaces/irobot_workspace/install/share/create_msgs/environment/ament_prefix_path.sh
[7.778s] -- Symlinking: /workspaces/irobot_workspace/install/share/create_msgs/environment/ament_prefix_path.dsv
[7.787s] -- Symlinking: /workspaces/irobot_workspace/install/share/create_msgs/environment/path.sh
[7.800s] -- Symlinking: /workspaces/irobot_workspace/install/share/create_msgs/environment/path.dsv
[7.807s] -- Symlinking: /workspaces/irobot_workspace/install/share/create_msgs/local_setup.bash
[7.816s] -- Symlinking: /workspaces/irobot_workspace/install/share/create_msgs/local_setup.sh
[7.825s] -- Symlinking: /workspaces/irobot_workspace/install/share/create_msgs/local_setup.zsh
[7.836s] -- Symlinking: /workspaces/irobot_workspace/install/share/create_msgs/local_setup.dsv
[7.847s] -- Symlinking: /workspaces/irobot_workspace/install/share/create_msgs/package.dsv
[7.865s] -- Symlinking: /workspaces/irobot_workspace/install/share/ament_index/resource_index/packages/create_msgs
[7.876s] -- Symlinking: /workspaces/irobot_workspace/install/share/create_msgs/cmake/rosidl_cmake-extras.cmake
[7.886s] -- Symlinking: /workspaces/irobot_workspace/install/share/create_msgs/cmake/ament_cmake_export_dependencies-extras.cmake
[7.895s] -- Symlinking: /workspaces/irobot_workspace/install/share/create_msgs/cmake/ament_cmake_export_include_directories-extras.cmake
[7.905s] -- Symlinking: /workspaces/irobot_workspace/install/share/create_msgs/cmake/ament_cmake_export_libraries-extras.cmake
[7.915s] -- Symlinking: /workspaces/irobot_workspace/install/share/create_msgs/cmake/ament_cmake_export_targets-extras.cmake
[7.926s] -- Symlinking: /workspaces/irobot_workspace/install/share/create_msgs/cmake/rosidl_cmake_export_typesupport_targets-extras.cmake
[7.935s] -- Symlinking: /workspaces/irobot_workspace/install/share/create_msgs/cmake/rosidl_cmake_export_typesupport_libraries-extras.cmake
[7.947s] -- Symlinking: /workspaces/irobot_workspace/install/share/create_msgs/cmake/create_msgsConfig.cmake
[7.956s] -- Symlinking: /workspaces/irobot_workspace/install/share/create_msgs/cmake/create_msgsConfig-version.cmake
[7.966s] -- Symlinking: /workspaces/irobot_workspace/install/share/create_msgs/package.xml
[7.994s] -- Installing: /workspaces/irobot_workspace/install/lib/libcreate_msgs__rosidl_generator_c.so
[7.995s] -- Set runtime path of "/workspaces/irobot_workspace/install/lib/libcreate_msgs__rosidl_generator_c.so" to ""
[7.995s] -- Installing: /workspaces/irobot_workspace/install/lib/libcreate_msgs__rosidl_typesupport_fastrtps_c.so
[7.997s] -- Set runtime path of "/workspaces/irobot_workspace/install/lib/libcreate_msgs__rosidl_typesupport_fastrtps_c.so" to ""
[7.998s] -- Installing: /workspaces/irobot_workspace/install/lib/libcreate_msgs__rosidl_typesupport_introspection_c.so
[7.998s] -- Set runtime path of "/workspaces/irobot_workspace/install/lib/libcreate_msgs__rosidl_typesupport_introspection_c.so" to ""
[7.998s] -- Installing: /workspaces/irobot_workspace/install/lib/libcreate_msgs__rosidl_typesupport_c.so
[7.999s] -- Set runtime path of "/workspaces/irobot_workspace/install/lib/libcreate_msgs__rosidl_typesupport_c.so" to ""
[7.999s] -- Installing: /workspaces/irobot_workspace/install/lib/libcreate_msgs__rosidl_typesupport_fastrtps_cpp.so
[8.001s] -- Set runtime path of "/workspaces/irobot_workspace/install/lib/libcreate_msgs__rosidl_typesupport_fastrtps_cpp.so" to ""
[8.001s] -- Installing: /workspaces/irobot_workspace/install/lib/libcreate_msgs__rosidl_typesupport_introspection_cpp.so
[8.002s] -- Set runtime path of "/workspaces/irobot_workspace/install/lib/libcreate_msgs__rosidl_typesupport_introspection_cpp.so" to ""
[8.002s] -- Installing: /workspaces/irobot_workspace/install/lib/libcreate_msgs__rosidl_typesupport_cpp.so
[8.004s] -- Set runtime path of "/workspaces/irobot_workspace/install/lib/libcreate_msgs__rosidl_typesupport_cpp.so" to ""
[8.077s] Listing '/workspaces/irobot_workspace/install/local/lib/python3.10/dist-packages/create_msgs'...
[8.077s] Compiling '/workspaces/irobot_workspace/install/local/lib/python3.10/dist-packages/create_msgs/__init__.py'...
[8.078s] Listing '/workspaces/irobot_workspace/install/local/lib/python3.10/dist-packages/create_msgs/msg'...
[8.078s] Compiling '/workspaces/irobot_workspace/install/local/lib/python3.10/dist-packages/create_msgs/msg/__init__.py'...
[8.078s] Compiling '/workspaces/irobot_workspace/install/local/lib/python3.10/dist-packages/create_msgs/msg/_bumper.py'...
[8.078s] Compiling '/workspaces/irobot_workspace/install/local/lib/python3.10/dist-packages/create_msgs/msg/_charging_state.py'...
[8.078s] Compiling '/workspaces/irobot_workspace/install/local/lib/python3.10/dist-packages/create_msgs/msg/_cliff.py'...
[8.078s] Compiling '/workspaces/irobot_workspace/install/local/lib/python3.10/dist-packages/create_msgs/msg/_define_song.py'...
[8.078s] Compiling '/workspaces/irobot_workspace/install/local/lib/python3.10/dist-packages/create_msgs/msg/_mode.py'...
[8.078s] Compiling '/workspaces/irobot_workspace/install/local/lib/python3.10/dist-packages/create_msgs/msg/_motor_setpoint.py'...
[8.078s] Compiling '/workspaces/irobot_workspace/install/local/lib/python3.10/dist-packages/create_msgs/msg/_play_song.py'...
[8.082s] -- Installing: /workspaces/irobot_workspace/install/lib/libcreate_msgs__rosidl_generator_py.so
[8.082s] -- Set runtime path of "/workspaces/irobot_workspace/install/lib/libcreate_msgs__rosidl_generator_py.so" to ""
[8.083s] -- Installing: /workspaces/irobot_workspace/install/share/create_msgs/cmake/export_create_msgs__rosidl_generator_cExport.cmake
[8.083s] -- Installing: /workspaces/irobot_workspace/install/share/create_msgs/cmake/export_create_msgs__rosidl_generator_cExport-relwithdebinfo.cmake
[8.083s] -- Installing: /workspaces/irobot_workspace/install/share/create_msgs/cmake/export_create_msgs__rosidl_typesupport_fastrtps_cExport.cmake
[8.083s] -- Installing: /workspaces/irobot_workspace/install/share/create_msgs/cmake/export_create_msgs__rosidl_typesupport_fastrtps_cExport-relwithdebinfo.cmake
[8.083s] -- Installing: /workspaces/irobot_workspace/install/share/create_msgs/cmake/create_msgs__rosidl_typesupport_introspection_cExport.cmake
[8.083s] -- Installing: /workspaces/irobot_workspace/install/share/create_msgs/cmake/create_msgs__rosidl_typesupport_introspection_cExport-relwithdebinfo.cmake
[8.084s] -- Installing: /workspaces/irobot_workspace/install/share/create_msgs/cmake/create_msgs__rosidl_typesupport_cExport.cmake
[8.084s] -- Installing: /workspaces/irobot_workspace/install/share/create_msgs/cmake/create_msgs__rosidl_typesupport_cExport-relwithdebinfo.cmake
[8.084s] -- Installing: /workspaces/irobot_workspace/install/share/create_msgs/cmake/export_create_msgs__rosidl_generator_cppExport.cmake
[8.084s] -- Installing: /workspaces/irobot_workspace/install/share/create_msgs/cmake/export_create_msgs__rosidl_typesupport_fastrtps_cppExport.cmake
[8.084s] -- Installing: /workspaces/irobot_workspace/install/share/create_msgs/cmake/export_create_msgs__rosidl_typesupport_fastrtps_cppExport-relwithdebinfo.cmake
[8.085s] -- Installing: /workspaces/irobot_workspace/install/share/create_msgs/cmake/create_msgs__rosidl_typesupport_introspection_cppExport.cmake
[8.085s] -- Installing: /workspaces/irobot_workspace/install/share/create_msgs/cmake/create_msgs__rosidl_typesupport_introspection_cppExport-relwithdebinfo.cmake
[8.085s] -- Installing: /workspaces/irobot_workspace/install/share/create_msgs/cmake/create_msgs__rosidl_typesupport_cppExport.cmake
[8.085s] -- Installing: /workspaces/irobot_workspace/install/share/create_msgs/cmake/create_msgs__rosidl_typesupport_cppExport-relwithdebinfo.cmake
[8.085s] -- Installing: /workspaces/irobot_workspace/install/share/create_msgs/cmake/export_create_msgs__rosidl_generator_pyExport.cmake
[8.085s] -- Installing: /workspaces/irobot_workspace/install/share/create_msgs/cmake/export_create_msgs__rosidl_generator_pyExport-relwithdebinfo.cmake
[8.105s] Invoked command in '/workspaces/irobot_workspace/build/create_msgs' returned '0': CMAKE_PREFIX_PATH=${CMAKE_PREFIX_PATH}:/opt/ros/humble /usr/bin/cmake --install /workspaces/irobot_workspace/build/create_msgs
