[0.203s] Invoking command in '/workspaces/irobot_workspace/build/turtlebot3_msgs': CMAKE_PREFIX_PATH=/opt/ros/humble /usr/bin/cmake /workspaces/irobot_workspace/src/turtlebot3_msgs -DCMAKE_BUILD_TYPE=RelWithDebInfo -DCMAKE_EXPORT_COMPILE_COMMANDS=On -Wall -Wextra -Wpedantic -DAMENT_CMAKE_SYMLINK_INSTALL=1 -DCMAKE_INSTALL_PREFIX=/workspaces/irobot_workspace/install
[0.335s] -- The C compiler identification is GNU 11.4.0
[0.422s] -- The CXX compiler identification is GNU 11.4.0
[0.428s] -- Detecting C compiler ABI info
[0.482s] -- Detecting C compiler ABI info - done
[0.487s] -- Check for working C compiler: /usr/bin/cc - skipped
[0.487s] -- Detecting C compile features
[0.488s] -- Detecting C compile features - done
[0.490s] -- Detecting CXX compiler ABI info
[0.546s] -- Detecting CXX compiler ABI info - done
[0.554s] -- Check for working CXX compiler: /usr/bin/c++ - skipped
[0.554s] -- Detecting CXX compile features
[0.555s] -- Detecting CXX compile features - done
[0.556s] -- Found action_msgs: 1.2.1 (/opt/ros/humble/share/action_msgs/cmake)
[0.660s] -- Found Python3: /usr/bin/python3.10 (found version "3.10.12") found components: Interpreter 
[0.715s] -- Override CMake install command with custom implementation using symlinks instead of copying resources
[0.779s] -- Found rosidl_generator_c: 3.1.5 (/opt/ros/humble/share/rosidl_generator_c/cmake)
[0.786s] -- Found rosidl_adapter: 3.1.5 (/opt/ros/humble/share/rosidl_adapter/cmake)
[0.795s] -- Found rosidl_generator_cpp: 3.1.5 (/opt/ros/humble/share/rosidl_generator_cpp/cmake)
[0.814s] -- Using all available rosidl_typesupport_c: rosidl_typesupport_fastrtps_c;rosidl_typesupport_introspection_c
[0.834s] -- Using all available rosidl_typesupport_cpp: rosidl_typesupport_fastrtps_cpp;rosidl_typesupport_introspection_cpp
[0.939s] -- Found rosidl_default_generators: 1.2.0 (/opt/ros/humble/share/rosidl_default_generators/cmake)
[0.953s] -- Found std_msgs: 4.2.3 (/opt/ros/humble/share/std_msgs/cmake)
[1.293s] -- Found ament_cmake_cppcheck: 0.12.10 (/opt/ros/humble/share/ament_cmake_cppcheck/cmake)
[1.296s] -- Found ament_cmake_cpplint: 0.12.10 (/opt/ros/humble/share/ament_cmake_cpplint/cmake)
[1.300s] -- Found ament_cmake_uncrustify: 0.12.10 (/opt/ros/humble/share/ament_cmake_uncrustify/cmake)
[1.302s] -- Found ament_cmake_ros: 0.10.0 (/opt/ros/humble/share/ament_cmake_ros/cmake)
[1.543s] -- Using all available rosidl_typesupport_c: rosidl_typesupport_fastrtps_c;rosidl_typesupport_introspection_c
[1.632s] -- Using all available rosidl_typesupport_cpp: rosidl_typesupport_fastrtps_cpp;rosidl_typesupport_introspection_cpp
[1.644s] -- Found PythonInterp: /usr/bin/python3 (found suitable version "3.10.12", minimum required is "3.6") 
[1.645s] -- Found python_cmake_module: 0.10.0 (/opt/ros/humble/share/python_cmake_module/cmake)
[1.657s] -- Found PythonLibs: /usr/lib/x86_64-linux-gnu/libpython3.10.so (found suitable version "3.10.12", minimum required is "3.5") 
[1.658s] -- Using PYTHON_EXECUTABLE: /usr/bin/python3
[1.658s] -- Using PYTHON_INCLUDE_DIRS: /usr/include/python3.10
[1.658s] -- Using PYTHON_LIBRARIES: /usr/lib/x86_64-linux-gnu/libpython3.10.so
[1.669s] -- Found PythonExtra: .so  
[1.699s] -- Found ament_cmake_flake8: 0.12.10 (/opt/ros/humble/share/ament_cmake_flake8/cmake)
[1.702s] -- Found ament_cmake_pep257: 0.12.10 (/opt/ros/humble/share/ament_cmake_pep257/cmake)
[1.710s] -- Configuring done
[1.749s] -- Generating done
[1.751s] -- Build files have been written to: /workspaces/irobot_workspace/build/turtlebot3_msgs
[1.764s] Invoked command in '/workspaces/irobot_workspace/build/turtlebot3_msgs' returned '0': CMAKE_PREFIX_PATH=/opt/ros/humble /usr/bin/cmake /workspaces/irobot_workspace/src/turtlebot3_msgs -DCMAKE_BUILD_TYPE=RelWithDebInfo -DCMAKE_EXPORT_COMPILE_COMMANDS=On -Wall -Wextra -Wpedantic -DAMENT_CMAKE_SYMLINK_INSTALL=1 -DCMAKE_INSTALL_PREFIX=/workspaces/irobot_workspace/install
[1.766s] Invoking command in '/workspaces/irobot_workspace/build/turtlebot3_msgs': CMAKE_PREFIX_PATH=/opt/ros/humble /usr/bin/cmake --build /workspaces/irobot_workspace/build/turtlebot3_msgs -- -j20 -l20
[1.793s] [  1%] [34m[1mGenerating C code for ROS interfaces[0m
[1.798s] [  2%] [34m[1mGenerating C++ code for ROS interfaces[0m
[1.803s] [  2%] Built target ament_cmake_python_symlink_turtlebot3_msgs
[1.952s] running egg_info
[1.954s] creating turtlebot3_msgs.egg-info
[1.954s] writing turtlebot3_msgs.egg-info/PKG-INFO
[1.954s] writing dependency_links to turtlebot3_msgs.egg-info/dependency_links.txt
[1.955s] writing top-level names to turtlebot3_msgs.egg-info/top_level.txt
[1.955s] writing manifest file 'turtlebot3_msgs.egg-info/SOURCES.txt'
[1.955s] reading manifest file 'turtlebot3_msgs.egg-info/SOURCES.txt'
[1.955s] writing manifest file 'turtlebot3_msgs.egg-info/SOURCES.txt'
[1.978s] [  2%] Built target ament_cmake_python_build_turtlebot3_msgs_egg
[2.695s] [  2%] Built target turtlebot3_msgs__cpp
[2.702s] [  7%] [34m[1mGenerating C++ introspection for ROS interfaces[0m
[2.702s] [  7%] [34m[1mGenerating C++ type support for eProsima Fast-RTPS[0m
[2.702s] [  7%] [34m[1mGenerating C++ type support dispatch for ROS interfaces[0m
[2.739s] [ 11%] [32mBuilding C object CMakeFiles/turtlebot3_msgs__rosidl_generator_c.dir/rosidl_generator_c/turtlebot3_msgs/msg/detail/version_info__functions.c.o[0m
[2.739s] [ 11%] [32mBuilding C object CMakeFiles/turtlebot3_msgs__rosidl_generator_c.dir/rosidl_generator_c/turtlebot3_msgs/action/detail/patrol__functions.c.o[0m
[2.739s] [ 11%] [32mBuilding C object CMakeFiles/turtlebot3_msgs__rosidl_generator_c.dir/rosidl_generator_c/turtlebot3_msgs/srv/detail/sound__functions.c.o[0m
[2.739s] [ 14%] [32mBuilding C object CMakeFiles/turtlebot3_msgs__rosidl_generator_c.dir/rosidl_generator_c/turtlebot3_msgs/msg/detail/sound__functions.c.o[0m
[2.739s] [ 14%] [32mBuilding C object CMakeFiles/turtlebot3_msgs__rosidl_generator_c.dir/rosidl_generator_c/turtlebot3_msgs/msg/detail/sensor_state__functions.c.o[0m
[2.740s] [ 15%] [32mBuilding C object CMakeFiles/turtlebot3_msgs__rosidl_generator_c.dir/rosidl_generator_c/turtlebot3_msgs/srv/detail/dqn__functions.c.o[0m
[3.122s] [ 16%] [32m[1mLinking C shared library libturtlebot3_msgs__rosidl_generator_c.so[0m
[3.155s] [ 16%] Built target turtlebot3_msgs__rosidl_generator_c
[3.162s] [ 18%] [34m[1mGenerating C type support dispatch for ROS interfaces[0m
[3.163s] [ 19%] [34m[1mGenerating C type support for eProsima Fast-RTPS[0m
[3.166s] [ 21%] [34m[1mGenerating C introspection for ROS interfaces[0m
[3.352s] [ 23%] [32mBuilding CXX object CMakeFiles/turtlebot3_msgs__rosidl_typesupport_cpp.dir/rosidl_typesupport_cpp/turtlebot3_msgs/msg/sound__type_support.cpp.o[0m
[3.352s] [ 23%] [32mBuilding CXX object CMakeFiles/turtlebot3_msgs__rosidl_typesupport_cpp.dir/rosidl_typesupport_cpp/turtlebot3_msgs/msg/sensor_state__type_support.cpp.o[0m
[3.354s] [ 25%] [32mBuilding CXX object CMakeFiles/turtlebot3_msgs__rosidl_typesupport_cpp.dir/rosidl_typesupport_cpp/turtlebot3_msgs/srv/dqn__type_support.cpp.o[0m
[3.354s] [ 26%] [32mBuilding CXX object CMakeFiles/turtlebot3_msgs__rosidl_typesupport_cpp.dir/rosidl_typesupport_cpp/turtlebot3_msgs/msg/version_info__type_support.cpp.o[0m
[3.355s] [ 29%] [32mBuilding CXX object CMakeFiles/turtlebot3_msgs__rosidl_typesupport_cpp.dir/rosidl_typesupport_cpp/turtlebot3_msgs/srv/sound__type_support.cpp.o[0m
[3.355s] [ 29%] [32mBuilding CXX object CMakeFiles/turtlebot3_msgs__rosidl_typesupport_cpp.dir/rosidl_typesupport_cpp/turtlebot3_msgs/action/patrol__type_support.cpp.o[0m
[3.495s] [ 30%] [32mBuilding CXX object CMakeFiles/turtlebot3_msgs__rosidl_typesupport_introspection_cpp.dir/rosidl_typesupport_introspection_cpp/turtlebot3_msgs/msg/detail/sound__type_support.cpp.o[0m
[3.496s] [ 32%] [32mBuilding CXX object CMakeFiles/turtlebot3_msgs__rosidl_typesupport_introspection_cpp.dir/rosidl_typesupport_introspection_cpp/turtlebot3_msgs/msg/detail/version_info__type_support.cpp.o[0m
[3.496s] [ 33%] [32mBuilding CXX object CMakeFiles/turtlebot3_msgs__rosidl_typesupport_introspection_cpp.dir/rosidl_typesupport_introspection_cpp/turtlebot3_msgs/msg/detail/sensor_state__type_support.cpp.o[0m
[3.500s] [ 35%] [32mBuilding CXX object CMakeFiles/turtlebot3_msgs__rosidl_typesupport_introspection_cpp.dir/rosidl_typesupport_introspection_cpp/turtlebot3_msgs/srv/detail/sound__type_support.cpp.o[0m
[3.502s] [ 36%] [32mBuilding CXX object CMakeFiles/turtlebot3_msgs__rosidl_typesupport_introspection_cpp.dir/rosidl_typesupport_introspection_cpp/turtlebot3_msgs/srv/detail/dqn__type_support.cpp.o[0m
[3.504s] [ 38%] [32mBuilding CXX object CMakeFiles/turtlebot3_msgs__rosidl_typesupport_introspection_cpp.dir/rosidl_typesupport_introspection_cpp/turtlebot3_msgs/action/detail/patrol__type_support.cpp.o[0m
[3.785s] [ 39%] [32mBuilding CXX object CMakeFiles/turtlebot3_msgs__rosidl_typesupport_fastrtps_cpp.dir/rosidl_typesupport_fastrtps_cpp/turtlebot3_msgs/msg/detail/dds_fastrtps/sensor_state__type_support.cpp.o[0m
[3.805s] [ 40%] [32mBuilding CXX object CMakeFiles/turtlebot3_msgs__rosidl_typesupport_fastrtps_cpp.dir/rosidl_typesupport_fastrtps_cpp/turtlebot3_msgs/msg/detail/dds_fastrtps/sound__type_support.cpp.o[0m
[3.810s] [ 42%] [32mBuilding CXX object CMakeFiles/turtlebot3_msgs__rosidl_typesupport_fastrtps_cpp.dir/rosidl_typesupport_fastrtps_cpp/turtlebot3_msgs/msg/detail/dds_fastrtps/version_info__type_support.cpp.o[0m
[3.830s] [ 43%] [32mBuilding CXX object CMakeFiles/turtlebot3_msgs__rosidl_typesupport_fastrtps_cpp.dir/rosidl_typesupport_fastrtps_cpp/turtlebot3_msgs/srv/detail/dds_fastrtps/sound__type_support.cpp.o[0m
[3.866s] [ 45%] [32mBuilding CXX object CMakeFiles/turtlebot3_msgs__rosidl_typesupport_fastrtps_cpp.dir/rosidl_typesupport_fastrtps_cpp/turtlebot3_msgs/srv/detail/dds_fastrtps/dqn__type_support.cpp.o[0m
[3.883s] [ 46%] [32mBuilding CXX object CMakeFiles/turtlebot3_msgs__rosidl_typesupport_fastrtps_cpp.dir/rosidl_typesupport_fastrtps_cpp/turtlebot3_msgs/action/detail/dds_fastrtps/patrol__type_support.cpp.o[0m
[4.085s] [ 47%] [32mBuilding CXX object CMakeFiles/turtlebot3_msgs__rosidl_typesupport_c.dir/rosidl_typesupport_c/turtlebot3_msgs/msg/sensor_state__type_support.cpp.o[0m
[4.128s] [ 49%] [32mBuilding CXX object CMakeFiles/turtlebot3_msgs__rosidl_typesupport_c.dir/rosidl_typesupport_c/turtlebot3_msgs/msg/sound__type_support.cpp.o[0m
[4.130s] [ 50%] [32mBuilding CXX object CMakeFiles/turtlebot3_msgs__rosidl_typesupport_c.dir/rosidl_typesupport_c/turtlebot3_msgs/msg/version_info__type_support.cpp.o[0m
[4.160s] [ 52%] [32mBuilding CXX object CMakeFiles/turtlebot3_msgs__rosidl_typesupport_c.dir/rosidl_typesupport_c/turtlebot3_msgs/srv/sound__type_support.cpp.o[0m
[4.174s] [ 53%] [32mBuilding CXX object CMakeFiles/turtlebot3_msgs__rosidl_typesupport_c.dir/rosidl_typesupport_c/turtlebot3_msgs/action/patrol__type_support.cpp.o[0m
[4.177s] [ 56%] [32m[1mLinking CXX shared library libturtlebot3_msgs__rosidl_typesupport_cpp.so[0m
[4.177s] [ 56%] [32mBuilding CXX object CMakeFiles/turtlebot3_msgs__rosidl_typesupport_c.dir/rosidl_typesupport_c/turtlebot3_msgs/srv/dqn__type_support.cpp.o[0m
[4.245s] [ 57%] [32m[1mLinking CXX shared library libturtlebot3_msgs__rosidl_typesupport_c.so[0m
[4.258s] [ 57%] Built target turtlebot3_msgs__rosidl_typesupport_cpp
[4.267s] [ 59%] [32mBuilding C object CMakeFiles/turtlebot3_msgs__rosidl_typesupport_introspection_c.dir/rosidl_typesupport_introspection_c/turtlebot3_msgs/msg/detail/sensor_state__type_support.c.o[0m
[4.271s] [ 60%] [32mBuilding C object CMakeFiles/turtlebot3_msgs__rosidl_typesupport_introspection_c.dir/rosidl_typesupport_introspection_c/turtlebot3_msgs/msg/detail/version_info__type_support.c.o[0m
[4.272s] [ 63%] [32mBuilding C object CMakeFiles/turtlebot3_msgs__rosidl_typesupport_introspection_c.dir/rosidl_typesupport_introspection_c/turtlebot3_msgs/srv/detail/sound__type_support.c.o[0m
[4.273s] [ 63%] [32mBuilding C object CMakeFiles/turtlebot3_msgs__rosidl_typesupport_introspection_c.dir/rosidl_typesupport_introspection_c/turtlebot3_msgs/msg/detail/sound__type_support.c.o[0m
[4.273s] [ 64%] [32mBuilding C object CMakeFiles/turtlebot3_msgs__rosidl_typesupport_introspection_c.dir/rosidl_typesupport_introspection_c/turtlebot3_msgs/srv/detail/dqn__type_support.c.o[0m
[4.273s] [ 66%] [32mBuilding C object CMakeFiles/turtlebot3_msgs__rosidl_typesupport_introspection_c.dir/rosidl_typesupport_introspection_c/turtlebot3_msgs/action/detail/patrol__type_support.c.o[0m
[4.289s] [ 67%] [32mBuilding CXX object CMakeFiles/turtlebot3_msgs__rosidl_typesupport_fastrtps_c.dir/rosidl_typesupport_fastrtps_c/turtlebot3_msgs/msg/detail/version_info__type_support_c.cpp.o[0m
[4.298s] [ 69%] [32mBuilding CXX object CMakeFiles/turtlebot3_msgs__rosidl_typesupport_fastrtps_c.dir/rosidl_typesupport_fastrtps_c/turtlebot3_msgs/msg/detail/sound__type_support_c.cpp.o[0m
[4.302s] [ 70%] [32mBuilding CXX object CMakeFiles/turtlebot3_msgs__rosidl_typesupport_fastrtps_c.dir/rosidl_typesupport_fastrtps_c/turtlebot3_msgs/msg/detail/sensor_state__type_support_c.cpp.o[0m
[4.306s] [ 71%] [32mBuilding CXX object CMakeFiles/turtlebot3_msgs__rosidl_typesupport_fastrtps_c.dir/rosidl_typesupport_fastrtps_c/turtlebot3_msgs/srv/detail/sound__type_support_c.cpp.o[0m
[4.313s] [ 73%] [32mBuilding CXX object CMakeFiles/turtlebot3_msgs__rosidl_typesupport_fastrtps_c.dir/rosidl_typesupport_fastrtps_c/turtlebot3_msgs/srv/detail/dqn__type_support_c.cpp.o[0m
[4.319s] [ 73%] Built target turtlebot3_msgs__rosidl_typesupport_c
[4.354s] [ 74%] [32m[1mLinking C shared library libturtlebot3_msgs__rosidl_typesupport_introspection_c.so[0m
[4.372s] [ 76%] [32mBuilding CXX object CMakeFiles/turtlebot3_msgs__rosidl_typesupport_fastrtps_c.dir/rosidl_typesupport_fastrtps_c/turtlebot3_msgs/action/detail/patrol__type_support_c.cpp.o[0m
[4.401s] [ 76%] Built target turtlebot3_msgs__rosidl_typesupport_introspection_c
[4.437s] [ 77%] [32m[1mLinking CXX shared library libturtlebot3_msgs__rosidl_typesupport_introspection_cpp.so[0m
[4.544s] [ 77%] Built target turtlebot3_msgs__rosidl_typesupport_introspection_cpp
[4.775s] [ 78%] [32m[1mLinking CXX shared library libturtlebot3_msgs__rosidl_typesupport_fastrtps_cpp.so[0m
[4.845s] [ 80%] [32m[1mLinking CXX shared library libturtlebot3_msgs__rosidl_typesupport_fastrtps_c.so[0m
[4.857s] [ 80%] Built target turtlebot3_msgs__rosidl_typesupport_fastrtps_cpp
[4.907s] [ 80%] Built target turtlebot3_msgs__rosidl_typesupport_fastrtps_c
[4.918s] [ 80%] Built target turtlebot3_msgs
[4.931s] [ 81%] [34m[1mGenerating Python code for ROS interfaces[0m
[6.436s] [ 81%] Built target turtlebot3_msgs__py
[6.450s] [ 84%] [32mBuilding C object CMakeFiles/turtlebot3_msgs__rosidl_generator_py.dir/rosidl_generator_py/turtlebot3_msgs/srv/_sound_s.c.o[0m
[6.450s] [ 84%] [32mBuilding C object CMakeFiles/turtlebot3_msgs__rosidl_generator_py.dir/rosidl_generator_py/turtlebot3_msgs/msg/_sound_s.c.o[0m
[6.451s] [ 85%] [32mBuilding C object CMakeFiles/turtlebot3_msgs__rosidl_generator_py.dir/rosidl_generator_py/turtlebot3_msgs/msg/_sensor_state_s.c.o[0m
[6.451s] [ 88%] [32mBuilding C object CMakeFiles/turtlebot3_msgs__rosidl_generator_py.dir/rosidl_generator_py/turtlebot3_msgs/srv/_dqn_s.c.o[0m
[6.451s] [ 88%] [32mBuilding C object CMakeFiles/turtlebot3_msgs__rosidl_generator_py.dir/rosidl_generator_py/turtlebot3_msgs/msg/_version_info_s.c.o[0m
[6.452s] [ 90%] [32mBuilding C object CMakeFiles/turtlebot3_msgs__rosidl_generator_py.dir/rosidl_generator_py/turtlebot3_msgs/action/_patrol_s.c.o[0m
[6.722s] [ 91%] [32m[1mLinking C shared library rosidl_generator_py/turtlebot3_msgs/libturtlebot3_msgs__rosidl_generator_py.so[0m
[6.758s] [ 91%] Built target turtlebot3_msgs__rosidl_generator_py
[6.770s] [ 94%] [32mBuilding C object CMakeFiles/turtlebot3_msgs__rosidl_typesupport_fastrtps_c__pyext.dir/rosidl_generator_py/turtlebot3_msgs/_turtlebot3_msgs_s.ep.rosidl_typesupport_fastrtps_c.c.o[0m
[6.770s] [ 94%] [32mBuilding C object CMakeFiles/turtlebot3_msgs__rosidl_typesupport_introspection_c__pyext.dir/rosidl_generator_py/turtlebot3_msgs/_turtlebot3_msgs_s.ep.rosidl_typesupport_introspection_c.c.o[0m
[6.771s] [ 95%] [32mBuilding C object CMakeFiles/turtlebot3_msgs__rosidl_typesupport_c__pyext.dir/rosidl_generator_py/turtlebot3_msgs/_turtlebot3_msgs_s.ep.rosidl_typesupport_c.c.o[0m
[7.103s] [ 97%] [32m[1mLinking C shared library rosidl_generator_py/turtlebot3_msgs/turtlebot3_msgs_s__rosidl_typesupport_fastrtps_c.cpython-310-x86_64-linux-gnu.so[0m
[7.108s] [ 98%] [32m[1mLinking C shared library rosidl_generator_py/turtlebot3_msgs/turtlebot3_msgs_s__rosidl_typesupport_introspection_c.cpython-310-x86_64-linux-gnu.so[0m
[7.124s] [100%] [32m[1mLinking C shared library rosidl_generator_py/turtlebot3_msgs/turtlebot3_msgs_s__rosidl_typesupport_c.cpython-310-x86_64-linux-gnu.so[0m
[7.147s] [100%] Built target turtlebot3_msgs__rosidl_typesupport_introspection_c__pyext
[7.149s] [100%] Built target turtlebot3_msgs__rosidl_typesupport_fastrtps_c__pyext
[7.172s] [100%] Built target turtlebot3_msgs__rosidl_typesupport_c__pyext
[7.182s] Invoked command in '/workspaces/irobot_workspace/build/turtlebot3_msgs' returned '0': CMAKE_PREFIX_PATH=/opt/ros/humble /usr/bin/cmake --build /workspaces/irobot_workspace/build/turtlebot3_msgs -- -j20 -l20
[7.280s] Invoking command in '/workspaces/irobot_workspace/build/turtlebot3_msgs': CMAKE_PREFIX_PATH=/opt/ros/humble /usr/bin/cmake --install /workspaces/irobot_workspace/build/turtlebot3_msgs
[7.285s] -- Install configuration: "RelWithDebInfo"
[7.285s] -- Execute custom install script
[7.285s] -- Symlinking: /workspaces/irobot_workspace/install/share/ament_index/resource_index/rosidl_interfaces/turtlebot3_msgs
[7.292s] -- Symlinking: /workspaces/irobot_workspace/install/include/turtlebot3_msgs/turtlebot3_msgs/action/detail/patrol__functions.h
[7.298s] -- Symlinking: /workspaces/irobot_workspace/install/include/turtlebot3_msgs/turtlebot3_msgs/action/detail/patrol__struct.h
[7.305s] -- Symlinking: /workspaces/irobot_workspace/install/include/turtlebot3_msgs/turtlebot3_msgs/action/detail/patrol__type_support.h
[7.310s] -- Symlinking: /workspaces/irobot_workspace/install/include/turtlebot3_msgs/turtlebot3_msgs/action/patrol.h
[7.316s] -- Symlinking: /workspaces/irobot_workspace/install/include/turtlebot3_msgs/turtlebot3_msgs/msg/detail/sensor_state__functions.h
[7.322s] -- Symlinking: /workspaces/irobot_workspace/install/include/turtlebot3_msgs/turtlebot3_msgs/msg/detail/sensor_state__struct.h
[7.329s] -- Symlinking: /workspaces/irobot_workspace/install/include/turtlebot3_msgs/turtlebot3_msgs/msg/detail/sensor_state__type_support.h
[7.335s] -- Symlinking: /workspaces/irobot_workspace/install/include/turtlebot3_msgs/turtlebot3_msgs/msg/detail/sound__functions.h
[7.342s] -- Symlinking: /workspaces/irobot_workspace/install/include/turtlebot3_msgs/turtlebot3_msgs/msg/detail/sound__struct.h
[7.347s] -- Symlinking: /workspaces/irobot_workspace/install/include/turtlebot3_msgs/turtlebot3_msgs/msg/detail/sound__type_support.h
[7.354s] -- Symlinking: /workspaces/irobot_workspace/install/include/turtlebot3_msgs/turtlebot3_msgs/msg/detail/version_info__functions.h
[7.360s] -- Symlinking: /workspaces/irobot_workspace/install/include/turtlebot3_msgs/turtlebot3_msgs/msg/detail/version_info__struct.h
[7.367s] -- Symlinking: /workspaces/irobot_workspace/install/include/turtlebot3_msgs/turtlebot3_msgs/msg/detail/version_info__type_support.h
[7.373s] -- Symlinking: /workspaces/irobot_workspace/install/include/turtlebot3_msgs/turtlebot3_msgs/msg/rosidl_generator_c__visibility_control.h
[7.379s] -- Symlinking: /workspaces/irobot_workspace/install/include/turtlebot3_msgs/turtlebot3_msgs/msg/sensor_state.h
[7.384s] -- Symlinking: /workspaces/irobot_workspace/install/include/turtlebot3_msgs/turtlebot3_msgs/msg/sound.h
[7.390s] -- Symlinking: /workspaces/irobot_workspace/install/include/turtlebot3_msgs/turtlebot3_msgs/msg/version_info.h
[7.396s] -- Symlinking: /workspaces/irobot_workspace/install/include/turtlebot3_msgs/turtlebot3_msgs/srv/detail/dqn__functions.h
[7.401s] -- Symlinking: /workspaces/irobot_workspace/install/include/turtlebot3_msgs/turtlebot3_msgs/srv/detail/dqn__struct.h
[7.407s] -- Symlinking: /workspaces/irobot_workspace/install/include/turtlebot3_msgs/turtlebot3_msgs/srv/detail/dqn__type_support.h
[7.412s] -- Symlinking: /workspaces/irobot_workspace/install/include/turtlebot3_msgs/turtlebot3_msgs/srv/detail/sound__functions.h
[7.419s] -- Symlinking: /workspaces/irobot_workspace/install/include/turtlebot3_msgs/turtlebot3_msgs/srv/detail/sound__struct.h
[7.426s] -- Symlinking: /workspaces/irobot_workspace/install/include/turtlebot3_msgs/turtlebot3_msgs/srv/detail/sound__type_support.h
[7.432s] -- Symlinking: /workspaces/irobot_workspace/install/include/turtlebot3_msgs/turtlebot3_msgs/srv/dqn.h
[7.438s] -- Symlinking: /workspaces/irobot_workspace/install/include/turtlebot3_msgs/turtlebot3_msgs/srv/sound.h
[7.446s] -- Symlinking: /workspaces/irobot_workspace/install/share/turtlebot3_msgs/environment/library_path.sh
[7.451s] -- Symlinking: /workspaces/irobot_workspace/install/share/turtlebot3_msgs/environment/library_path.dsv
[7.457s] -- Symlinking: /workspaces/irobot_workspace/install/include/turtlebot3_msgs/turtlebot3_msgs/action/detail/patrol__rosidl_typesupport_fastrtps_c.h
[7.463s] -- Symlinking: /workspaces/irobot_workspace/install/include/turtlebot3_msgs/turtlebot3_msgs/msg/detail/sensor_state__rosidl_typesupport_fastrtps_c.h
[7.472s] -- Symlinking: /workspaces/irobot_workspace/install/include/turtlebot3_msgs/turtlebot3_msgs/msg/detail/sound__rosidl_typesupport_fastrtps_c.h
[7.477s] -- Symlinking: /workspaces/irobot_workspace/install/include/turtlebot3_msgs/turtlebot3_msgs/msg/detail/version_info__rosidl_typesupport_fastrtps_c.h
[7.485s] -- Symlinking: /workspaces/irobot_workspace/install/include/turtlebot3_msgs/turtlebot3_msgs/msg/rosidl_typesupport_fastrtps_c__visibility_control.h
[7.490s] -- Symlinking: /workspaces/irobot_workspace/install/include/turtlebot3_msgs/turtlebot3_msgs/srv/detail/dqn__rosidl_typesupport_fastrtps_c.h
[7.497s] -- Symlinking: /workspaces/irobot_workspace/install/include/turtlebot3_msgs/turtlebot3_msgs/srv/detail/sound__rosidl_typesupport_fastrtps_c.h
[7.503s] -- Symlinking: /workspaces/irobot_workspace/install/include/turtlebot3_msgs/turtlebot3_msgs/action/detail/patrol__builder.hpp
[7.509s] -- Symlinking: /workspaces/irobot_workspace/install/include/turtlebot3_msgs/turtlebot3_msgs/action/detail/patrol__struct.hpp
[7.514s] -- Symlinking: /workspaces/irobot_workspace/install/include/turtlebot3_msgs/turtlebot3_msgs/action/detail/patrol__traits.hpp
[7.520s] -- Symlinking: /workspaces/irobot_workspace/install/include/turtlebot3_msgs/turtlebot3_msgs/action/patrol.hpp
[7.525s] -- Symlinking: /workspaces/irobot_workspace/install/include/turtlebot3_msgs/turtlebot3_msgs/msg/detail/sensor_state__builder.hpp
[7.532s] -- Symlinking: /workspaces/irobot_workspace/install/include/turtlebot3_msgs/turtlebot3_msgs/msg/detail/sensor_state__struct.hpp
[7.538s] -- Symlinking: /workspaces/irobot_workspace/install/include/turtlebot3_msgs/turtlebot3_msgs/msg/detail/sensor_state__traits.hpp
[7.543s] -- Symlinking: /workspaces/irobot_workspace/install/include/turtlebot3_msgs/turtlebot3_msgs/msg/detail/sound__builder.hpp
[7.550s] -- Symlinking: /workspaces/irobot_workspace/install/include/turtlebot3_msgs/turtlebot3_msgs/msg/detail/sound__struct.hpp
[7.556s] -- Symlinking: /workspaces/irobot_workspace/install/include/turtlebot3_msgs/turtlebot3_msgs/msg/detail/sound__traits.hpp
[7.562s] -- Symlinking: /workspaces/irobot_workspace/install/include/turtlebot3_msgs/turtlebot3_msgs/msg/detail/version_info__builder.hpp
[7.568s] -- Symlinking: /workspaces/irobot_workspace/install/include/turtlebot3_msgs/turtlebot3_msgs/msg/detail/version_info__struct.hpp
[7.573s] -- Symlinking: /workspaces/irobot_workspace/install/include/turtlebot3_msgs/turtlebot3_msgs/msg/detail/version_info__traits.hpp
[7.581s] -- Symlinking: /workspaces/irobot_workspace/install/include/turtlebot3_msgs/turtlebot3_msgs/msg/sensor_state.hpp
[7.587s] -- Symlinking: /workspaces/irobot_workspace/install/include/turtlebot3_msgs/turtlebot3_msgs/msg/sound.hpp
[7.593s] -- Symlinking: /workspaces/irobot_workspace/install/include/turtlebot3_msgs/turtlebot3_msgs/msg/version_info.hpp
[7.600s] -- Symlinking: /workspaces/irobot_workspace/install/include/turtlebot3_msgs/turtlebot3_msgs/srv/detail/dqn__builder.hpp
[7.607s] -- Symlinking: /workspaces/irobot_workspace/install/include/turtlebot3_msgs/turtlebot3_msgs/srv/detail/dqn__struct.hpp
[7.613s] -- Symlinking: /workspaces/irobot_workspace/install/include/turtlebot3_msgs/turtlebot3_msgs/srv/detail/dqn__traits.hpp
[7.618s] -- Symlinking: /workspaces/irobot_workspace/install/include/turtlebot3_msgs/turtlebot3_msgs/srv/detail/sound__builder.hpp
[7.623s] -- Symlinking: /workspaces/irobot_workspace/install/include/turtlebot3_msgs/turtlebot3_msgs/srv/detail/sound__struct.hpp
[7.630s] -- Symlinking: /workspaces/irobot_workspace/install/include/turtlebot3_msgs/turtlebot3_msgs/srv/detail/sound__traits.hpp
[7.636s] -- Symlinking: /workspaces/irobot_workspace/install/include/turtlebot3_msgs/turtlebot3_msgs/srv/dqn.hpp
[7.641s] -- Symlinking: /workspaces/irobot_workspace/install/include/turtlebot3_msgs/turtlebot3_msgs/srv/sound.hpp
[7.648s] -- Symlinking: /workspaces/irobot_workspace/install/include/turtlebot3_msgs/turtlebot3_msgs/action/detail/patrol__rosidl_typesupport_fastrtps_cpp.hpp
[7.653s] -- Symlinking: /workspaces/irobot_workspace/install/include/turtlebot3_msgs/turtlebot3_msgs/msg/detail/sensor_state__rosidl_typesupport_fastrtps_cpp.hpp
[7.659s] -- Symlinking: /workspaces/irobot_workspace/install/include/turtlebot3_msgs/turtlebot3_msgs/msg/detail/sound__rosidl_typesupport_fastrtps_cpp.hpp
[7.664s] -- Symlinking: /workspaces/irobot_workspace/install/include/turtlebot3_msgs/turtlebot3_msgs/msg/detail/version_info__rosidl_typesupport_fastrtps_cpp.hpp
[7.670s] -- Symlinking: /workspaces/irobot_workspace/install/include/turtlebot3_msgs/turtlebot3_msgs/msg/rosidl_typesupport_fastrtps_cpp__visibility_control.h
[7.675s] -- Symlinking: /workspaces/irobot_workspace/install/include/turtlebot3_msgs/turtlebot3_msgs/srv/detail/dqn__rosidl_typesupport_fastrtps_cpp.hpp
[7.682s] -- Symlinking: /workspaces/irobot_workspace/install/include/turtlebot3_msgs/turtlebot3_msgs/srv/detail/sound__rosidl_typesupport_fastrtps_cpp.hpp
[7.689s] -- Symlinking: /workspaces/irobot_workspace/install/include/turtlebot3_msgs/turtlebot3_msgs/action/detail/patrol__rosidl_typesupport_introspection_c.h
[7.694s] -- Symlinking: /workspaces/irobot_workspace/install/include/turtlebot3_msgs/turtlebot3_msgs/msg/detail/sensor_state__rosidl_typesupport_introspection_c.h
[7.700s] -- Symlinking: /workspaces/irobot_workspace/install/include/turtlebot3_msgs/turtlebot3_msgs/msg/detail/sound__rosidl_typesupport_introspection_c.h
[7.707s] -- Symlinking: /workspaces/irobot_workspace/install/include/turtlebot3_msgs/turtlebot3_msgs/msg/detail/version_info__rosidl_typesupport_introspection_c.h
[7.713s] -- Symlinking: /workspaces/irobot_workspace/install/include/turtlebot3_msgs/turtlebot3_msgs/msg/rosidl_typesupport_introspection_c__visibility_control.h
[7.719s] -- Symlinking: /workspaces/irobot_workspace/install/include/turtlebot3_msgs/turtlebot3_msgs/srv/detail/dqn__rosidl_typesupport_introspection_c.h
[7.724s] -- Symlinking: /workspaces/irobot_workspace/install/include/turtlebot3_msgs/turtlebot3_msgs/srv/detail/sound__rosidl_typesupport_introspection_c.h
[7.730s] -- Symlinking: /workspaces/irobot_workspace/install/include/turtlebot3_msgs/turtlebot3_msgs/action/detail/patrol__rosidl_typesupport_introspection_cpp.hpp
[7.735s] -- Symlinking: /workspaces/irobot_workspace/install/include/turtlebot3_msgs/turtlebot3_msgs/msg/detail/sensor_state__rosidl_typesupport_introspection_cpp.hpp
[7.740s] -- Symlinking: /workspaces/irobot_workspace/install/include/turtlebot3_msgs/turtlebot3_msgs/msg/detail/sound__rosidl_typesupport_introspection_cpp.hpp
[7.746s] -- Symlinking: /workspaces/irobot_workspace/install/include/turtlebot3_msgs/turtlebot3_msgs/msg/detail/version_info__rosidl_typesupport_introspection_cpp.hpp
[7.752s] -- Symlinking: /workspaces/irobot_workspace/install/include/turtlebot3_msgs/turtlebot3_msgs/srv/detail/dqn__rosidl_typesupport_introspection_cpp.hpp
[7.758s] -- Symlinking: /workspaces/irobot_workspace/install/include/turtlebot3_msgs/turtlebot3_msgs/srv/detail/sound__rosidl_typesupport_introspection_cpp.hpp
[7.763s] -- Symlinking: /workspaces/irobot_workspace/install/share/turtlebot3_msgs/environment/pythonpath.sh
[7.769s] -- Symlinking: /workspaces/irobot_workspace/install/share/turtlebot3_msgs/environment/pythonpath.dsv
[7.775s] -- Symlinking: /workspaces/irobot_workspace/install/local/lib/python3.10/dist-packages/turtlebot3_msgs-2.2.3-py3.10.egg-info/PKG-INFO
[7.780s] -- Symlinking: /workspaces/irobot_workspace/install/local/lib/python3.10/dist-packages/turtlebot3_msgs-2.2.3-py3.10.egg-info/SOURCES.txt
[7.785s] -- Symlinking: /workspaces/irobot_workspace/install/local/lib/python3.10/dist-packages/turtlebot3_msgs-2.2.3-py3.10.egg-info/dependency_links.txt
[7.792s] -- Symlinking: /workspaces/irobot_workspace/install/local/lib/python3.10/dist-packages/turtlebot3_msgs-2.2.3-py3.10.egg-info/top_level.txt
[7.799s] -- Symlinking: /workspaces/irobot_workspace/install/local/lib/python3.10/dist-packages/turtlebot3_msgs/__init__.py
[7.804s] -- Symlinking: /workspaces/irobot_workspace/install/local/lib/python3.10/dist-packages/turtlebot3_msgs/_turtlebot3_msgs_s.ep.rosidl_typesupport_c.c
[7.811s] -- Symlinking: /workspaces/irobot_workspace/install/local/lib/python3.10/dist-packages/turtlebot3_msgs/_turtlebot3_msgs_s.ep.rosidl_typesupport_fastrtps_c.c
[7.817s] -- Symlinking: /workspaces/irobot_workspace/install/local/lib/python3.10/dist-packages/turtlebot3_msgs/_turtlebot3_msgs_s.ep.rosidl_typesupport_introspection_c.c
[7.825s] -- Symlinking: /workspaces/irobot_workspace/install/local/lib/python3.10/dist-packages/turtlebot3_msgs/action/__init__.py
[7.834s] -- Symlinking: /workspaces/irobot_workspace/install/local/lib/python3.10/dist-packages/turtlebot3_msgs/action/_patrol.py
[7.840s] -- Symlinking: /workspaces/irobot_workspace/install/local/lib/python3.10/dist-packages/turtlebot3_msgs/action/_patrol_s.c
[7.848s] -- Symlinking: /workspaces/irobot_workspace/install/local/lib/python3.10/dist-packages/turtlebot3_msgs/libturtlebot3_msgs__rosidl_generator_py.so
[7.854s] -- Symlinking: /workspaces/irobot_workspace/install/local/lib/python3.10/dist-packages/turtlebot3_msgs/msg/__init__.py
[7.861s] -- Symlinking: /workspaces/irobot_workspace/install/local/lib/python3.10/dist-packages/turtlebot3_msgs/msg/_sensor_state.py
[7.868s] -- Symlinking: /workspaces/irobot_workspace/install/local/lib/python3.10/dist-packages/turtlebot3_msgs/msg/_sensor_state_s.c
[7.873s] -- Symlinking: /workspaces/irobot_workspace/install/local/lib/python3.10/dist-packages/turtlebot3_msgs/msg/_sound.py
[7.878s] -- Symlinking: /workspaces/irobot_workspace/install/local/lib/python3.10/dist-packages/turtlebot3_msgs/msg/_sound_s.c
[7.884s] -- Symlinking: /workspaces/irobot_workspace/install/local/lib/python3.10/dist-packages/turtlebot3_msgs/msg/_version_info.py
[7.889s] -- Symlinking: /workspaces/irobot_workspace/install/local/lib/python3.10/dist-packages/turtlebot3_msgs/msg/_version_info_s.c
[7.895s] -- Symlinking: /workspaces/irobot_workspace/install/local/lib/python3.10/dist-packages/turtlebot3_msgs/srv/__init__.py
[7.903s] -- Symlinking: /workspaces/irobot_workspace/install/local/lib/python3.10/dist-packages/turtlebot3_msgs/srv/_dqn.py
[7.908s] -- Symlinking: /workspaces/irobot_workspace/install/local/lib/python3.10/dist-packages/turtlebot3_msgs/srv/_dqn_s.c
[7.913s] -- Symlinking: /workspaces/irobot_workspace/install/local/lib/python3.10/dist-packages/turtlebot3_msgs/srv/_sound.py
[7.919s] -- Symlinking: /workspaces/irobot_workspace/install/local/lib/python3.10/dist-packages/turtlebot3_msgs/srv/_sound_s.c
[7.926s] -- Symlinking: /workspaces/irobot_workspace/install/local/lib/python3.10/dist-packages/turtlebot3_msgs/turtlebot3_msgs_s__rosidl_typesupport_c.cpython-310-x86_64-linux-gnu.so
[7.933s] -- Symlinking: /workspaces/irobot_workspace/install/local/lib/python3.10/dist-packages/turtlebot3_msgs/turtlebot3_msgs_s__rosidl_typesupport_fastrtps_c.cpython-310-x86_64-linux-gnu.so
[7.939s] -- Symlinking: /workspaces/irobot_workspace/install/local/lib/python3.10/dist-packages/turtlebot3_msgs/turtlebot3_msgs_s__rosidl_typesupport_introspection_c.cpython-310-x86_64-linux-gnu.so
[7.946s] -- Up-to-date symlink: /workspaces/irobot_workspace/install/local/lib/python3.10/dist-packages/turtlebot3_msgs/turtlebot3_msgs_s__rosidl_typesupport_fastrtps_c.cpython-310-x86_64-linux-gnu.so
[7.947s] -- Up-to-date symlink: /workspaces/irobot_workspace/install/local/lib/python3.10/dist-packages/turtlebot3_msgs/turtlebot3_msgs_s__rosidl_typesupport_introspection_c.cpython-310-x86_64-linux-gnu.so
[7.947s] -- Up-to-date symlink: /workspaces/irobot_workspace/install/local/lib/python3.10/dist-packages/turtlebot3_msgs/turtlebot3_msgs_s__rosidl_typesupport_c.cpython-310-x86_64-linux-gnu.so
[7.947s] -- Symlinking: /workspaces/irobot_workspace/install/share/turtlebot3_msgs/msg/SensorState.idl
[7.953s] -- Symlinking: /workspaces/irobot_workspace/install/share/turtlebot3_msgs/msg/Sound.idl
[7.960s] -- Symlinking: /workspaces/irobot_workspace/install/share/turtlebot3_msgs/msg/VersionInfo.idl
[7.968s] -- Symlinking: /workspaces/irobot_workspace/install/share/turtlebot3_msgs/srv/Sound.idl
[7.974s] -- Symlinking: /workspaces/irobot_workspace/install/share/turtlebot3_msgs/srv/Dqn.idl
[7.979s] -- Symlinking: /workspaces/irobot_workspace/install/share/turtlebot3_msgs/action/Patrol.idl
[7.989s] -- Symlinking: /workspaces/irobot_workspace/install/share/turtlebot3_msgs/msg/SensorState.msg
[7.996s] -- Symlinking: /workspaces/irobot_workspace/install/share/turtlebot3_msgs/msg/Sound.msg
[8.013s] -- Symlinking: /workspaces/irobot_workspace/install/share/turtlebot3_msgs/msg/VersionInfo.msg
[8.019s] -- Symlinking: /workspaces/irobot_workspace/install/share/turtlebot3_msgs/srv/Sound.srv
[8.027s] -- Symlinking: /workspaces/irobot_workspace/install/share/turtlebot3_msgs/srv/Sound_Request.msg
[8.033s] -- Symlinking: /workspaces/irobot_workspace/install/share/turtlebot3_msgs/srv/Sound_Response.msg
[8.039s] -- Symlinking: /workspaces/irobot_workspace/install/share/turtlebot3_msgs/srv/Dqn.srv
[8.044s] -- Symlinking: /workspaces/irobot_workspace/install/share/turtlebot3_msgs/srv/Dqn_Request.msg
[8.050s] -- Symlinking: /workspaces/irobot_workspace/install/share/turtlebot3_msgs/srv/Dqn_Response.msg
[8.055s] -- Symlinking: /workspaces/irobot_workspace/install/share/turtlebot3_msgs/action/Patrol.action
[8.061s] -- Symlinking: /workspaces/irobot_workspace/install/share/ament_index/resource_index/package_run_dependencies/turtlebot3_msgs
[8.067s] -- Symlinking: /workspaces/irobot_workspace/install/share/ament_index/resource_index/parent_prefix_path/turtlebot3_msgs
[8.072s] -- Symlinking: /workspaces/irobot_workspace/install/share/turtlebot3_msgs/environment/ament_prefix_path.sh
[8.078s] -- Symlinking: /workspaces/irobot_workspace/install/share/turtlebot3_msgs/environment/ament_prefix_path.dsv
[8.084s] -- Symlinking: /workspaces/irobot_workspace/install/share/turtlebot3_msgs/environment/path.sh
[8.093s] -- Symlinking: /workspaces/irobot_workspace/install/share/turtlebot3_msgs/environment/path.dsv
[8.101s] -- Symlinking: /workspaces/irobot_workspace/install/share/turtlebot3_msgs/local_setup.bash
[8.107s] -- Symlinking: /workspaces/irobot_workspace/install/share/turtlebot3_msgs/local_setup.sh
[8.113s] -- Symlinking: /workspaces/irobot_workspace/install/share/turtlebot3_msgs/local_setup.zsh
[8.121s] -- Symlinking: /workspaces/irobot_workspace/install/share/turtlebot3_msgs/local_setup.dsv
[8.127s] -- Symlinking: /workspaces/irobot_workspace/install/share/turtlebot3_msgs/package.dsv
[8.134s] -- Symlinking: /workspaces/irobot_workspace/install/share/ament_index/resource_index/packages/turtlebot3_msgs
[8.140s] -- Symlinking: /workspaces/irobot_workspace/install/share/turtlebot3_msgs/cmake/rosidl_cmake-extras.cmake
[8.151s] -- Symlinking: /workspaces/irobot_workspace/install/share/turtlebot3_msgs/cmake/ament_cmake_export_dependencies-extras.cmake
[8.164s] -- Symlinking: /workspaces/irobot_workspace/install/share/turtlebot3_msgs/cmake/ament_cmake_export_include_directories-extras.cmake
[8.172s] -- Symlinking: /workspaces/irobot_workspace/install/share/turtlebot3_msgs/cmake/ament_cmake_export_libraries-extras.cmake
[8.179s] -- Symlinking: /workspaces/irobot_workspace/install/share/turtlebot3_msgs/cmake/ament_cmake_export_targets-extras.cmake
[8.184s] -- Symlinking: /workspaces/irobot_workspace/install/share/turtlebot3_msgs/cmake/rosidl_cmake_export_typesupport_targets-extras.cmake
[8.196s] -- Symlinking: /workspaces/irobot_workspace/install/share/turtlebot3_msgs/cmake/rosidl_cmake_export_typesupport_libraries-extras.cmake
[8.206s] -- Symlinking: /workspaces/irobot_workspace/install/share/turtlebot3_msgs/cmake/turtlebot3_msgsConfig.cmake
[8.214s] -- Symlinking: /workspaces/irobot_workspace/install/share/turtlebot3_msgs/cmake/turtlebot3_msgsConfig-version.cmake
[8.220s] -- Symlinking: /workspaces/irobot_workspace/install/share/turtlebot3_msgs/package.xml
[8.226s] -- Installing: /workspaces/irobot_workspace/install/lib/libturtlebot3_msgs__rosidl_generator_c.so
[8.226s] -- Set runtime path of "/workspaces/irobot_workspace/install/lib/libturtlebot3_msgs__rosidl_generator_c.so" to ""
[8.226s] -- Installing: /workspaces/irobot_workspace/install/lib/libturtlebot3_msgs__rosidl_typesupport_fastrtps_c.so
[8.227s] -- Set runtime path of "/workspaces/irobot_workspace/install/lib/libturtlebot3_msgs__rosidl_typesupport_fastrtps_c.so" to ""
[8.227s] -- Installing: /workspaces/irobot_workspace/install/lib/libturtlebot3_msgs__rosidl_typesupport_fastrtps_cpp.so
[8.228s] -- Set runtime path of "/workspaces/irobot_workspace/install/lib/libturtlebot3_msgs__rosidl_typesupport_fastrtps_cpp.so" to ""
[8.228s] -- Installing: /workspaces/irobot_workspace/install/lib/libturtlebot3_msgs__rosidl_typesupport_introspection_c.so
[8.228s] -- Set runtime path of "/workspaces/irobot_workspace/install/lib/libturtlebot3_msgs__rosidl_typesupport_introspection_c.so" to ""
[8.228s] -- Installing: /workspaces/irobot_workspace/install/lib/libturtlebot3_msgs__rosidl_typesupport_c.so
[8.229s] -- Set runtime path of "/workspaces/irobot_workspace/install/lib/libturtlebot3_msgs__rosidl_typesupport_c.so" to ""
[8.229s] -- Installing: /workspaces/irobot_workspace/install/lib/libturtlebot3_msgs__rosidl_typesupport_introspection_cpp.so
[8.230s] -- Set runtime path of "/workspaces/irobot_workspace/install/lib/libturtlebot3_msgs__rosidl_typesupport_introspection_cpp.so" to ""
[8.230s] -- Installing: /workspaces/irobot_workspace/install/lib/libturtlebot3_msgs__rosidl_typesupport_cpp.so
[8.230s] -- Set runtime path of "/workspaces/irobot_workspace/install/lib/libturtlebot3_msgs__rosidl_typesupport_cpp.so" to ""
[8.277s] Listing '/workspaces/irobot_workspace/install/local/lib/python3.10/dist-packages/turtlebot3_msgs'...
[8.277s] Compiling '/workspaces/irobot_workspace/install/local/lib/python3.10/dist-packages/turtlebot3_msgs/__init__.py'...
[8.277s] Listing '/workspaces/irobot_workspace/install/local/lib/python3.10/dist-packages/turtlebot3_msgs/action'...
[8.277s] Compiling '/workspaces/irobot_workspace/install/local/lib/python3.10/dist-packages/turtlebot3_msgs/action/__init__.py'...
[8.277s] Compiling '/workspaces/irobot_workspace/install/local/lib/python3.10/dist-packages/turtlebot3_msgs/action/_patrol.py'...
[8.277s] Listing '/workspaces/irobot_workspace/install/local/lib/python3.10/dist-packages/turtlebot3_msgs/msg'...
[8.277s] Compiling '/workspaces/irobot_workspace/install/local/lib/python3.10/dist-packages/turtlebot3_msgs/msg/__init__.py'...
[8.277s] Compiling '/workspaces/irobot_workspace/install/local/lib/python3.10/dist-packages/turtlebot3_msgs/msg/_sensor_state.py'...
[8.277s] Compiling '/workspaces/irobot_workspace/install/local/lib/python3.10/dist-packages/turtlebot3_msgs/msg/_sound.py'...
[8.277s] Compiling '/workspaces/irobot_workspace/install/local/lib/python3.10/dist-packages/turtlebot3_msgs/msg/_version_info.py'...
[8.277s] Listing '/workspaces/irobot_workspace/install/local/lib/python3.10/dist-packages/turtlebot3_msgs/srv'...
[8.277s] Compiling '/workspaces/irobot_workspace/install/local/lib/python3.10/dist-packages/turtlebot3_msgs/srv/__init__.py'...
[8.278s] Compiling '/workspaces/irobot_workspace/install/local/lib/python3.10/dist-packages/turtlebot3_msgs/srv/_dqn.py'...
[8.278s] Compiling '/workspaces/irobot_workspace/install/local/lib/python3.10/dist-packages/turtlebot3_msgs/srv/_sound.py'...
[8.282s] -- Installing: /workspaces/irobot_workspace/install/lib/libturtlebot3_msgs__rosidl_generator_py.so
[8.282s] -- Set runtime path of "/workspaces/irobot_workspace/install/lib/libturtlebot3_msgs__rosidl_generator_py.so" to ""
[8.283s] -- Installing: /workspaces/irobot_workspace/install/share/turtlebot3_msgs/cmake/export_turtlebot3_msgs__rosidl_generator_cExport.cmake
[8.283s] -- Installing: /workspaces/irobot_workspace/install/share/turtlebot3_msgs/cmake/export_turtlebot3_msgs__rosidl_generator_cExport-relwithdebinfo.cmake
[8.283s] -- Installing: /workspaces/irobot_workspace/install/share/turtlebot3_msgs/cmake/export_turtlebot3_msgs__rosidl_typesupport_fastrtps_cExport.cmake
[8.283s] -- Installing: /workspaces/irobot_workspace/install/share/turtlebot3_msgs/cmake/export_turtlebot3_msgs__rosidl_typesupport_fastrtps_cExport-relwithdebinfo.cmake
[8.283s] -- Installing: /workspaces/irobot_workspace/install/share/turtlebot3_msgs/cmake/export_turtlebot3_msgs__rosidl_generator_cppExport.cmake
[8.283s] -- Installing: /workspaces/irobot_workspace/install/share/turtlebot3_msgs/cmake/export_turtlebot3_msgs__rosidl_typesupport_fastrtps_cppExport.cmake
[8.283s] -- Installing: /workspaces/irobot_workspace/install/share/turtlebot3_msgs/cmake/export_turtlebot3_msgs__rosidl_typesupport_fastrtps_cppExport-relwithdebinfo.cmake
[8.283s] -- Installing: /workspaces/irobot_workspace/install/share/turtlebot3_msgs/cmake/turtlebot3_msgs__rosidl_typesupport_introspection_cExport.cmake
[8.284s] -- Installing: /workspaces/irobot_workspace/install/share/turtlebot3_msgs/cmake/turtlebot3_msgs__rosidl_typesupport_introspection_cExport-relwithdebinfo.cmake
[8.284s] -- Installing: /workspaces/irobot_workspace/install/share/turtlebot3_msgs/cmake/turtlebot3_msgs__rosidl_typesupport_cExport.cmake
[8.284s] -- Installing: /workspaces/irobot_workspace/install/share/turtlebot3_msgs/cmake/turtlebot3_msgs__rosidl_typesupport_cExport-relwithdebinfo.cmake
[8.284s] -- Installing: /workspaces/irobot_workspace/install/share/turtlebot3_msgs/cmake/turtlebot3_msgs__rosidl_typesupport_introspection_cppExport.cmake
[8.284s] -- Installing: /workspaces/irobot_workspace/install/share/turtlebot3_msgs/cmake/turtlebot3_msgs__rosidl_typesupport_introspection_cppExport-relwithdebinfo.cmake
[8.284s] -- Installing: /workspaces/irobot_workspace/install/share/turtlebot3_msgs/cmake/turtlebot3_msgs__rosidl_typesupport_cppExport.cmake
[8.284s] -- Installing: /workspaces/irobot_workspace/install/share/turtlebot3_msgs/cmake/turtlebot3_msgs__rosidl_typesupport_cppExport-relwithdebinfo.cmake
[8.284s] -- Installing: /workspaces/irobot_workspace/install/share/turtlebot3_msgs/cmake/export_turtlebot3_msgs__rosidl_generator_pyExport.cmake
[8.284s] -- Installing: /workspaces/irobot_workspace/install/share/turtlebot3_msgs/cmake/export_turtlebot3_msgs__rosidl_generator_pyExport-relwithdebinfo.cmake
[8.286s] Invoked command in '/workspaces/irobot_workspace/build/turtlebot3_msgs' returned '0': CMAKE_PREFIX_PATH=/opt/ros/humble /usr/bin/cmake --install /workspaces/irobot_workspace/build/turtlebot3_msgs
