[0.152s] Invoking command in '/workspaces/irobot_workspace/build/turtlebot3_node': CMAKE_PREFIX_PATH=${CMAKE_PREFIX_PATH}:/opt/ros/humble PYTHONPATH=/workspaces/irobot_workspace/install/lib/python3.10/site-packages:/workspaces/irobot_workspace/build/turtlebot3_teleop:/workspaces/irobot_workspace/build/turtlebot3_example:/workspaces/irobot_workspace/install/local/lib/python3.10/dist-packages:/opt/ros/humble/local/lib/python3.10/dist-packages:/opt/ros/humble/lib/python3.10/site-packages /usr/bin/cmake --build /workspaces/irobot_workspace/build/turtlebot3_node -- -j20 -l20
[0.449s] [ 85%] Built target turtlebot3_node_lib
[0.452s] [100%] Built target turtlebot3_ros
[0.581s] Invoked command in '/workspaces/irobot_workspace/build/turtlebot3_node' returned '0': CMAKE_PREFIX_PATH=${CMAKE_PREFIX_PATH}:/opt/ros/humble PYTHONPATH=/workspaces/irobot_workspace/install/lib/python3.10/site-packages:/workspaces/irobot_workspace/build/turtlebot3_teleop:/workspaces/irobot_workspace/build/turtlebot3_example:/workspaces/irobot_workspace/install/local/lib/python3.10/dist-packages:/opt/ros/humble/local/lib/python3.10/dist-packages:/opt/ros/humble/lib/python3.10/site-packages /usr/bin/cmake --build /workspaces/irobot_workspace/build/turtlebot3_node -- -j20 -l20
[0.671s] Invoking command in '/workspaces/irobot_workspace/build/turtlebot3_node': CMAKE_PREFIX_PATH=${CMAKE_PREFIX_PATH}:/opt/ros/humble PYTHONPATH=/workspaces/irobot_workspace/install/lib/python3.10/site-packages:/workspaces/irobot_workspace/build/turtlebot3_teleop:/workspaces/irobot_workspace/build/turtlebot3_example:/workspaces/irobot_workspace/install/local/lib/python3.10/dist-packages:/opt/ros/humble/local/lib/python3.10/dist-packages:/opt/ros/humble/lib/python3.10/site-packages /usr/bin/cmake --install /workspaces/irobot_workspace/build/turtlebot3_node
[0.690s] -- Install configuration: "RelWithDebInfo"
[0.693s] -- Execute custom install script
[0.694s] -- Up-to-date symlink: /workspaces/irobot_workspace/install/share/turtlebot3_node/param/burger.yaml
[0.694s] -- Up-to-date symlink: /workspaces/irobot_workspace/install/share/turtlebot3_node/param/waffle.yaml
[0.694s] -- Up-to-date symlink: /workspaces/irobot_workspace/install/share/turtlebot3_node/param/waffle_pi.yaml
[0.695s] -- Up-to-date symlink: /workspaces/irobot_workspace/install/lib/turtlebot3_node/turtlebot3_ros
[0.695s] -- Up-to-date symlink: /workspaces/irobot_workspace/install/share/ament_index/resource_index/package_run_dependencies/turtlebot3_node
[0.696s] -- Up-to-date symlink: /workspaces/irobot_workspace/install/share/ament_index/resource_index/parent_prefix_path/turtlebot3_node
[0.696s] -- Up-to-date symlink: /workspaces/irobot_workspace/install/share/turtlebot3_node/environment/ament_prefix_path.sh
[0.696s] -- Up-to-date symlink: /workspaces/irobot_workspace/install/share/turtlebot3_node/environment/ament_prefix_path.dsv
[0.696s] -- Up-to-date symlink: /workspaces/irobot_workspace/install/share/turtlebot3_node/environment/path.sh
[0.696s] -- Up-to-date symlink: /workspaces/irobot_workspace/install/share/turtlebot3_node/environment/path.dsv
[0.696s] -- Up-to-date symlink: /workspaces/irobot_workspace/install/share/turtlebot3_node/local_setup.bash
[0.697s] -- Up-to-date symlink: /workspaces/irobot_workspace/install/share/turtlebot3_node/local_setup.sh
[0.697s] -- Up-to-date symlink: /workspaces/irobot_workspace/install/share/turtlebot3_node/local_setup.zsh
[0.697s] -- Up-to-date symlink: /workspaces/irobot_workspace/install/share/turtlebot3_node/local_setup.dsv
[0.697s] -- Symlinking: /workspaces/irobot_workspace/install/share/turtlebot3_node/package.dsv
[0.712s] -- Up-to-date symlink: /workspaces/irobot_workspace/install/share/ament_index/resource_index/packages/turtlebot3_node
[0.713s] -- Up-to-date symlink: /workspaces/irobot_workspace/install/share/turtlebot3_node/cmake/ament_cmake_export_include_directories-extras.cmake
[0.713s] -- Up-to-date symlink: /workspaces/irobot_workspace/install/share/turtlebot3_node/cmake/turtlebot3_nodeConfig.cmake
[0.713s] -- Up-to-date symlink: /workspaces/irobot_workspace/install/share/turtlebot3_node/cmake/turtlebot3_nodeConfig-version.cmake
[0.713s] -- Up-to-date symlink: /workspaces/irobot_workspace/install/share/turtlebot3_node/package.xml
[0.760s] Invoked command in '/workspaces/irobot_workspace/build/turtlebot3_node' returned '0': CMAKE_PREFIX_PATH=${CMAKE_PREFIX_PATH}:/opt/ros/humble PYTHONPATH=/workspaces/irobot_workspace/install/lib/python3.10/site-packages:/workspaces/irobot_workspace/build/turtlebot3_teleop:/workspaces/irobot_workspace/build/turtlebot3_example:/workspaces/irobot_workspace/install/local/lib/python3.10/dist-packages:/opt/ros/humble/local/lib/python3.10/dist-packages:/opt/ros/humble/lib/python3.10/site-packages /usr/bin/cmake --install /workspaces/irobot_workspace/build/turtlebot3_node
