[0.178s] Invoking command in '/workspaces/irobot_workspace/build/dynamixel_sdk': CMAKE_PREFIX_PATH=/opt/ros/humble /usr/bin/cmake /workspaces/irobot_workspace/src/DynamixelSDK/dynamixel_sdk -DCMAKE_BUILD_TYPE=RelWithDebInfo -DCMAKE_EXPORT_COMPILE_COMMANDS=On -Wall -Wextra -Wpedantic -DAMENT_CMAKE_SYMLINK_INSTALL=1 -DCMAKE_INSTALL_PREFIX=/workspaces/irobot_workspace/install
[0.307s] -- The C compiler identification is GNU 11.4.0
[0.391s] -- The CXX compiler identification is GNU 11.4.0
[0.399s] -- Detecting C compiler ABI info
[0.453s] -- Detecting C compiler ABI info - done
[0.460s] -- Check for working C compiler: /usr/bin/cc - skipped
[0.460s] -- Detecting C compile features
[0.461s] -- Detecting C compile features - done
[0.463s] -- Detecting CXX compiler ABI info
[0.519s] -- Detecting CXX compiler ABI info - done
[0.523s] -- Check for working CXX compiler: /usr/bin/c++ - skipped
[0.523s] -- Detecting CXX compile features
[0.524s] -- Detecting CXX compile features - done
[0.532s] -- Found ament_cmake: 1.3.7 (/opt/ros/humble/share/ament_cmake/cmake)
[0.632s] -- Found Python3: /usr/bin/python3.10 (found version "3.10.12") found components: Interpreter 
[0.681s] -- Override CMake install command with custom implementation using symlinks instead of copying resources
[0.771s] -- Configuring done
[0.779s] -- Generating done
[0.779s] -- Build files have been written to: /workspaces/irobot_workspace/build/dynamixel_sdk
[0.783s] Invoked command in '/workspaces/irobot_workspace/build/dynamixel_sdk' returned '0': CMAKE_PREFIX_PATH=/opt/ros/humble /usr/bin/cmake /workspaces/irobot_workspace/src/DynamixelSDK/dynamixel_sdk -DCMAKE_BUILD_TYPE=RelWithDebInfo -DCMAKE_EXPORT_COMPILE_COMMANDS=On -Wall -Wextra -Wpedantic -DAMENT_CMAKE_SYMLINK_INSTALL=1 -DCMAKE_INSTALL_PREFIX=/workspaces/irobot_workspace/install
[0.784s] Invoking command in '/workspaces/irobot_workspace/build/dynamixel_sdk': CMAKE_PREFIX_PATH=/opt/ros/humble /usr/bin/cmake --build /workspaces/irobot_workspace/build/dynamixel_sdk -- -j20 -l20
[0.815s] [ 30%] [32mBuilding CXX object CMakeFiles/dynamixel_sdk.dir/src/dynamixel_sdk/group_sync_read.cpp.o[0m
[0.815s] [ 30%] [32mBuilding CXX object CMakeFiles/dynamixel_sdk.dir/src/dynamixel_sdk/packet_handler.cpp.o[0m
[0.815s] [ 30%] [32mBuilding CXX object CMakeFiles/dynamixel_sdk.dir/src/dynamixel_sdk/protocol1_packet_handler.cpp.o[0m
[0.816s] [ 40%] [32mBuilding CXX object CMakeFiles/dynamixel_sdk.dir/src/dynamixel_sdk/group_bulk_write.cpp.o[0m
[0.816s] [ 50%] [32mBuilding CXX object CMakeFiles/dynamixel_sdk.dir/src/dynamixel_sdk/group_bulk_read.cpp.o[0m
[0.816s] [ 80%] [32mBuilding CXX object CMakeFiles/dynamixel_sdk.dir/src/dynamixel_sdk/port_handler.cpp.o[0m
[0.816s] [ 80%] [32mBuilding CXX object CMakeFiles/dynamixel_sdk.dir/src/dynamixel_sdk/port_handler_linux.cpp.o[0m
[0.816s] [ 80%] [32mBuilding CXX object CMakeFiles/dynamixel_sdk.dir/src/dynamixel_sdk/group_sync_write.cpp.o[0m
[0.816s] [ 90%] [32mBuilding CXX object CMakeFiles/dynamixel_sdk.dir/src/dynamixel_sdk/protocol2_packet_handler.cpp.o[0m
[1.516s] [100%] [32m[1mLinking CXX shared library libdynamixel_sdk.so[0m
[1.565s] [100%] Built target dynamixel_sdk
[1.572s] Invoked command in '/workspaces/irobot_workspace/build/dynamixel_sdk' returned '0': CMAKE_PREFIX_PATH=/opt/ros/humble /usr/bin/cmake --build /workspaces/irobot_workspace/build/dynamixel_sdk -- -j20 -l20
[1.596s] Invoking command in '/workspaces/irobot_workspace/build/dynamixel_sdk': CMAKE_PREFIX_PATH=/opt/ros/humble /usr/bin/cmake --install /workspaces/irobot_workspace/build/dynamixel_sdk
[1.601s] -- Install configuration: "RelWithDebInfo"
[1.601s] -- Execute custom install script
[1.602s] -- Symlinking: /workspaces/irobot_workspace/install/include//dynamixel_sdk/dynamixel_sdk.h
[1.607s] -- Symlinking: /workspaces/irobot_workspace/install/include//dynamixel_sdk/group_bulk_read.h
[1.613s] -- Symlinking: /workspaces/irobot_workspace/install/include//dynamixel_sdk/group_bulk_write.h
[1.618s] -- Symlinking: /workspaces/irobot_workspace/install/include//dynamixel_sdk/group_sync_read.h
[1.624s] -- Symlinking: /workspaces/irobot_workspace/install/include//dynamixel_sdk/group_sync_write.h
[1.630s] -- Symlinking: /workspaces/irobot_workspace/install/include//dynamixel_sdk/packet_handler.h
[1.637s] -- Symlinking: /workspaces/irobot_workspace/install/include//dynamixel_sdk/port_handler.h
[1.644s] -- Symlinking: /workspaces/irobot_workspace/install/include//dynamixel_sdk/port_handler_arduino.h
[1.651s] -- Symlinking: /workspaces/irobot_workspace/install/include//dynamixel_sdk/port_handler_linux.h
[1.655s] -- Symlinking: /workspaces/irobot_workspace/install/include//dynamixel_sdk/port_handler_mac.h
[1.660s] -- Symlinking: /workspaces/irobot_workspace/install/include//dynamixel_sdk/port_handler_windows.h
[1.667s] -- Symlinking: /workspaces/irobot_workspace/install/include//dynamixel_sdk/protocol1_packet_handler.h
[1.674s] -- Symlinking: /workspaces/irobot_workspace/install/include//dynamixel_sdk/protocol2_packet_handler.h
[1.679s] -- Symlinking: /workspaces/irobot_workspace/install/lib/libdynamixel_sdk.so
[1.683s] -- Symlinking: /workspaces/irobot_workspace/install/share/dynamixel_sdk/environment/library_path.sh
[1.688s] -- Symlinking: /workspaces/irobot_workspace/install/share/dynamixel_sdk/environment/library_path.dsv
[1.693s] -- Symlinking: /workspaces/irobot_workspace/install/share/ament_index/resource_index/package_run_dependencies/dynamixel_sdk
[1.699s] -- Symlinking: /workspaces/irobot_workspace/install/share/ament_index/resource_index/parent_prefix_path/dynamixel_sdk
[1.704s] -- Symlinking: /workspaces/irobot_workspace/install/share/dynamixel_sdk/environment/ament_prefix_path.sh
[1.710s] -- Symlinking: /workspaces/irobot_workspace/install/share/dynamixel_sdk/environment/ament_prefix_path.dsv
[1.715s] -- Symlinking: /workspaces/irobot_workspace/install/share/dynamixel_sdk/environment/path.sh
[1.721s] -- Symlinking: /workspaces/irobot_workspace/install/share/dynamixel_sdk/environment/path.dsv
[1.727s] -- Symlinking: /workspaces/irobot_workspace/install/share/dynamixel_sdk/local_setup.bash
[1.735s] -- Symlinking: /workspaces/irobot_workspace/install/share/dynamixel_sdk/local_setup.sh
[1.741s] -- Symlinking: /workspaces/irobot_workspace/install/share/dynamixel_sdk/local_setup.zsh
[1.748s] -- Symlinking: /workspaces/irobot_workspace/install/share/dynamixel_sdk/local_setup.dsv
[1.754s] -- Symlinking: /workspaces/irobot_workspace/install/share/dynamixel_sdk/package.dsv
[1.760s] -- Symlinking: /workspaces/irobot_workspace/install/share/ament_index/resource_index/packages/dynamixel_sdk
[1.765s] -- Symlinking: /workspaces/irobot_workspace/install/share/dynamixel_sdk/cmake/ament_cmake_export_include_directories-extras.cmake
[1.769s] -- Symlinking: /workspaces/irobot_workspace/install/share/dynamixel_sdk/cmake/ament_cmake_export_libraries-extras.cmake
[1.775s] -- Symlinking: /workspaces/irobot_workspace/install/share/dynamixel_sdk/cmake/dynamixel_sdkConfig.cmake
[1.780s] -- Symlinking: /workspaces/irobot_workspace/install/share/dynamixel_sdk/cmake/dynamixel_sdkConfig-version.cmake
[1.786s] -- Symlinking: /workspaces/irobot_workspace/install/share/dynamixel_sdk/package.xml
[1.795s] Invoked command in '/workspaces/irobot_workspace/build/dynamixel_sdk' returned '0': CMAKE_PREFIX_PATH=/opt/ros/humble /usr/bin/cmake --install /workspaces/irobot_workspace/build/dynamixel_sdk
