-- The C compiler identification is GNU 11.4.0
-- The CXX compiler identification is GNU 11.4.0
-- Detecting C compiler ABI info
-- Detecting C compiler ABI info - done
-- Check for working C compiler: /usr/bin/cc - skipped
-- Detecting C compile features
-- Detecting C compile features - done
-- Detecting CXX compiler ABI info
-- Detecting CXX compiler ABI info - done
-- Check for working CXX compiler: /usr/bin/c++ - skipped
-- Detecting CXX compile features
-- Detecting CXX compile features - done
-- Found ament_cmake: 1.3.7 (/opt/ros/humble/share/ament_cmake/cmake)
-- Found Python3: /usr/bin/python3.10 (found version "3.10.12") found components: Interpreter 
-- Override CMake install command with custom implementation using symlinks instead of copying resources
-- Configuring done
-- Generating done
[33mCMake Warning:
  Manually-specified variables were not used by the project:

    CMAKE_EXPORT_COMPILE_COMMANDS

[0m
-- Build files have been written to: /workspaces/irobot_workspace/build/create_description
-- Install configuration: "RelWithDebInfo"
-- Execute custom install script
-- Symlinking: /workspaces/irobot_workspace/install/share/create_description/launch/create_1.launch
-- Symlinking: /workspaces/irobot_workspace/install/share/create_description/launch/create_2.launch
-- Symlinking: /workspaces/irobot_workspace/install/share/create_description/launch/roomba_400.launch
-- Symlinking: /workspaces/irobot_workspace/install/share/create_description/meshes/create_1.dae
-- Symlinking: /workspaces/irobot_workspace/install/share/create_description/meshes/create_1.tga
-- Symlinking: /workspaces/irobot_workspace/install/share/create_description/meshes/create_2.dae
-- Symlinking: /workspaces/irobot_workspace/install/share/create_description/urdf/create_1.urdf.xacro
-- Symlinking: /workspaces/irobot_workspace/install/share/create_description/urdf/create_1_gazebo.urdf.xacro
-- Symlinking: /workspaces/irobot_workspace/install/share/create_description/urdf/create_2.urdf.xacro
-- Symlinking: /workspaces/irobot_workspace/install/share/create_description/urdf/create_2_gazebo.urdf.xacro
-- Symlinking: /workspaces/irobot_workspace/install/share/create_description/urdf/create_base.urdf.xacro
-- Symlinking: /workspaces/irobot_workspace/install/share/create_description/urdf/create_base_gazebo.urdf.xacro
-- Symlinking: /workspaces/irobot_workspace/install/share/ament_index/resource_index/package_run_dependencies/create_description
-- Symlinking: /workspaces/irobot_workspace/install/share/ament_index/resource_index/parent_prefix_path/create_description
-- Symlinking: /workspaces/irobot_workspace/install/share/create_description/environment/ament_prefix_path.sh
-- Symlinking: /workspaces/irobot_workspace/install/share/create_description/environment/ament_prefix_path.dsv
-- Symlinking: /workspaces/irobot_workspace/install/share/create_description/environment/path.sh
-- Symlinking: /workspaces/irobot_workspace/install/share/create_description/environment/path.dsv
-- Symlinking: /workspaces/irobot_workspace/install/share/create_description/local_setup.bash
-- Symlinking: /workspaces/irobot_workspace/install/share/create_description/local_setup.sh
-- Symlinking: /workspaces/irobot_workspace/install/share/create_description/local_setup.zsh
-- Symlinking: /workspaces/irobot_workspace/install/share/create_description/local_setup.dsv
-- Symlinking: /workspaces/irobot_workspace/install/share/create_description/package.dsv
-- Symlinking: /workspaces/irobot_workspace/install/share/ament_index/resource_index/packages/create_description
-- Symlinking: /workspaces/irobot_workspace/install/share/create_description/cmake/create_descriptionConfig.cmake
-- Symlinking: /workspaces/irobot_workspace/install/share/create_description/cmake/create_descriptionConfig-version.cmake
-- Symlinking: /workspaces/irobot_workspace/install/share/create_description/package.xml
