[0.239s] Invoking command in '/workspaces/irobot_workspace/build/create_description': CMAKE_PREFIX_PATH=${CMAKE_PREFIX_PATH}:/opt/ros/humble /usr/bin/cmake /workspaces/irobot_workspace/src/create_robot/create_description -DCMAKE_BUILD_TYPE=RelWithDebInfo -DCMAKE_EXPORT_COMPILE_COMMANDS=On -Wall -Wextra -Wpedantic -DAMENT_CMAKE_SYMLINK_INSTALL=1 -DCMAKE_INSTALL_PREFIX=/workspaces/irobot_workspace/install
[0.539s] -- The C compiler identification is GNU 11.4.0
[0.539s] -- The CXX compiler identification is GNU 11.4.0
[0.553s] -- Detecting C compiler ABI info
[0.555s] -- Detecting C compiler ABI info - done
[0.571s] -- Check for working C compiler: /usr/bin/cc - skipped
[0.571s] -- Detecting C compile features
[0.571s] -- Detecting C compile features - done
[0.572s] -- Detecting CXX compiler ABI info
[0.616s] -- Detecting CXX compiler ABI info - done
[0.638s] -- Check for working CXX compiler: /usr/bin/c++ - skipped
[0.640s] -- Detecting CXX compile features
[0.640s] -- Detecting CXX compile features - done
[0.644s] -- Found ament_cmake: 1.3.7 (/opt/ros/humble/share/ament_cmake/cmake)
[0.732s] -- Found Python3: /usr/bin/python3.10 (found version "3.10.12") found components: Interpreter 
[0.781s] -- Override CMake install command with custom implementation using symlinks instead of copying resources
[0.863s] -- Configuring done
[0.865s] -- Generating done
[0.866s] [33mCMake Warning:
[0.866s]   Manually-specified variables were not used by the project:
[0.866s] 
[0.867s]     CMAKE_EXPORT_COMPILE_COMMANDS
[0.867s] 
[0.867s] [0m
[0.867s] -- Build files have been written to: /workspaces/irobot_workspace/build/create_description
[1.153s] Invoked command in '/workspaces/irobot_workspace/build/create_description' returned '0': CMAKE_PREFIX_PATH=${CMAKE_PREFIX_PATH}:/opt/ros/humble /usr/bin/cmake /workspaces/irobot_workspace/src/create_robot/create_description -DCMAKE_BUILD_TYPE=RelWithDebInfo -DCMAKE_EXPORT_COMPILE_COMMANDS=On -Wall -Wextra -Wpedantic -DAMENT_CMAKE_SYMLINK_INSTALL=1 -DCMAKE_INSTALL_PREFIX=/workspaces/irobot_workspace/install
[1.156s] Invoking command in '/workspaces/irobot_workspace/build/create_description': CMAKE_PREFIX_PATH=${CMAKE_PREFIX_PATH}:/opt/ros/humble /usr/bin/cmake --build /workspaces/irobot_workspace/build/create_description -- -j20 -l20
[1.426s] Invoked command in '/workspaces/irobot_workspace/build/create_description' returned '0': CMAKE_PREFIX_PATH=${CMAKE_PREFIX_PATH}:/opt/ros/humble /usr/bin/cmake --build /workspaces/irobot_workspace/build/create_description -- -j20 -l20
[1.542s] Invoking command in '/workspaces/irobot_workspace/build/create_description': CMAKE_PREFIX_PATH=${CMAKE_PREFIX_PATH}:/opt/ros/humble /usr/bin/cmake --install /workspaces/irobot_workspace/build/create_description
[1.612s] -- Install configuration: "RelWithDebInfo"
[1.613s] -- Execute custom install script
[1.613s] -- Symlinking: /workspaces/irobot_workspace/install/share/create_description/launch/create_1.launch
[1.613s] -- Symlinking: /workspaces/irobot_workspace/install/share/create_description/launch/create_2.launch
[1.614s] -- Symlinking: /workspaces/irobot_workspace/install/share/create_description/launch/roomba_400.launch
[1.614s] -- Symlinking: /workspaces/irobot_workspace/install/share/create_description/meshes/create_1.dae
[1.614s] -- Symlinking: /workspaces/irobot_workspace/install/share/create_description/meshes/create_1.tga
[1.614s] -- Symlinking: /workspaces/irobot_workspace/install/share/create_description/meshes/create_2.dae
[1.614s] -- Symlinking: /workspaces/irobot_workspace/install/share/create_description/urdf/create_1.urdf.xacro
[1.614s] -- Symlinking: /workspaces/irobot_workspace/install/share/create_description/urdf/create_1_gazebo.urdf.xacro
[1.624s] -- Symlinking: /workspaces/irobot_workspace/install/share/create_description/urdf/create_2.urdf.xacro
[1.633s] -- Symlinking: /workspaces/irobot_workspace/install/share/create_description/urdf/create_2_gazebo.urdf.xacro
[1.637s] -- Symlinking: /workspaces/irobot_workspace/install/share/create_description/urdf/create_base.urdf.xacro
[1.646s] -- Symlinking: /workspaces/irobot_workspace/install/share/create_description/urdf/create_base_gazebo.urdf.xacro
[1.652s] -- Symlinking: /workspaces/irobot_workspace/install/share/ament_index/resource_index/package_run_dependencies/create_description
[1.658s] -- Symlinking: /workspaces/irobot_workspace/install/share/ament_index/resource_index/parent_prefix_path/create_description
[1.665s] -- Symlinking: /workspaces/irobot_workspace/install/share/create_description/environment/ament_prefix_path.sh
[1.670s] -- Symlinking: /workspaces/irobot_workspace/install/share/create_description/environment/ament_prefix_path.dsv
[1.677s] -- Symlinking: /workspaces/irobot_workspace/install/share/create_description/environment/path.sh
[1.696s] -- Symlinking: /workspaces/irobot_workspace/install/share/create_description/environment/path.dsv
[1.708s] -- Symlinking: /workspaces/irobot_workspace/install/share/create_description/local_setup.bash
[1.715s] -- Symlinking: /workspaces/irobot_workspace/install/share/create_description/local_setup.sh
[1.730s] -- Symlinking: /workspaces/irobot_workspace/install/share/create_description/local_setup.zsh
[1.742s] -- Symlinking: /workspaces/irobot_workspace/install/share/create_description/local_setup.dsv
[1.749s] -- Symlinking: /workspaces/irobot_workspace/install/share/create_description/package.dsv
[1.764s] -- Symlinking: /workspaces/irobot_workspace/install/share/ament_index/resource_index/packages/create_description
[1.774s] -- Symlinking: /workspaces/irobot_workspace/install/share/create_description/cmake/create_descriptionConfig.cmake
[1.787s] -- Symlinking: /workspaces/irobot_workspace/install/share/create_description/cmake/create_descriptionConfig-version.cmake
[1.794s] -- Symlinking: /workspaces/irobot_workspace/install/share/create_description/package.xml
[2.064s] Invoked command in '/workspaces/irobot_workspace/build/create_description' returned '0': CMAKE_PREFIX_PATH=${CMAKE_PREFIX_PATH}:/opt/ros/humble /usr/bin/cmake --install /workspaces/irobot_workspace/build/create_description
