[0.158s] Invoking command in '/workspaces/irobot_workspace/build/turtlebot3_description': CMAKE_PREFIX_PATH=/opt/ros/humble /usr/bin/cmake /workspaces/irobot_workspace/src/turtlebot3/turtlebot3_description -DCMAKE_BUILD_TYPE=RelWithDebInfo -DCMAKE_EXPORT_COMPILE_COMMANDS=On -Wall -Wextra -Wpedantic -DAMENT_CMAKE_SYMLINK_INSTALL=1 -DCMAKE_INSTALL_PREFIX=/workspaces/irobot_workspace/install
[0.285s] -- The C compiler identification is GNU 11.4.0
[0.369s] -- The CXX compiler identification is GNU 11.4.0
[0.377s] -- Detecting C compiler ABI info
[0.436s] -- Detecting C compiler ABI info - done
[0.440s] -- Check for working C compiler: /usr/bin/cc - skipped
[0.441s] -- Detecting C compile features
[0.442s] -- Detecting C compile features - done
[0.442s] -- Detecting CXX compiler ABI info
[0.494s] -- Detecting CXX compiler ABI info - done
[0.499s] -- Check for working CXX compiler: /usr/bin/c++ - skipped
[0.499s] -- Detecting CXX compile features
[0.500s] -- Detecting CXX compile features - done
[0.510s] -- Found ament_cmake: 1.3.7 (/opt/ros/humble/share/ament_cmake/cmake)
[0.611s] -- Found Python3: /usr/bin/python3.10 (found version "3.10.12") found components: Interpreter 
[0.657s] -- Override CMake install command with custom implementation using symlinks instead of copying resources
[0.700s] -- Found urdf: 2.6.0 (/opt/ros/humble/share/urdf/cmake)
[0.807s] -- Configuring done
[0.810s] -- Generating done
[0.811s] [33mCMake Warning:
[0.811s]   Manually-specified variables were not used by the project:
[0.811s] 
[0.811s]     CMAKE_EXPORT_COMPILE_COMMANDS
[0.811s] 
[0.811s] [0m
[0.811s] -- Build files have been written to: /workspaces/irobot_workspace/build/turtlebot3_description
[0.818s] Invoked command in '/workspaces/irobot_workspace/build/turtlebot3_description' returned '0': CMAKE_PREFIX_PATH=/opt/ros/humble /usr/bin/cmake /workspaces/irobot_workspace/src/turtlebot3/turtlebot3_description -DCMAKE_BUILD_TYPE=RelWithDebInfo -DCMAKE_EXPORT_COMPILE_COMMANDS=On -Wall -Wextra -Wpedantic -DAMENT_CMAKE_SYMLINK_INSTALL=1 -DCMAKE_INSTALL_PREFIX=/workspaces/irobot_workspace/install
[0.820s] Invoking command in '/workspaces/irobot_workspace/build/turtlebot3_description': CMAKE_PREFIX_PATH=/opt/ros/humble /usr/bin/cmake --build /workspaces/irobot_workspace/build/turtlebot3_description -- -j20 -l20
[0.852s] Invoked command in '/workspaces/irobot_workspace/build/turtlebot3_description' returned '0': CMAKE_PREFIX_PATH=/opt/ros/humble /usr/bin/cmake --build /workspaces/irobot_workspace/build/turtlebot3_description -- -j20 -l20
[0.875s] Invoking command in '/workspaces/irobot_workspace/build/turtlebot3_description': CMAKE_PREFIX_PATH=/opt/ros/humble /usr/bin/cmake --install /workspaces/irobot_workspace/build/turtlebot3_description
[0.882s] -- Install configuration: "RelWithDebInfo"
[0.883s] -- Execute custom install script
[0.883s] -- Symlinking: /workspaces/irobot_workspace/install/share/turtlebot3_description/meshes/bases/burger_base.stl
[0.891s] -- Symlinking: /workspaces/irobot_workspace/install/share/turtlebot3_description/meshes/bases/waffle_base.stl
[0.899s] -- Symlinking: /workspaces/irobot_workspace/install/share/turtlebot3_description/meshes/bases/waffle_pi_base.stl
[0.906s] -- Symlinking: /workspaces/irobot_workspace/install/share/turtlebot3_description/meshes/sensors/astra.dae
[0.913s] -- Symlinking: /workspaces/irobot_workspace/install/share/turtlebot3_description/meshes/sensors/astra.jpg
[0.921s] -- Symlinking: /workspaces/irobot_workspace/install/share/turtlebot3_description/meshes/sensors/lds.stl
[0.929s] -- Symlinking: /workspaces/irobot_workspace/install/share/turtlebot3_description/meshes/sensors/r200.dae
[0.936s] -- Symlinking: /workspaces/irobot_workspace/install/share/turtlebot3_description/meshes/sensors/r200.jpg
[0.944s] -- Symlinking: /workspaces/irobot_workspace/install/share/turtlebot3_description/meshes/wheels/left_tire.stl
[0.952s] -- Symlinking: /workspaces/irobot_workspace/install/share/turtlebot3_description/meshes/wheels/right_tire.stl
[0.960s] -- Symlinking: /workspaces/irobot_workspace/install/share/turtlebot3_description/rviz/model.rviz
[0.968s] -- Symlinking: /workspaces/irobot_workspace/install/share/turtlebot3_description/urdf/common_properties.urdf
[0.979s] -- Symlinking: /workspaces/irobot_workspace/install/share/turtlebot3_description/urdf/turtlebot3_burger.urdf
[0.983s] -- Symlinking: /workspaces/irobot_workspace/install/share/turtlebot3_description/urdf/turtlebot3_waffle.urdf
[0.991s] -- Symlinking: /workspaces/irobot_workspace/install/share/turtlebot3_description/urdf/turtlebot3_waffle_pi.urdf
[1.000s] -- Symlinking: /workspaces/irobot_workspace/install/share/ament_index/resource_index/package_run_dependencies/turtlebot3_description
[1.009s] -- Symlinking: /workspaces/irobot_workspace/install/share/ament_index/resource_index/parent_prefix_path/turtlebot3_description
[1.017s] -- Symlinking: /workspaces/irobot_workspace/install/share/turtlebot3_description/environment/ament_prefix_path.sh
[1.027s] -- Symlinking: /workspaces/irobot_workspace/install/share/turtlebot3_description/environment/ament_prefix_path.dsv
[1.038s] -- Symlinking: /workspaces/irobot_workspace/install/share/turtlebot3_description/environment/path.sh
[1.046s] -- Symlinking: /workspaces/irobot_workspace/install/share/turtlebot3_description/environment/path.dsv
[1.056s] -- Symlinking: /workspaces/irobot_workspace/install/share/turtlebot3_description/local_setup.bash
[1.064s] -- Symlinking: /workspaces/irobot_workspace/install/share/turtlebot3_description/local_setup.sh
[1.071s] -- Symlinking: /workspaces/irobot_workspace/install/share/turtlebot3_description/local_setup.zsh
[1.080s] -- Symlinking: /workspaces/irobot_workspace/install/share/turtlebot3_description/local_setup.dsv
[1.091s] -- Symlinking: /workspaces/irobot_workspace/install/share/turtlebot3_description/package.dsv
[1.099s] -- Symlinking: /workspaces/irobot_workspace/install/share/ament_index/resource_index/packages/turtlebot3_description
[1.109s] -- Symlinking: /workspaces/irobot_workspace/install/share/turtlebot3_description/cmake/turtlebot3_descriptionConfig.cmake
[1.118s] -- Symlinking: /workspaces/irobot_workspace/install/share/turtlebot3_description/cmake/turtlebot3_descriptionConfig-version.cmake
[1.126s] -- Symlinking: /workspaces/irobot_workspace/install/share/turtlebot3_description/package.xml
[1.322s] Invoked command in '/workspaces/irobot_workspace/build/turtlebot3_description' returned '0': CMAKE_PREFIX_PATH=/opt/ros/humble /usr/bin/cmake --install /workspaces/irobot_workspace/build/turtlebot3_description
