[0.063s] Invoking command in '/workspaces/irobot_workspace/build/turtlebot3': CMAKE_PREFIX_PATH=${CMAKE_PREFIX_PATH}:/opt/ros/humble PYTHONPATH=/workspaces/irobot_workspace/install/lib/python3.10/site-packages:/workspaces/irobot_workspace/build/turtlebot3_example:/workspaces/irobot_workspace/build/turtlebot3_teleop:/workspaces/irobot_workspace/install/local/lib/python3.10/dist-packages:/opt/ros/humble/local/lib/python3.10/dist-packages:/opt/ros/humble/lib/python3.10/site-packages /usr/bin/cmake --build /workspaces/irobot_workspace/build/turtlebot3 -- -j20 -l20
[0.105s] Invoked command in '/workspaces/irobot_workspace/build/turtlebot3' returned '0': CMAKE_PREFIX_PATH=${CMAKE_PREFIX_PATH}:/opt/ros/humble PYTHONPATH=/workspaces/irobot_workspace/install/lib/python3.10/site-packages:/workspaces/irobot_workspace/build/turtlebot3_example:/workspaces/irobot_workspace/build/turtlebot3_teleop:/workspaces/irobot_workspace/install/local/lib/python3.10/dist-packages:/opt/ros/humble/local/lib/python3.10/dist-packages:/opt/ros/humble/lib/python3.10/site-packages /usr/bin/cmake --build /workspaces/irobot_workspace/build/turtlebot3 -- -j20 -l20
[0.130s] Invoking command in '/workspaces/irobot_workspace/build/turtlebot3': CMAKE_PREFIX_PATH=${CMAKE_PREFIX_PATH}:/opt/ros/humble PYTHONPATH=/workspaces/irobot_workspace/install/lib/python3.10/site-packages:/workspaces/irobot_workspace/build/turtlebot3_example:/workspaces/irobot_workspace/build/turtlebot3_teleop:/workspaces/irobot_workspace/install/local/lib/python3.10/dist-packages:/opt/ros/humble/local/lib/python3.10/dist-packages:/opt/ros/humble/lib/python3.10/site-packages /usr/bin/cmake --install /workspaces/irobot_workspace/build/turtlebot3
[0.146s] -- Install configuration: "RelWithDebInfo"
[0.147s] -- Execute custom install script
[0.147s] -- Up-to-date symlink: /workspaces/irobot_workspace/install/share/ament_index/resource_index/package_run_dependencies/turtlebot3
[0.147s] -- Up-to-date symlink: /workspaces/irobot_workspace/install/share/ament_index/resource_index/parent_prefix_path/turtlebot3
[0.147s] -- Up-to-date symlink: /workspaces/irobot_workspace/install/share/turtlebot3/environment/ament_prefix_path.sh
[0.148s] -- Up-to-date symlink: /workspaces/irobot_workspace/install/share/turtlebot3/environment/ament_prefix_path.dsv
[0.148s] -- Up-to-date symlink: /workspaces/irobot_workspace/install/share/turtlebot3/environment/path.sh
[0.148s] -- Up-to-date symlink: /workspaces/irobot_workspace/install/share/turtlebot3/environment/path.dsv
[0.148s] -- Up-to-date symlink: /workspaces/irobot_workspace/install/share/turtlebot3/local_setup.bash
[0.148s] -- Up-to-date symlink: /workspaces/irobot_workspace/install/share/turtlebot3/local_setup.sh
[0.148s] -- Up-to-date symlink: /workspaces/irobot_workspace/install/share/turtlebot3/local_setup.zsh
[0.148s] -- Up-to-date symlink: /workspaces/irobot_workspace/install/share/turtlebot3/local_setup.dsv
[0.148s] -- Symlinking: /workspaces/irobot_workspace/install/share/turtlebot3/package.dsv
[0.156s] -- Up-to-date symlink: /workspaces/irobot_workspace/install/share/ament_index/resource_index/packages/turtlebot3
[0.156s] -- Up-to-date symlink: /workspaces/irobot_workspace/install/share/turtlebot3/cmake/turtlebot3Config.cmake
[0.156s] -- Up-to-date symlink: /workspaces/irobot_workspace/install/share/turtlebot3/cmake/turtlebot3Config-version.cmake
[0.156s] -- Up-to-date symlink: /workspaces/irobot_workspace/install/share/turtlebot3/package.xml
[0.158s] Invoked command in '/workspaces/irobot_workspace/build/turtlebot3' returned '0': CMAKE_PREFIX_PATH=${CMAKE_PREFIX_PATH}:/opt/ros/humble PYTHONPATH=/workspaces/irobot_workspace/install/lib/python3.10/site-packages:/workspaces/irobot_workspace/build/turtlebot3_example:/workspaces/irobot_workspace/build/turtlebot3_teleop:/workspaces/irobot_workspace/install/local/lib/python3.10/dist-packages:/opt/ros/humble/local/lib/python3.10/dist-packages:/opt/ros/humble/lib/python3.10/site-packages /usr/bin/cmake --install /workspaces/irobot_workspace/build/turtlebot3
