[0.032s] Invoking command in '/workspaces/irobot_workspace/build/dynamixel_sdk_examples': AMENT_PREFIX_PATH=/workspaces/irobot_workspace/install:${AMENT_PREFIX_PATH} CMAKE_PREFIX_PATH=/workspaces/irobot_workspace/install:/opt/ros/humble LD_LIBRARY_PATH=/workspaces/irobot_workspace/install/lib:${LD_LIBRARY_PATH} PYTHONPATH=/workspaces/irobot_workspace/install/local/lib/python3.10/dist-packages:/workspaces/irobot_workspace/install/lib/python3.10/site-packages:${PYTHONPATH} /usr/bin/cmake /workspaces/irobot_workspace/src/DynamixelSDK/dynamixel_sdk_examples -DCMAKE_BUILD_TYPE=RelWithDebInfo -DCMAKE_EXPORT_COMPILE_COMMANDS=On -Wall -Wextra -Wpedantic -DAMENT_CMAKE_SYMLINK_INSTALL=1 -DCMAKE_INSTALL_PREFIX=/workspaces/irobot_workspace/install
[0.066s] -- The C compiler identification is GNU 11.4.0
[0.113s] -- The CXX compiler identification is GNU 11.4.0
[0.118s] -- Detecting C compiler ABI info
[0.166s] -- Detecting C compiler ABI info - done
[0.171s] -- Check for working C compiler: /usr/bin/cc - skipped
[0.171s] -- Detecting C compile features
[0.171s] -- Detecting C compile features - done
[0.173s] -- Detecting CXX compiler ABI info
[0.228s] -- Detecting CXX compiler ABI info - done
[0.232s] -- Check for working CXX compiler: /usr/bin/c++ - skipped
[0.233s] -- Detecting CXX compile features
[0.233s] -- Detecting CXX compile features - done
[0.236s] -- Found ament_cmake: 1.3.7 (/opt/ros/humble/share/ament_cmake/cmake)
[0.335s] -- Found Python3: /usr/bin/python3.10 (found version "3.10.12") found components: Interpreter 
[0.379s] -- Override CMake install command with custom implementation using symlinks instead of copying resources
[0.402s] -- Found dynamixel_sdk: 3.7.60 (/workspaces/irobot_workspace/install/share/dynamixel_sdk/cmake)
[0.402s] -- Found dynamixel_sdk_custom_interfaces: 3.7.60 (/workspaces/irobot_workspace/install/share/dynamixel_sdk_custom_interfaces/cmake)
[0.433s] -- Found rosidl_generator_c: 3.1.5 (/opt/ros/humble/share/rosidl_generator_c/cmake)
[0.436s] -- Found rosidl_adapter: 3.1.5 (/opt/ros/humble/share/rosidl_adapter/cmake)
[0.442s] -- Found rosidl_generator_cpp: 3.1.5 (/opt/ros/humble/share/rosidl_generator_cpp/cmake)
[0.451s] -- Using all available rosidl_typesupport_c: rosidl_typesupport_fastrtps_c;rosidl_typesupport_introspection_c
[0.467s] -- Using all available rosidl_typesupport_cpp: rosidl_typesupport_fastrtps_cpp;rosidl_typesupport_introspection_cpp
[0.510s] -- Found rclcpp: 16.0.8 (/opt/ros/humble/share/rclcpp/cmake)
[0.551s] -- Found rmw_implementation_cmake: 6.1.1 (/opt/ros/humble/share/rmw_implementation_cmake/cmake)
[0.554s] -- Found rmw_fastrtps_cpp: 6.2.6 (/opt/ros/humble/share/rmw_fastrtps_cpp/cmake)
[0.620s] -- Found OpenSSL: /usr/lib/x86_64-linux-gnu/libcrypto.so (found version "3.0.2")  
[0.639s] -- Found FastRTPS: /opt/ros/humble/include  
[0.675s] -- Using RMW implementation 'rmw_fastrtps_cpp' as default
[0.683s] -- Looking for pthread.h
[0.740s] -- Looking for pthread.h - found
[0.740s] -- Performing Test CMAKE_HAVE_LIBC_PTHREAD
[0.796s] -- Performing Test CMAKE_HAVE_LIBC_PTHREAD - Success
[0.797s] -- Found Threads: TRUE  
[0.906s] -- Found ament_lint_auto: 0.12.10 (/opt/ros/humble/share/ament_lint_auto/cmake)
[0.986s] -- Added test 'copyright' to check source files copyright and LICENSE
[0.988s] -- Added test 'cppcheck' to perform static code analysis on C / C++ code
[0.988s] -- Configured cppcheck include dirs: /workspaces/irobot_workspace/src/DynamixelSDK/dynamixel_sdk_examples/include
[0.988s] -- Configured cppcheck exclude dirs and/or files: 
[0.988s] -- Added test 'cpplint' to check C / C++ code against the Google style
[0.988s] -- Configured cpplint exclude dirs and/or files: 
[0.989s] -- Added test 'lint_cmake' to check CMake code style
[0.990s] -- Added test 'uncrustify' to check C / C++ code style
[0.990s] -- Configured uncrustify additional arguments: 
[0.991s] -- Added test 'xmllint' to check XML markup files
[0.992s] -- Configuring done
[1.000s] -- Generating done
[1.002s] -- Build files have been written to: /workspaces/irobot_workspace/build/dynamixel_sdk_examples
[1.012s] Invoked command in '/workspaces/irobot_workspace/build/dynamixel_sdk_examples' returned '0': AMENT_PREFIX_PATH=/workspaces/irobot_workspace/install:${AMENT_PREFIX_PATH} CMAKE_PREFIX_PATH=/workspaces/irobot_workspace/install:/opt/ros/humble LD_LIBRARY_PATH=/workspaces/irobot_workspace/install/lib:${LD_LIBRARY_PATH} PYTHONPATH=/workspaces/irobot_workspace/install/local/lib/python3.10/dist-packages:/workspaces/irobot_workspace/install/lib/python3.10/site-packages:${PYTHONPATH} /usr/bin/cmake /workspaces/irobot_workspace/src/DynamixelSDK/dynamixel_sdk_examples -DCMAKE_BUILD_TYPE=RelWithDebInfo -DCMAKE_EXPORT_COMPILE_COMMANDS=On -Wall -Wextra -Wpedantic -DAMENT_CMAKE_SYMLINK_INSTALL=1 -DCMAKE_INSTALL_PREFIX=/workspaces/irobot_workspace/install
[1.013s] Invoking command in '/workspaces/irobot_workspace/build/dynamixel_sdk_examples': AMENT_PREFIX_PATH=/workspaces/irobot_workspace/install:${AMENT_PREFIX_PATH} CMAKE_PREFIX_PATH=/workspaces/irobot_workspace/install:/opt/ros/humble LD_LIBRARY_PATH=/workspaces/irobot_workspace/install/lib:${LD_LIBRARY_PATH} PYTHONPATH=/workspaces/irobot_workspace/install/local/lib/python3.10/dist-packages:/workspaces/irobot_workspace/install/lib/python3.10/site-packages:${PYTHONPATH} /usr/bin/cmake --build /workspaces/irobot_workspace/build/dynamixel_sdk_examples -- -j20 -l20
[1.048s] [ 50%] [32mBuilding CXX object CMakeFiles/read_write_node.dir/src/read_write_node.cpp.o[0m
[170.183s] [100%] [32m[1mLinking CXX executable read_write_node[0m
[170.430s] [100%] Built target read_write_node
[170.541s] Invoked command in '/workspaces/irobot_workspace/build/dynamixel_sdk_examples' returned '0': AMENT_PREFIX_PATH=/workspaces/irobot_workspace/install:${AMENT_PREFIX_PATH} CMAKE_PREFIX_PATH=/workspaces/irobot_workspace/install:/opt/ros/humble LD_LIBRARY_PATH=/workspaces/irobot_workspace/install/lib:${LD_LIBRARY_PATH} PYTHONPATH=/workspaces/irobot_workspace/install/local/lib/python3.10/dist-packages:/workspaces/irobot_workspace/install/lib/python3.10/site-packages:${PYTHONPATH} /usr/bin/cmake --build /workspaces/irobot_workspace/build/dynamixel_sdk_examples -- -j20 -l20
[170.604s] Invoking command in '/workspaces/irobot_workspace/build/dynamixel_sdk_examples': AMENT_PREFIX_PATH=/workspaces/irobot_workspace/install:${AMENT_PREFIX_PATH} CMAKE_PREFIX_PATH=/workspaces/irobot_workspace/install:/opt/ros/humble LD_LIBRARY_PATH=/workspaces/irobot_workspace/install/lib:${LD_LIBRARY_PATH} PYTHONPATH=/workspaces/irobot_workspace/install/local/lib/python3.10/dist-packages:/workspaces/irobot_workspace/install/lib/python3.10/site-packages:${PYTHONPATH} /usr/bin/cmake --install /workspaces/irobot_workspace/build/dynamixel_sdk_examples
[170.608s] -- Install configuration: "RelWithDebInfo"
[170.608s] -- Execute custom install script
[170.609s] -- Symlinking: /workspaces/irobot_workspace/install/lib/dynamixel_sdk_examples/read_write_node
[170.613s] -- Symlinking: /workspaces/irobot_workspace/install/share/ament_index/resource_index/package_run_dependencies/dynamixel_sdk_examples
[170.619s] -- Symlinking: /workspaces/irobot_workspace/install/share/ament_index/resource_index/parent_prefix_path/dynamixel_sdk_examples
[170.630s] -- Symlinking: /workspaces/irobot_workspace/install/share/dynamixel_sdk_examples/environment/ament_prefix_path.sh
[170.638s] -- Symlinking: /workspaces/irobot_workspace/install/share/dynamixel_sdk_examples/environment/ament_prefix_path.dsv
[170.645s] -- Symlinking: /workspaces/irobot_workspace/install/share/dynamixel_sdk_examples/environment/path.sh
[170.650s] -- Symlinking: /workspaces/irobot_workspace/install/share/dynamixel_sdk_examples/environment/path.dsv
[170.656s] -- Symlinking: /workspaces/irobot_workspace/install/share/dynamixel_sdk_examples/local_setup.bash
[170.661s] -- Symlinking: /workspaces/irobot_workspace/install/share/dynamixel_sdk_examples/local_setup.sh
[170.667s] -- Symlinking: /workspaces/irobot_workspace/install/share/dynamixel_sdk_examples/local_setup.zsh
[170.672s] -- Symlinking: /workspaces/irobot_workspace/install/share/dynamixel_sdk_examples/local_setup.dsv
[170.678s] -- Symlinking: /workspaces/irobot_workspace/install/share/dynamixel_sdk_examples/package.dsv
[170.684s] -- Symlinking: /workspaces/irobot_workspace/install/share/ament_index/resource_index/packages/dynamixel_sdk_examples
[170.691s] -- Symlinking: /workspaces/irobot_workspace/install/share/dynamixel_sdk_examples/cmake/dynamixel_sdk_examplesConfig.cmake
[170.696s] -- Symlinking: /workspaces/irobot_workspace/install/share/dynamixel_sdk_examples/cmake/dynamixel_sdk_examplesConfig-version.cmake
[170.703s] -- Symlinking: /workspaces/irobot_workspace/install/share/dynamixel_sdk_examples/package.xml
[170.727s] Invoked command in '/workspaces/irobot_workspace/build/dynamixel_sdk_examples' returned '0': AMENT_PREFIX_PATH=/workspaces/irobot_workspace/install:${AMENT_PREFIX_PATH} CMAKE_PREFIX_PATH=/workspaces/irobot_workspace/install:/opt/ros/humble LD_LIBRARY_PATH=/workspaces/irobot_workspace/install/lib:${LD_LIBRARY_PATH} PYTHONPATH=/workspaces/irobot_workspace/install/local/lib/python3.10/dist-packages:/workspaces/irobot_workspace/install/lib/python3.10/site-packages:${PYTHONPATH} /usr/bin/cmake --install /workspaces/irobot_workspace/build/dynamixel_sdk_examples
